#
# There is insufficient memory for the Java Runtime Environment to continue.
# Native memory allocation (mmap) failed to map 58720256 bytes for committing reserved memory.
# Possible reasons:
#   The system is out of physical RAM or swap space
#   In 32 bit mode, the process size limit was hit
# Possible solutions:
#   Reduce memory load on the system
#   Increase physical memory or swap space
#   Check if swap backing store is full
#   Use 64 bit Java on a 64 bit OS
#   Decrease Java heap size (-Xmx/-Xms)
#   Decrease number of Java threads
#   Decrease Java thread stack sizes (-Xss)
#   Set larger code cache with -XX:ReservedCodeCacheSize=
# This output file may be truncated or incomplete.
#
#  Out of Memory Error (os_linux.cpp:2673), pid=23394, tid=139718769481472
#
# JRE version: Java(TM) SE Runtime Environment (8.0_45-b14) (build 1.8.0_45-b14)
# Java VM: Java HotSpot(TM) 64-Bit Server VM (25.45-b02 mixed mode linux-amd64 compressed oops)
# Failed to write core dump. Core dumps have been disabled. To enable core dumping, try "ulimit -c unlimited" before starting Java again
#

---------------  T H R E A D  ---------------

Current thread (0x00007f12f4077800):  VMThread [stack: 0x00007f12cf8f9000,0x00007f12cf9fa000] [id=23401]

Stack: [0x00007f12cf8f9000,0x00007f12cf9fa000],  sp=0x00007f12cf9f8060,  free space=1020k
Native frames: (J=compiled Java code, j=interpreted, Vv=VM code, C=native code)
V  [libjvm.so+0xaac99a]  VMError::report_and_die()+0x2ba
V  [libjvm.so+0x4f333b]  report_vm_out_of_memory(char const*, int, unsigned long, VMErrorType, char const*)+0x8b
V  [libjvm.so+0x90e7c3]  os::Linux::commit_memory_impl(char*, unsigned long, bool)+0x103
V  [libjvm.so+0x90ed19]  os::pd_commit_memory(char*, unsigned long, unsigned long, bool)+0x29
V  [libjvm.so+0x90867a]  os::commit_memory(char*, unsigned long, unsigned long, bool)+0x2a
V  [libjvm.so+0x97bac3]  PSVirtualSpace::expand_by(unsigned long)+0x53
V  [libjvm.so+0x96c320]  PSOldGen::expand(unsigned long)+0x170
V  [libjvm.so+0x96c52b]  PSOldGen::resize(unsigned long)+0x1cb
V  [libjvm.so+0x974241]  PSParallelCompact::invoke_no_policy(bool)+0x9d1
V  [libjvm.so+0x979bed]  PSScavenge::invoke()+0x1ad
V  [libjvm.so+0x932050]  ParallelScavengeHeap::failed_mem_allocate(unsigned long)+0x70
V  [libjvm.so+0xaae1d7]  VM_ParallelGCFailedAllocation::doit()+0x97
V  [libjvm.so+0xab59c5]  VM_Operation::evaluate()+0x55
V  [libjvm.so+0xab3d9a]  VMThread::evaluate_operation(VM_Operation*)+0xba
V  [libjvm.so+0xab411e]  VMThread::loop()+0x1ce
V  [libjvm.so+0xab4590]  VMThread::run()+0x70
V  [libjvm.so+0x910de8]  java_start(Thread*)+0x108

VM_Operation (0x00007f12cdabb0c0): ParallelGCFailedAllocation, mode: safepoint, requested by thread 0x00007f129800c000


---------------  P R O C E S S  ---------------

Java Threads: ( => current thread )
  0x00007f129800a800 JavaThread "Cancel handler" [_thread_blocked, id=23853, stack(0x00007f12cdcbf000,0x00007f12cddc0000)]
  0x00007f129800d800 JavaThread "Handler for socket connection from /127.0.0.1:56598 to /127.0.0.1:59078" [_thread_in_native, id=23852, stack(0x00007f12cd8bd000,0x00007f12cd9be000)]
  0x00007f129800c000 JavaThread "Daemon worker Thread 2" [_thread_blocked, id=23805, stack(0x00007f12cd9be000,0x00007f12cdabf000)]
  0x00007f12a4005000 JavaThread "Daemon Thread 2" [_thread_blocked, id=23802, stack(0x00007f12cddc0000,0x00007f12cdec1000)]
  0x00007f1294957800 JavaThread "File lock request listener" [_thread_in_native, id=23422, stack(0x00007f12ccc09000,0x00007f12ccd0a000)]
  0x00007f12f4af2000 JavaThread "Incoming local TCP Connector on port 56598" [_thread_in_native, id=23411, stack(0x00007f12cdec1000,0x00007f12cdfc2000)]
  0x00007f12f40c2000 JavaThread "Service Thread" daemon [_thread_blocked, id=23408, stack(0x00007f12cef29000,0x00007f12cf02a000)]
  0x00007f12f40bd000 JavaThread "C1 CompilerThread2" daemon [_thread_blocked, id=23407, stack(0x00007f12cf02a000,0x00007f12cf12b000)]
  0x00007f12f40bb800 JavaThread "C2 CompilerThread1" daemon [_thread_blocked, id=23406, stack(0x00007f12cf12b000,0x00007f12cf22c000)]
  0x00007f12f40b8800 JavaThread "C2 CompilerThread0" daemon [_thread_blocked, id=23405, stack(0x00007f12cf22c000,0x00007f12cf32d000)]
  0x00007f12f40b7000 JavaThread "Signal Dispatcher" daemon [_thread_blocked, id=23404, stack(0x00007f12cf32d000,0x00007f12cf42e000)]
  0x00007f12f407f000 JavaThread "Finalizer" daemon [_thread_blocked, id=23403, stack(0x00007f12cf6f7000,0x00007f12cf7f8000)]
  0x00007f12f407d000 JavaThread "Reference Handler" daemon [_thread_blocked, id=23402, stack(0x00007f12cf7f8000,0x00007f12cf8f9000)]
  0x00007f12f400a000 JavaThread "main" [_thread_blocked, id=23396, stack(0x00007f12fc5b7000,0x00007f12fc6b8000)]

Other Threads:
=>0x00007f12f4077800 VMThread [stack: 0x00007f12cf8f9000,0x00007f12cf9fa000] [id=23401]
  0x00007f12f40c4800 WatcherThread [stack: 0x00007f12cee28000,0x00007f12cef29000] [id=23409]

VM state:at safepoint (normal execution)

VM Mutex/Monitor currently owned by a thread:  ([mutex/lock_event])
[0x00007f12f4005de0] ExpandHeap_lock - owner thread: 0x00007f12f4077800
[0x00007f12f4006460] Threads_lock - owner thread: 0x00007f12f4077800
[0x00007f12f4006960] Heap_lock - owner thread: 0x00007f129800c000

Heap:
 PSYoungGen      total 239616K, used 17110K [0x00000000d5580000, 0x00000000e6100000, 0x0000000100000000)
  eden space 212992K, 8% used [0x00000000d5580000,0x00000000d66359c0,0x00000000e2580000)
  from space 26624K, 0% used [0x00000000e4200000,0x00000000e4200000,0x00000000e5c00000)
  to   space 29184K, 0% used [0x00000000e2580000,0x00000000e2580000,0x00000000e4200000)
 ParOldGen       total 67584K, used 67526K [0x0000000080000000, 0x0000000084200000, 0x00000000d5580000)
  object space 67584K, 99% used [0x0000000080000000,0x00000000841f18d8,0x0000000084200000)
 Metaspace       used 64018K, capacity 67000K, committed 67200K, reserved 1105920K
  class space    used 8871K, capacity 10062K, committed 10112K, reserved 1048576K

Card table byte_map: [0x00007f12f8f96000,0x00007f12f9397000] byte_map_base: 0x00007f12f8b96000

Marking Bits: (ParMarkBitMap*) 0x00007f12fba94760
 Begin Bits: [0x00007f12dc000000, 0x00007f12de000000)
 End Bits:   [0x00007f12de000000, 0x00007f12e0000000)

Polling page: 0x00007f12fc6db000

CodeCache: size=245760Kb used=25184Kb max_used=25192Kb free=220576Kb
 bounds [0x00007f12e5000000, 0x00007f12e68c0000, 0x00007f12f4000000]
 total_blobs=7397 nmethods=6712 adapters=598
 compilation: enabled

Compilation events (10 events):
Event: 1115.739 Thread 0x00007f12f40bd000 nmethod 8257 0x00007f12e6108590 code [0x00007f12e61086e0, 0x00007f12e6108830]
Event: 1115.739 Thread 0x00007f12f40bd000 8259       1       org.gradle.logging.internal.ProgressCompleteEvent::getStatus (5 bytes)
Event: 1115.739 Thread 0x00007f12f40bd000 nmethod 8259 0x00007f12e61082d0 code [0x00007f12e6108420, 0x00007f12e6108530]
Event: 1115.740 Thread 0x00007f12f40bd000 8260       3       com.google.common.collect.Lists::newArrayList (8 bytes)
Event: 1115.740 Thread 0x00007f12f40b8800 8261       4       org.codehaus.groovy.reflection.ClassInfo::isValidWeakMetaClass (32 bytes)
Event: 1115.741 Thread 0x00007f12f40b8800 nmethod 8261 0x00007f12e6105310 code [0x00007f12e6105460, 0x00007f12e6105538]
Event: 1115.741 Thread 0x00007f12f40bd000 nmethod 8260 0x00007f12e6107cd0 code [0x00007f12e6107e60, 0x00007f12e6108170]
Event: 1122.528 Thread 0x00007f12f40bd000 8262       3       com.google.common.base.Preconditions::checkArgument (13 bytes)
Event: 1122.672 Thread 0x00007f12f40bb800 8263       4       org.gradle.util.CollectionUtils::join (95 bytes)
Event: 1122.766 Thread 0x00007f12f40bd000 nmethod 8262 0x00007f12e6107850 code [0x00007f12e61079c0, 0x00007f12e6107be8]

GC Heap History (10 events):
Event: 15.828 GC heap after
Heap after GC invocations=12 (full 2):
 PSYoungGen      total 193536K, used 17907K [0x00000000d5580000, 0x00000000e3480000, 0x0000000100000000)
  eden space 175616K, 0% used [0x00000000d5580000,0x00000000d5580000,0x00000000e0100000)
  from space 17920K, 99% used [0x00000000e1800000,0x00000000e297cff0,0x00000000e2980000)
  to   space 23552K, 0% used [0x00000000e0100000,0x00000000e0100000,0x00000000e1800000)
 ParOldGen       total 67584K, used 32875K [0x0000000080000000, 0x0000000084200000, 0x00000000d5580000)
  object space 67584K, 48% used [0x0000000080000000,0x000000008201af98,0x0000000084200000)
 Metaspace       used 46680K, capacity 48340K, committed 48640K, reserved 1091584K
  class space    used 6435K, capacity 7122K, committed 7168K, reserved 1048576K
}
Event: 15.828 GC heap before
{Heap before GC invocations=13 (full 3):
 PSYoungGen      total 193536K, used 17907K [0x00000000d5580000, 0x00000000e3480000, 0x0000000100000000)
  eden space 175616K, 0% used [0x00000000d5580000,0x00000000d5580000,0x00000000e0100000)
  from space 17920K, 99% used [0x00000000e1800000,0x00000000e297cff0,0x00000000e2980000)
  to   space 23552K, 0% used [0x00000000e0100000,0x00000000e0100000,0x00000000e1800000)
 ParOldGen       total 67584K, used 32875K [0x0000000080000000, 0x0000000084200000, 0x00000000d5580000)
  object space 67584K, 48% used [0x0000000080000000,0x000000008201af98,0x0000000084200000)
 Metaspace       used 46680K, capacity 48340K, committed 48640K, reserved 1091584K
  class space    used 6435K, capacity 7122K, committed 7168K, reserved 1048576K
Event: 16.087 GC heap after
Heap after GC invocations=13 (full 3):
 PSYoungGen      total 193536K, used 0K [0x00000000d5580000, 0x00000000e3480000, 0x0000000100000000)
  eden space 175616K, 0% used [0x00000000d5580000,0x00000000d5580000,0x00000000e0100000)
  from space 17920K, 0% used [0x00000000e1800000,0x00000000e1800000,0x00000000e2980000)
  to   space 23552K, 0% used [0x00000000e0100000,0x00000000e0100000,0x00000000e1800000)
 ParOldGen       total 67584K, used 43697K [0x0000000080000000, 0x0000000084200000, 0x00000000d5580000)
  object space 67584K, 64% used [0x0000000080000000,0x0000000082aac4b0,0x0000000084200000)
 Metaspace       used 46680K, capacity 48340K, committed 48640K, reserved 1091584K
  class space    used 6435K, capacity 7122K, committed 7168K, reserved 1048576K
}
Event: 840.367 GC heap before
{Heap before GC invocations=14 (full 3):
 PSYoungGen      total 193536K, used 175616K [0x00000000d5580000, 0x00000000e3480000, 0x0000000100000000)
  eden space 175616K, 100% used [0x00000000d5580000,0x00000000e0100000,0x00000000e0100000)
  from space 17920K, 0% used [0x00000000e1800000,0x00000000e1800000,0x00000000e2980000)
  to   space 23552K, 0% used [0x00000000e0100000,0x00000000e0100000,0x00000000e1800000)
 ParOldGen       total 67584K, used 43697K [0x0000000080000000, 0x0000000084200000, 0x00000000d5580000)
  object space 67584K, 64% used [0x0000000080000000,0x0000000082aac4b0,0x0000000084200000)
 Metaspace       used 53911K, capacity 56134K, committed 56320K, reserved 1097728K
  class space    used 7438K, capacity 8340K, committed 8448K, reserved 1048576K
Event: 840.401 GC heap after
Heap after GC invocations=14 (full 3):
 PSYoungGen      total 199168K, used 21321K [0x00000000d5580000, 0x00000000e5c00000, 0x0000000100000000)
  eden space 175616K, 0% used [0x00000000d5580000,0x00000000d5580000,0x00000000e0100000)
  from space 23552K, 90% used [0x00000000e0100000,0x00000000e15d2788,0x00000000e1800000)
  to   space 26624K, 0% used [0x00000000e4200000,0x00000000e4200000,0x00000000e5c00000)
 ParOldGen       total 67584K, used 43705K [0x0000000080000000, 0x0000000084200000, 0x00000000d5580000)
  object space 67584K, 64% used [0x0000000080000000,0x0000000082aae4b0,0x0000000084200000)
 Metaspace       used 53911K, capacity 56134K, committed 56320K, reserved 1097728K
  class space    used 7438K, capacity 8340K, committed 8448K, reserved 1048576K
}
Event: 846.792 GC heap before
{Heap before GC invocations=15 (full 3):
 PSYoungGen      total 199168K, used 127740K [0x00000000d5580000, 0x00000000e5c00000, 0x0000000100000000)
  eden space 175616K, 60% used [0x00000000d5580000,0x00000000dbd6c8a0,0x00000000e0100000)
  from space 23552K, 90% used [0x00000000e0100000,0x00000000e15d2788,0x00000000e1800000)
  to   space 26624K, 0% used [0x00000000e4200000,0x00000000e4200000,0x00000000e5c00000)
 ParOldGen       total 67584K, used 43705K [0x0000000080000000, 0x0000000084200000, 0x00000000d5580000)
  object space 67584K, 64% used [0x0000000080000000,0x0000000082aae4b0,0x0000000084200000)
 Metaspace       used 55962K, capacity 58316K, committed 58368K, reserved 1099776K
  class space    used 7728K, capacity 8692K, committed 8704K, reserved 1048576K
Event: 846.864 GC heap after
Heap after GC invocations=15 (full 3):
 PSYoungGen      total 239616K, used 23299K [0x00000000d5580000, 0x00000000e6100000, 0x0000000100000000)
  eden space 212992K, 0% used [0x00000000d5580000,0x00000000d5580000,0x00000000e2580000)
  from space 26624K, 87% used [0x00000000e4200000,0x00000000e58c0cd8,0x00000000e5c00000)
  to   space 29184K, 0% used [0x00000000e2580000,0x00000000e2580000,0x00000000e4200000)
 ParOldGen       total 67584K, used 43713K [0x0000000080000000, 0x0000000084200000, 0x00000000d5580000)
  object space 67584K, 64% used [0x0000000080000000,0x0000000082ab04b0,0x0000000084200000)
 Metaspace       used 55962K, capacity 58316K, committed 58368K, reserved 1099776K
  class space    used 7728K, capacity 8692K, committed 8704K, reserved 1048576K
}
Event: 846.868 GC heap before
{Heap before GC invocations=16 (full 4):
 PSYoungGen      total 239616K, used 23299K [0x00000000d5580000, 0x00000000e6100000, 0x0000000100000000)
  eden space 212992K, 0% used [0x00000000d5580000,0x00000000d5580000,0x00000000e2580000)
  from space 26624K, 87% used [0x00000000e4200000,0x00000000e58c0cd8,0x00000000e5c00000)
  to   space 29184K, 0% used [0x00000000e2580000,0x00000000e2580000,0x00000000e4200000)
 ParOldGen       total 67584K, used 43713K [0x0000000080000000, 0x0000000084200000, 0x00000000d5580000)
  object space 67584K, 64% used [0x0000000080000000,0x0000000082ab04b0,0x0000000084200000)
 Metaspace       used 55962K, capacity 58316K, committed 58368K, reserved 1099776K
  class space    used 7728K, capacity 8692K, committed 8704K, reserved 1048576K
Event: 847.203 GC heap after
Heap after GC invocations=16 (full 4):
 PSYoungGen      total 239616K, used 0K [0x00000000d5580000, 0x00000000e6100000, 0x0000000100000000)
  eden space 212992K, 0% used [0x00000000d5580000,0x00000000d5580000,0x00000000e2580000)
  from space 26624K, 0% used [0x00000000e4200000,0x00000000e4200000,0x00000000e5c00000)
  to   space 29184K, 0% used [0x00000000e2580000,0x00000000e2580000,0x00000000e4200000)
 ParOldGen       total 67584K, used 64692K [0x0000000080000000, 0x0000000084200000, 0x00000000d5580000)
  object space 67584K, 95% used [0x0000000080000000,0x0000000083f2d148,0x0000000084200000)
 Metaspace       used 55962K, capacity 58316K, committed 58368K, reserved 1099776K
  class space    used 7728K, capacity 8692K, committed 8704K, reserved 1048576K
}
Event: 1122.798 GC heap before
{Heap before GC invocations=17 (full 5):
 PSYoungGen      total 239616K, used 212992K [0x00000000d5580000, 0x00000000e6100000, 0x0000000100000000)
  eden space 212992K, 100% used [0x00000000d5580000,0x00000000e2580000,0x00000000e2580000)
  from space 26624K, 0% used [0x00000000e4200000,0x00000000e4200000,0x00000000e5c00000)
  to   space 29184K, 0% used [0x00000000e2580000,0x00000000e2580000,0x00000000e4200000)
 ParOldGen       total 67584K, used 64692K [0x0000000080000000, 0x0000000084200000, 0x00000000d5580000)
  object space 67584K, 95% used [0x0000000080000000,0x0000000083f2d148,0x0000000084200000)
 Metaspace       used 64018K, capacity 67000K, committed 67200K, reserved 1105920K
  class space    used 8871K, capacity 10062K, committed 10112K, reserved 1048576K

Deoptimization events (10 events):
Event: 843.585 Thread 0x00007f129800c000 Uncommon trap: reason=unstable_if action=reinterpret pc=0x00007f12e626943c method=com.sun.tools.javac.code.Symbol.getRawTypeAttributes()Lcom/sun/tools/javac/util/List; @ 4
Event: 843.585 Thread 0x00007f129800c000 Uncommon trap: reason=class_check action=maybe_recompile pc=0x00007f12e62b7ef8 method=com.sun.tools.javac.jvm.Pool.makePoolValue(Ljava/lang/Object;)Ljava/lang/Object; @ 35
Event: 843.585 Thread 0x00007f129800c000 Uncommon trap: reason=class_check action=maybe_recompile pc=0x00007f12e62b7ef8 method=com.sun.tools.javac.jvm.Pool.makePoolValue(Ljava/lang/Object;)Ljava/lang/Object; @ 35
Event: 843.585 Thread 0x00007f129800c000 Uncommon trap: reason=class_check action=maybe_recompile pc=0x00007f12e62b7ef8 method=com.sun.tools.javac.jvm.Pool.makePoolValue(Ljava/lang/Object;)Ljava/lang/Object; @ 35
Event: 843.585 Thread 0x00007f129800c000 Uncommon trap: reason=class_check action=maybe_recompile pc=0x00007f12e62b7ef8 method=com.sun.tools.javac.jvm.Pool.makePoolValue(Ljava/lang/Object;)Ljava/lang/Object; @ 35
Event: 846.442 Thread 0x00007f129800c000 Uncommon trap: reason=unstable_if action=reinterpret pc=0x00007f12e5db0cc0 method=java.util.Formatter$Flags.parse(Ljava/lang/String;)Ljava/util/Formatter$Flags; @ 19
Event: 846.585 Thread 0x00007f129800c000 Uncommon trap: reason=class_check action=maybe_recompile pc=0x00007f12e5a402d4 method=java.lang.Throwable.<init>(Ljava/lang/String;Ljava/lang/Throwable;)V @ 24
Event: 846.649 Thread 0x00007f129800c000 Uncommon trap: reason=unstable_if action=reinterpret pc=0x00007f12e5bd4524 method=java.util.regex.Pattern.split(Ljava/lang/CharSequence;I)[Ljava/lang/String; @ 255
Event: 846.691 Thread 0x00007f129800c000 Uncommon trap: reason=class_check action=maybe_recompile pc=0x00007f12e5f33dd0 method=java.util.Formatter.format(Ljava/util/Locale;Ljava/lang/String;[Ljava/lang/Object;)Ljava/util/Formatter; @ 76
Event: 888.903 Thread 0x00007f129800c000 Uncommon trap: reason=class_check action=maybe_recompile pc=0x00007f12e5a402d4 method=java.lang.Throwable.<init>(Ljava/lang/String;Ljava/lang/Throwable;)V @ 24

Internal exceptions (10 events):
Event: 1109.367 Thread 0x00007f129800c000 Exception <a 'java/lang/ClassNotFoundException': com/android/builder/profile/ExecutionRecordBeanInfo> (0x00000000e1d59b88) thrown at [/RE-WORK/workspace/8-2-build-linux-amd64/jdk8u45/3457/hotspot/src/share/vm/classfile/systemDictionary.cpp, line 210]
Event: 1109.367 Thread 0x00007f129800c000 Exception <a 'java/lang/ClassNotFoundException': com/android/builder/profile/ExecutionRecordCustomizer> (0x00000000e1d65460) thrown at [/RE-WORK/workspace/8-2-build-linux-amd64/jdk8u45/3457/hotspot/src/share/vm/classfile/systemDictionary.cpp, line 210]
Event: 1114.674 Thread 0x00007f129800c000 Exception <a 'java/lang/ClassNotFoundException': com/android/builder/core/AndroidBuilderBeanInfo> (0x00000000e2066e80) thrown at [/RE-WORK/workspace/8-2-build-linux-amd64/jdk8u45/3457/hotspot/src/share/vm/classfile/systemDictionary.cpp, line 210]
Event: 1114.675 Thread 0x00007f129800c000 Exception <a 'java/lang/ClassNotFoundException': com/android/builder/core/AndroidBuilderCustomizer> (0x00000000e2072078) thrown at [/RE-WORK/workspace/8-2-build-linux-amd64/jdk8u45/3457/hotspot/src/share/vm/classfile/systemDictionary.cpp, line 210]
Event: 1114.681 Thread 0x00007f129800c000 Exception <a 'java/lang/ClassNotFoundException': com/android/builder/sdk/TargetInfoBeanInfo> (0x00000000e20d6b58) thrown at [/RE-WORK/workspace/8-2-build-linux-amd64/jdk8u45/3457/hotspot/src/share/vm/classfile/systemDictionary.cpp, line 210]
Event: 1114.681 Thread 0x00007f129800c000 Exception <a 'java/lang/ClassNotFoundException': com/android/builder/sdk/TargetInfoCustomizer> (0x00000000e20e1408) thrown at [/RE-WORK/workspace/8-2-build-linux-amd64/jdk8u45/3457/hotspot/src/share/vm/classfile/systemDictionary.cpp, line 210]
Event: 1114.682 Thread 0x00007f129800c000 Exception <a 'java/lang/ClassNotFoundException': com/android/sdklib/BuildToolInfoBeanInfo> (0x00000000e2100f88) thrown at [/RE-WORK/workspace/8-2-build-linux-amd64/jdk8u45/3457/hotspot/src/share/vm/classfile/systemDictionary.cpp, line 210]
Event: 1114.682 Thread 0x00007f129800c000 Exception <a 'java/lang/ClassNotFoundException': com/android/sdklib/BuildToolInfoCustomizer> (0x00000000e210ab40) thrown at [/RE-WORK/workspace/8-2-build-linux-amd64/jdk8u45/3457/hotspot/src/share/vm/classfile/systemDictionary.cpp, line 210]
Event: 1114.825 Thread 0x00007f129800c000 Exception <a 'java/lang/ClassNotFoundException': com/android/build/gradle/internal/core/MergedNdkConfigBeanInfo> (0x00000000e21901c0) thrown at [/RE-WORK/workspace/8-2-build-linux-amd64/jdk8u45/3457/hotspot/src/share/vm/classfile/systemDictionary.cpp, lin
Event: 1114.826 Thread 0x00007f129800c000 Exception <a 'java/lang/ClassNotFoundException': com/android/build/gradle/internal/core/MergedNdkConfigCustomizer> (0x00000000e219d210) thrown at [/RE-WORK/workspace/8-2-build-linux-amd64/jdk8u45/3457/hotspot/src/share/vm/classfile/systemDictionary.cpp, l

Events (10 events):
Event: 1114.825 loading class groovy/runtime/metaclass/com/android/build/gradle/internal/core/MergedNdkConfigMetaClass done
Event: 1114.825 loading class com/android/build/gradle/internal/core/MergedNdkConfigBeanInfo
Event: 1114.825 loading class com/android/build/gradle/internal/core/MergedNdkConfigBeanInfo done
Event: 1114.825 loading class com/android/build/gradle/internal/core/MergedNdkConfigBeanInfo
Event: 1114.825 loading class com/android/build/gradle/internal/core/MergedNdkConfigBeanInfo done
Event: 1114.826 loading class com/android/build/gradle/internal/core/MergedNdkConfigCustomizer
Event: 1114.826 loading class com/android/build/gradle/internal/core/MergedNdkConfigCustomizer done
Event: 1114.826 loading class com/android/build/gradle/internal/core/MergedNdkConfigCustomizer
Event: 1114.826 loading class com/android/build/gradle/internal/core/MergedNdkConfigCustomizer done
Event: 1122.770 Executing VM operation: ParallelGCFailedAllocation


Dynamic libraries:
00400000-00401000 r-xp 00000000 08:03 1572315                            /opt/java/jdk1.8.0_45/bin/java
00600000-00601000 rw-p 00000000 08:03 1572315                            /opt/java/jdk1.8.0_45/bin/java
01149000-0116a000 rw-p 00000000 00:00 0                                  [heap]
80000000-84200000 rw-p 00000000 00:00 0 
87a00000-d5580000 ---p 00000000 00:00 0 
d5580000-e6100000 rw-p 00000000 00:00 0 
e6100000-100000000 ---p 00000000 00:00 0 
100000000-1009e0000 rw-p 00000000 00:00 0 
1009e0000-140000000 ---p 00000000 00:00 0 
7f1268000000-7f1268021000 rw-p 00000000 00:00 0 
7f1268021000-7f126c000000 ---p 00000000 00:00 0 
7f1270000000-7f1270021000 rw-p 00000000 00:00 0 
7f1270021000-7f1274000000 ---p 00000000 00:00 0 
7f1274000000-7f1274021000 rw-p 00000000 00:00 0 
7f1274021000-7f1278000000 ---p 00000000 00:00 0 
7f1278000000-7f1278021000 rw-p 00000000 00:00 0 
7f1278021000-7f127c000000 ---p 00000000 00:00 0 
7f127c000000-7f127c021000 rw-p 00000000 00:00 0 
7f127c021000-7f1280000000 ---p 00000000 00:00 0 
7f1280000000-7f1280021000 rw-p 00000000 00:00 0 
7f1280021000-7f1284000000 ---p 00000000 00:00 0 
7f1284000000-7f1284021000 rw-p 00000000 00:00 0 
7f1284021000-7f1288000000 ---p 00000000 00:00 0 
7f1288000000-7f1288021000 rw-p 00000000 00:00 0 
7f1288021000-7f128c000000 ---p 00000000 00:00 0 
7f128c000000-7f128c021000 rw-p 00000000 00:00 0 
7f128c021000-7f1290000000 ---p 00000000 00:00 0 
7f1290000000-7f1290021000 rw-p 00000000 00:00 0 
7f1290021000-7f1294000000 ---p 00000000 00:00 0 
7f1294000000-7f12950bb000 rw-p 00000000 00:00 0 
7f12950bb000-7f1298000000 ---p 00000000 00:00 0 
7f1298000000-7f1298021000 rw-p 00000000 00:00 0 
7f1298021000-7f129c000000 ---p 00000000 00:00 0 
7f129c000000-7f129c588000 rw-p 00000000 00:00 0 
7f129c588000-7f12a0000000 ---p 00000000 00:00 0 
7f12a0000000-7f12a0021000 rw-p 00000000 00:00 0 
7f12a0021000-7f12a4000000 ---p 00000000 00:00 0 
7f12a4000000-7f12a402c000 rw-p 00000000 00:00 0 
7f12a402c000-7f12a8000000 ---p 00000000 00:00 0 
7f12a8000000-7f12a9816000 rw-p 00000000 00:00 0 
7f12a9816000-7f12ac000000 ---p 00000000 00:00 0 
7f12ae0d6000-7f12ae296000 rw-p 00000000 00:00 0 
7f12ae296000-7f12ae2d6000 ---p 00000000 00:00 0 
7f12ae2d6000-7f12ae4d6000 rw-p 00000000 00:00 0 
7f12ae4d6000-7f12ae6d6000 rw-p 00000000 00:00 0 
7f12ae6d6000-7f12ae8d6000 rw-p 00000000 00:00 0 
7f12ae8d6000-7f12aead6000 rw-p 00000000 00:00 0 
7f12aead6000-7f12aecd6000 rw-p 00000000 00:00 0 
7f12aecd6000-7f12aeed6000 rw-p 00000000 00:00 0 
7f12aeed6000-7f12aeed9000 ---p 00000000 00:00 0 
7f12aeed9000-7f12af1d7000 rw-p 00000000 00:00 0 
7f12af1d7000-7f12af3d7000 rw-p 00000000 00:00 0 
7f12af3fc000-7f12af5fc000 rw-p 00000000 00:00 0 
7f12af5fc000-7f12af7fc000 rw-p 00000000 00:00 0 
7f12af7fc000-7f12af7ff000 ---p 00000000 00:00 0 
7f12af7ff000-7f12af8fd000 rw-p 00000000 00:00 0 
7f12af8fd000-7f12af900000 ---p 00000000 00:00 0 
7f12af900000-7f12af9fe000 rw-p 00000000 00:00 0 
7f12af9fe000-7f12afa01000 ---p 00000000 00:00 0 
7f12afa01000-7f12afaff000 rw-p 00000000 00:00 0 
7f12afaff000-7f12afb02000 ---p 00000000 00:00 0 
7f12afb02000-7f12afe00000 rw-p 00000000 00:00 0 
7f12afe00000-7f12b0000000 rw-p 00000000 00:00 0 
7f12b0000000-7f12b0af9000 rw-p 00000000 00:00 0 
7f12b0af9000-7f12b4000000 ---p 00000000 00:00 0 
7f12b4000000-7f12b4021000 rw-p 00000000 00:00 0 
7f12b4021000-7f12b8000000 ---p 00000000 00:00 0 
7f12b8000000-7f12b8021000 rw-p 00000000 00:00 0 
7f12b8021000-7f12bc000000 ---p 00000000 00:00 0 
7f12bc000000-7f12bdfdd000 rw-p 00000000 00:00 0 
7f12bdfdd000-7f12c0000000 ---p 00000000 00:00 0 
7f12c0000000-7f12c0021000 rw-p 00000000 00:00 0 
7f12c0021000-7f12c4000000 ---p 00000000 00:00 0 
7f12c4000000-7f12c4021000 rw-p 00000000 00:00 0 
7f12c4021000-7f12c8000000 ---p 00000000 00:00 0 
7f12c8000000-7f12c8383000 rw-p 00000000 00:00 0 
7f12c8383000-7f12cc000000 ---p 00000000 00:00 0 
7f12cc007000-7f12cc008000 rw-p 00000000 00:00 0 
7f12cc008000-7f12cc00b000 ---p 00000000 00:00 0 
7f12cc00b000-7f12cc109000 rw-p 00000000 00:00 0 
7f12cc109000-7f12cc11c000 r--s 00344000 08:03 1573837                    /opt/java/jdk1.8.0_45/jre/lib/resources.jar
7f12cc11c000-7f12cc31c000 rw-p 00000000 00:00 0 
7f12cc31c000-7f12cc51c000 rw-p 00000000 00:00 0 
7f12cc51c000-7f12cc71c000 rw-p 00000000 00:00 0 
7f12cc71c000-7f12cc91c000 rw-p 00000000 00:00 0 
7f12cc91c000-7f12cc91e000 r--s 0000d000 08:03 1570410                    /opt/android-studio/gradle/m2repository/commons-codec/commons-codec/1.4/commons-codec-1.4.jar
7f12cc91e000-7f12cc920000 r--s 0000d000 08:03 1570191                    /opt/android-studio/gradle/m2repository/commons-logging/commons-logging/1.1.1/commons-logging-1.1.1.jar
7f12cc920000-7f12cc925000 r--s 00028000 08:03 1444497                    /opt/android-studio/gradle/m2repository/org/apache/httpcomponents/httpcore/4.1/httpcore-4.1.jar
7f12cc925000-7f12cc92d000 r--s 000a8000 08:03 1570235                    /opt/android-studio/gradle/m2repository/com/android/tools/external/lombok/lombok-ast/0.2.3/lombok-ast-0.2.3.jar
7f12cc92d000-7f12cc92e000 r--s 0000a000 08:03 1570387                    /opt/android-studio/gradle/m2repository/net/sf/kxml/kxml2/2.3.0/kxml2-2.3.0.jar
7f12cc92e000-7f12cc92f000 r--s 00005000 08:03 1570209                    /opt/android-studio/gradle/m2repository/com/android/tools/dvlib/24.2.3/dvlib-24.2.3.jar
7f12cc92f000-7f12cc936000 r--s 00053000 08:03 1444515                    /opt/android-studio/gradle/m2repository/org/apache/commons/commons-compress/1.8.1/commons-compress-1.8.1.jar
7f12cc936000-7f12cc938000 r--s 00005000 08:03 1444503                    /opt/android-studio/gradle/m2repository/org/apache/httpcomponents/httpmime/4.1/httpmime-4.1.jar
7f12cc938000-7f12cc940000 r--s 0004e000 08:03 1444482                    /opt/android-studio/gradle/m2repository/org/apache/httpcomponents/httpclient/4.1.1/httpclient-4.1.1.jar
7f12cc940000-7f12cc943000 r--s 00012000 08:03 1570296                    /opt/android-studio/gradle/m2repository/com/android/tools/layoutlib/layoutlib-api/24.2.3/layoutlib-api-24.2.3.jar
7f12cc943000-7f12cc944000 r--s 00001000 08:03 1570314                    /opt/android-studio/gradle/m2repository/com/android/tools/annotations/24.2.3/annotations-24.2.3.jar
7f12cc944000-7f12cc96f000 r--s 001f9000 08:03 1570373                    /opt/android-studio/gradle/m2repository/com/google/guava/guava/17.0/guava-17.0.jar
7f12cc96f000-7f12cc970000 r--s 00004000 08:03 1444544                    /opt/android-studio/gradle/m2repository/org/ow2/asm/asm-analysis/5.0.3/asm-analysis-5.0.3.jar
7f12cc970000-7f12cc973000 r--s 0002b000 08:03 1570341                    /opt/android-studio/gradle/m2repository/com/android/tools/lint/lint-api/24.2.3/lint-api-24.2.3.jar
7f12cc973000-7f12cc981000 r--s 00081000 08:03 1444524                    /opt/android-studio/gradle/m2repository/org/bouncycastle/bcpkix-jdk15on/1.48/bcpkix-jdk15on-1.48.jar
7f12cc981000-7f12cc986000 r--s 0002a000 08:03 1570378                    /opt/android-studio/gradle/m2repository/com/google/code/gson/gson/2.2.4/gson-2.2.4.jar
7f12cc986000-7f12cc987000 r--s 0000c000 08:03 1570168                    /opt/android-studio/gradle/m2repository/org/ow2/asm/asm/5.0.3/asm-5.0.3.jar
7f12cc987000-7f12cc98c000 r--s 00042000 08:03 1570198                    /opt/android-studio/gradle/m2repository/com/android/tools/ddms/ddmlib/24.2.3/ddmlib-24.2.3.jar
7f12cc98c000-7f12cc990000 r--s 00029000 08:03 1570285                    /opt/android-studio/gradle/m2repository/com/android/tools/build/manifest-merger/24.2.3/manifest-merger-24.2.3.jar
7f12cc990000-7f12cc99a000 r--s 000a9000 08:03 1570304                    /opt/android-studio/gradle/m2repository/com/android/tools/sdklib/24.2.3/sdklib-24.2.3.jar
7f12cc99a000-7f12cc99c000 r--s 00004000 08:03 1570248                    /opt/android-studio/gradle/m2repository/com/android/tools/build/builder-model/1.2.3/builder-model-1.2.3.jar
7f12cc99c000-7f12cc99e000 r--s 00012000 08:03 1570322                    /opt/android-studio/gradle/m2repository/com/android/tools/common/24.2.3/common-24.2.3.jar
7f12cc99e000-7f12cc9a0000 r--s 00002000 08:03 1570362                    /opt/android-studio/gradle/m2repository/com/squareup/javawriter/2.5.0/javawriter-2.5.0.jar
7f12cc9a0000-7f12cc9a2000 r--s 00006000 08:03 1570155                    /opt/android-studio/gradle/m2repository/org/ow2/asm/asm-tree/5.0.3/asm-tree-5.0.3.jar
7f12cc9a2000-7f12cc9a3000 r--s 00002000 08:03 1570241                    /opt/android-studio/gradle/m2repository/com/android/tools/build/builder-test-api/1.2.3/builder-test-api-1.2.3.jar
7f12cc9a3000-7f12cc9a9000 r--s 0005f000 08:03 1570217                    /opt/android-studio/gradle/m2repository/com/android/tools/sdk-common/24.2.3/sdk-common-24.2.3.jar
7f12cc9a9000-7f12cc9dc000 r--s 00203000 08:03 1444527                    /opt/android-studio/gradle/m2repository/org/bouncycastle/bcprov-jdk15on/1.48/bcprov-jdk15on-1.48.jar
7f12cc9dc000-7f12cc9e2000 r--s 00093000 08:03 1570331                    /opt/android-studio/gradle/m2repository/com/android/tools/lint/lint-checks/24.2.3/lint-checks-24.2.3.jar
7f12cc9e2000-7f12cc9f4000 r--s 00220000 08:03 1570181                    /opt/android-studio/gradle/m2repository/org/eclipse/jdt/core/compiler/ecj/4.4/ecj-4.4.jar
7f12cc9f4000-7f12cca04000 r--s 000d3000 08:03 1570396                    /opt/android-studio/gradle/m2repository/net/sf/proguard/proguard-base/5.1/proguard-base-5.1.jar
7f12cca04000-7f12cca09000 r--s 00039000 08:03 1570275                    /opt/android-studio/gradle/m2repository/com/android/tools/build/builder/1.2.3/builder-1.2.3.jar
7f12cca09000-7f12ccc09000 rw-p 00000000 00:00 0 
7f12ccc09000-7f12ccc0c000 ---p 00000000 00:00 0 
7f12ccc0c000-7f12ccf0a000 rw-p 00000000 00:00 0                          [stack:23422]
7f12ccf0a000-7f12cd10a000 rw-p 00000000 00:00 0 
7f12cd10a000-7f12cd10d000 ---p 00000000 00:00 0 
7f12cd10d000-7f12cd343000 rw-p 00000000 00:00 0 
7f12cd343000-7f12cd543000 rw-p 00000000 00:00 0 
7f12cd543000-7f12cd743000 rw-p 00000000 00:00 0 
7f12cd743000-7f12cd7bc000 r--s 010e7000 08:03 1572488                    /opt/java/jdk1.8.0_45/lib/tools.jar
7f12cd7bc000-7f12cd7bf000 ---p 00000000 00:00 0 
7f12cd7bf000-7f12cd8bd000 rw-p 00000000 00:00 0 
7f12cd8bd000-7f12cd8c0000 ---p 00000000 00:00 0 
7f12cd8c0000-7f12cd9be000 rw-p 00000000 00:00 0                          [stack:23852]
7f12cd9be000-7f12cd9c1000 ---p 00000000 00:00 0 
7f12cd9c1000-7f12cdcbf000 rw-p 00000000 00:00 0                          [stack:23805]
7f12cdcbf000-7f12cdcc2000 ---p 00000000 00:00 0 
7f12cdcc2000-7f12cddc0000 rw-p 00000000 00:00 0                          [stack:23853]
7f12cddc0000-7f12cddc3000 ---p 00000000 00:00 0 
7f12cddc3000-7f12cdec1000 rw-p 00000000 00:00 0                          [stack:23802]
7f12cdec1000-7f12cdec4000 ---p 00000000 00:00 0 
7f12cdec4000-7f12cdfc2000 rw-p 00000000 00:00 0                          [stack:23411]
7f12cdfc2000-7f12cdfd3000 r-xp 00000000 08:03 1574055                    /opt/java/jdk1.8.0_45/jre/lib/amd64/libnio.so
7f12cdfd3000-7f12ce1d2000 ---p 00011000 08:03 1574055                    /opt/java/jdk1.8.0_45/jre/lib/amd64/libnio.so
7f12ce1d2000-7f12ce1d3000 rw-p 00010000 08:03 1574055                    /opt/java/jdk1.8.0_45/jre/lib/amd64/libnio.so
7f12ce1d3000-7f12ce1e9000 r-xp 00000000 08:03 1574041                    /opt/java/jdk1.8.0_45/jre/lib/amd64/libnet.so
7f12ce1e9000-7f12ce3e9000 ---p 00016000 08:03 1574041                    /opt/java/jdk1.8.0_45/jre/lib/amd64/libnet.so
7f12ce3e9000-7f12ce3ea000 rw-p 00016000 08:03 1574041                    /opt/java/jdk1.8.0_45/jre/lib/amd64/libnet.so
7f12ce3ea000-7f12ce400000 r-xp 00000000 08:03 135335                     /lib/x86_64-linux-gnu/libgcc_s.so.1
7f12ce400000-7f12ce5ff000 ---p 00016000 08:03 135335                     /lib/x86_64-linux-gnu/libgcc_s.so.1
7f12ce5ff000-7f12ce600000 rw-p 00015000 08:03 135335                     /lib/x86_64-linux-gnu/libgcc_s.so.1
7f12ce600000-7f12ce6e6000 r-xp 00000000 08:03 394317                     /usr/lib/x86_64-linux-gnu/libstdc++.so.6.0.19
7f12ce6e6000-7f12ce8e5000 ---p 000e6000 08:03 394317                     /usr/lib/x86_64-linux-gnu/libstdc++.so.6.0.19
7f12ce8e5000-7f12ce8ed000 r--p 000e5000 08:03 394317                     /usr/lib/x86_64-linux-gnu/libstdc++.so.6.0.19
7f12ce8ed000-7f12ce8ef000 rw-p 000ed000 08:03 394317                     /usr/lib/x86_64-linux-gnu/libstdc++.so.6.0.19
7f12ce8ef000-7f12ce904000 rw-p 00000000 00:00 0 
7f12ce904000-7f12ce906000 r--s 0001a000 08:03 1570351                    /opt/android-studio/gradle/m2repository/com/android/tools/lint/lint/24.2.3/lint-24.2.3.jar
7f12ce906000-7f12ce907000 r--s 00002000 08:03 1570406                    /opt/android-studio/gradle/m2repository/net/sf/proguard/proguard-gradle/5.1/proguard-gradle-5.1.jar
7f12ce907000-7f12ce91a000 r--s 0015d000 08:03 1570259                    /opt/android-studio/gradle/m2repository/com/android/tools/build/gradle-core/1.2.3/gradle-core-1.2.3.jar
7f12ce91a000-7f12ce91c000 r--s 0000c000 08:03 1570268                    /opt/android-studio/gradle/m2repository/com/android/tools/build/gradle/1.2.3/gradle-1.2.3.jar
7f12ce91c000-7f12ce91d000 r--p 00000000 00:00 0 
7f12ce91d000-7f12ce924000 r--s 00000000 08:03 666437                     /usr/lib/x86_64-linux-gnu/gconv/gconv-modules.cache
7f12ce924000-7f12ce928000 r-xp 00000000 08:03 1574104                    /tmp/native-platform6561602523850735655dir/libnative-platform.so
7f12ce928000-7f12ceb27000 ---p 00004000 08:03 1574104                    /tmp/native-platform6561602523850735655dir/libnative-platform.so
7f12ceb27000-7f12ceb28000 rw-p 00003000 08:03 1574104                    /tmp/native-platform6561602523850735655dir/libnative-platform.so
7f12ceb28000-7f12ceb2d000 r--s 00094000 08:03 1573828                    /opt/java/jdk1.8.0_45/jre/lib/jsse.jar
7f12ceb2d000-7f12ceb2e000 r--s 00001000 08:03 1444642                    /opt/android-studio/gradle/gradle-2.2.1/lib/plugins/gradle-plugin-development-2.2.1.jar
7f12ceb2e000-7f12ceb30000 r--s 00002000 08:03 1444695                    /opt/android-studio/gradle/gradle-2.2.1/lib/plugins/gradle-cunit-2.2.1.jar
7f12ceb30000-7f12ceb35000 r--s 00036000 08:03 1444692                    /opt/android-studio/gradle/gradle-2.2.1/lib/plugins/gradle-ide-native-2.2.1.jar
7f12ceb35000-7f12ceb3a000 r--s 00013000 08:03 1444709                    /opt/android-studio/gradle/gradle-2.2.1/lib/plugins/gradle-language-native-2.2.1.jar
7f12ceb3a000-7f12ceb45000 r--s 0004d000 08:03 1444667                    /opt/android-studio/gradle/gradle-2.2.1/lib/plugins/gradle-platform-native-2.2.1.jar
7f12ceb45000-7f12ceb47000 r--s 00008000 08:03 1444641                    /opt/android-studio/gradle/gradle-2.2.1/lib/plugins/gradle-language-groovy-2.2.1.jar
7f12ceb47000-7f12ceb4c000 r--s 00022000 08:03 1444691                    /opt/android-studio/gradle/gradle-2.2.1/lib/plugins/gradle-language-java-2.2.1.jar
7f12ceb4c000-7f12ceb4f000 r--s 00007000 08:03 1444696                    /opt/android-studio/gradle/gradle-2.2.1/lib/plugins/gradle-language-jvm-2.2.1.jar
7f12ceb4f000-7f12ceb52000 r--s 00009000 08:03 1444680                    /opt/android-studio/gradle/gradle-2.2.1/lib/plugins/gradle-platform-jvm-2.2.1.jar
7f12ceb52000-7f12ceb57000 r--s 00018000 08:03 1444674                    /opt/android-studio/gradle/gradle-2.2.1/lib/plugins/gradle-platform-base-2.2.1.jar
7f12ceb57000-7f12ceb5c000 r--s 00026000 08:03 1444637                    /opt/android-studio/gradle/gradle-2.2.1/lib/plugins/gradle-build-init-2.2.1.jar
7f12ceb5c000-7f12ceb5f000 r--s 0001d000 08:03 1444710                    /opt/android-studio/gradle/gradle-2.2.1/lib/plugins/gradle-jacoco-2.2.1.jar
7f12ceb5f000-7f12ceb62000 r--s 0000d000 08:03 1444702                    /opt/android-studio/gradle/gradle-2.2.1/lib/plugins/gradle-ivy-2.2.1.jar
7f12ceb62000-7f12ceb64000 r--s 00002000 08:03 1444717                    /opt/android-studio/gradle/gradle-2.2.1/lib/plugins/gradle-publish-2.2.1.jar
7f12ceb64000-7f12ceb66000 r--s 00005000 08:03 1444699                    /opt/android-studio/gradle/gradle-2.2.1/lib/plugins/jatl-0.2.2.jar
7f12ceb66000-7f12ceb68000 r--s 0000f000 08:03 1444701                    /opt/android-studio/gradle/gradle-2.2.1/lib/plugins/gradle-reporting-2.2.1.jar
7f12ceb68000-7f12ceb6d000 r--s 00034000 08:03 1444660                    /opt/android-studio/gradle/gradle-2.2.1/lib/plugins/gradle-diagnostics-2.2.1.jar
7f12ceb6d000-7f12ceb74000 r--s 00090000 08:03 1444638                    /opt/android-studio/gradle/gradle-2.2.1/lib/plugins/gradle-build-comparison-2.2.1.jar
7f12ceb74000-7f12ceb7b000 r--s 00035000 08:03 1444624                    /opt/android-studio/gradle/gradle-2.2.1/lib/plugins/simple-4.1.21.jar
7f12ceb7b000-7f12ceb87000 r--s 00100000 08:03 1444625                    /opt/android-studio/gradle/gradle-2.2.1/lib/plugins/rhino-1.7R3.jar
7f12ceb87000-7f12ceb8c000 r--s 0001f000 08:03 1444626                    /opt/android-studio/gradle/gradle-2.2.1/lib/plugins/gradle-javascript-2.2.1.jar
7f12ceb8c000-7f12ceb8e000 r--s 0000e000 08:03 1444668                    /opt/android-studio/gradle/gradle-2.2.1/lib/plugins/gradle-ear-2.2.1.jar
7f12ceb8e000-7f12ceb92000 r--s 00025000 08:03 1444640                    /opt/android-studio/gradle/gradle-2.2.1/lib/plugins/bcpg-jdk15-1.46.jar
7f12ceb92000-7f12ceb95000 r--s 0001d000 08:03 1444664                    /opt/android-studio/gradle/gradle-2.2.1/lib/plugins/gradle-signing-2.2.1.jar
7f12ceb95000-7f12ceb96000 r--s 00002000 08:03 1444622                    /opt/android-studio/gradle/gradle-2.2.1/lib/plugins/sonar-batch-bootstrapper-2.9.jar
7f12ceb96000-7f12ceb99000 r--s 00018000 08:03 1444711                    /opt/android-studio/gradle/gradle-2.2.1/lib/plugins/gradle-sonar-2.2.1.jar
7f12ceb99000-7f12ceb9c000 r--s 00017000 08:03 1444658                    /opt/android-studio/gradle/gradle-2.2.1/lib/plugins/gradle-scala-2.2.1.jar
7f12ceb9c000-7f12ceb9e000 r--s 0000e000 08:03 1444646                    /opt/android-studio/gradle/gradle-2.2.1/lib/plugins/gradle-announce-2.2.1.jar
7f12ceb9e000-7f12cebac000 r--s 000bc000 08:03 1444679                    /opt/android-studio/gradle/gradle-2.2.1/lib/plugins/gradle-ide-2.2.1.jar
7f12cebac000-7f12cebae000 r--s 00000000 08:03 1444630                    /opt/android-studio/gradle/gradle-2.2.1/lib/plugins/plexus-component-annotations-1.5.2.jar
7f12cebae000-7f12cebb1000 r--s 0000c000 08:03 1444676                    /opt/android-studio/gradle/gradle-2.2.1/lib/plugins/pmaven-groovy-0.8-20100325.jar
7f12cebb1000-7f12cebb2000 r--s 00004000 08:03 1444678                    /opt/android-studio/gradle/gradle-2.2.1/lib/plugins/pmaven-common-0.8-20100325.jar
7f12cebb2000-7f12cebb6000 r--s 0001e000 08:03 1444628                    /opt/android-studio/gradle/gradle-2.2.1/lib/plugins/gradle-maven-2.2.1.jar
7f12cebb6000-7f12cebce000 r--s 0013b000 08:03 1444650                    /opt/android-studio/gradle/gradle-2.2.1/lib/plugins/bndlib-2.1.0.jar
7f12cebce000-7f12cebd0000 r--s 00004000 08:03 1444656                    /opt/android-studio/gradle/gradle-2.2.1/lib/plugins/gradle-osgi-2.2.1.jar
7f12cebd0000-7f12cebd5000 r--s 00068000 08:03 1444686                    /opt/android-studio/gradle/gradle-2.2.1/lib/plugins/antlr-2.7.7.jar
7f12cebd5000-7f12cebd6000 r--s 00002000 08:03 1444649                    /opt/android-studio/gradle/gradle-2.2.1/lib/plugins/ant-antlr-1.9.3.jar
7f12cebd6000-7f12cebd8000 r--s 00004000 08:03 1444647                    /opt/android-studio/gradle/gradle-2.2.1/lib/plugins/gradle-antlr-2.2.1.jar
7f12cebd8000-7f12cebdb000 r--s 0001e000 08:03 1444706                    /opt/android-studio/gradle/gradle-2.2.1/lib/plugins/jsp-api-2.1-6.1.14.jar
7f12cebdb000-7f12cebfe000 r--s 00344000 08:03 1444653                    /opt/android-studio/gradle/gradle-2.2.1/lib/plugins/core-3.1.1.jar
7f12cebfe000-7f12cebff000 r--s 00006000 08:03 1444670                    /opt/android-studio/gradle/gradle-2.2.1/lib/plugins/jetty-naming-6.1.25.jar
7f12cebff000-7f12cec00000 r--s 00002000 08:03 1444684                    /opt/android-studio/gradle/gradle-2.2.1/lib/plugins/geronimo-annotation_1.0_spec-1.0.jar
7f12cec00000-7f12cec02000 r--s 00002000 08:03 1444651                    /opt/android-studio/gradle/gradle-2.2.1/lib/plugins/jetty-annotations-6.1.25.jar
7f12cec02000-7f12cec13000 r--s 000ea000 08:03 1444673                    /opt/android-studio/gradle/gradle-2.2.1/lib/plugins/jsp-2.1-6.1.14.jar
7f12cec13000-7f12cec15000 r--s 0000d000 08:03 1444661                    /opt/android-studio/gradle/gradle-2.2.1/lib/plugins/jetty-plus-6.1.25.jar
7f12cec15000-7f12cec17000 r--s 0001f000 08:03 1444700                    /opt/android-studio/gradle/gradle-2.2.1/lib/plugins/servlet-api-2.5-20081211.jar
7f12cec17000-7f12cec1b000 r--s 00028000 08:03 1444665                    /opt/android-studio/gradle/gradle-2.2.1/lib/plugins/jetty-util-6.1.25.jar
7f12cec1b000-7f12cec22000 r--s 0007d000 08:03 1444632                    /opt/android-studio/gradle/gradle-2.2.1/lib/plugins/jetty-6.1.25.jar
7f12cec22000-7f12cec24000 r--s 00009000 08:03 1444687                    /opt/android-studio/gradle/gradle-2.2.1/lib/plugins/gradle-jetty-2.2.1.jar
7f12cec24000-7f12cec29000 r--s 00041000 08:03 1444712                    /opt/android-studio/gradle/gradle-2.2.1/lib/plugins/gradle-code-quality-2.2.1.jar
7f12cec29000-7f12cec2b000 r--s 00009000 08:03 1444689                    /opt/android-studio/gradle/gradle-2.2.1/lib/plugins/hamcrest-core-1.3.jar
7f12cec2b000-7f12cec31000 r--s 00033000 08:03 1444657                    /opt/android-studio/gradle/gradle-2.2.1/lib/plugins/snakeyaml-1.6.jar
7f12cec31000-7f12cec33000 r--s 00006000 08:03 1444716                    /opt/android-studio/gradle/gradle-2.2.1/lib/plugins/jcommander-1.12.jar
7f12cec33000-7f12cec38000 r--s 00040000 08:03 1444703                    /opt/android-studio/gradle/gradle-2.2.1/lib/plugins/bsh-2.0b4.jar
7f12cec38000-7f12cec3a000 r--s 00009000 08:03 1444705                    /opt/android-studio/gradle/gradle-2.2.1/lib/plugins/commons-cli-1.2.jar
7f12cec3a000-7f12cec43000 r--s 00089000 08:03 1444708                    /opt/android-studio/gradle/gradle-2.2.1/lib/plugins/testng-6.3.1.jar
7f12cec43000-7f12cec49000 r--s 00036000 08:03 1444645                    /opt/android-studio/gradle/gradle-2.2.1/lib/plugins/junit-4.11.jar
7f12cec49000-7f12cec55000 r--s 00075000 08:03 1444659                    /opt/android-studio/gradle/gradle-2.2.1/lib/plugins/gradle-plugins-2.2.1.jar
7f12cec55000-7f12cec58000 r--s 00011000 08:03 1444636                    /opt/android-studio/gradle/gradle-2.2.1/lib/plugins/gradle-plugin-use-2.2.1.jar
7f12cec58000-7f12cec70000 r--s 00115000 08:03 1444619                    /opt/android-studio/gradle/gradle-2.2.1/lib/plugins/xercesImpl-2.9.1.jar
7f12cec70000-7f12cec78000 r--s 00028000 08:03 1444675                    /opt/android-studio/gradle/gradle-2.2.1/lib/plugins/xml-apis-1.3.04.jar
7f12cec78000-7f12cec7e000 r--s 0005b000 08:03 1444672                    /opt/android-studio/gradle/gradle-2.2.1/lib/plugins/jcifs-1.3.17.jar
7f12cec7e000-7f12cec84000 r--s 00031000 08:03 1444648                    /opt/android-studio/gradle/gradle-2.2.1/lib/plugins/httpcore-4.2.2.jar
7f12cec84000-7f12cec8a000 r--s 00033000 08:03 1444633                    /opt/android-studio/gradle/gradle-2.2.1/lib/plugins/commons-codec-1.6.jar
7f12cec8a000-7f12cec8d000 r--s 0001c000 08:03 1444713                    /opt/android-studio/gradle/gradle-2.2.1/lib/plugins/nekohtml-1.9.14.jar
7f12cec8d000-7f12cec96000 r--s 00060000 08:03 1444663                    /opt/android-studio/gradle/gradle-2.2.1/lib/plugins/httpclient-4.2.2.jar
7f12cec96000-7f12cec98000 r--s 00007000 08:03 1444634                    /opt/android-studio/gradle/gradle-2.2.1/lib/plugins/gradle-resources-http-2.2.1.jar
7f12cec98000-7f12cecc0000 r--s 00194000 08:03 1444682                    /opt/android-studio/gradle/gradle-2.2.1/lib/plugins/bcprov-jdk15-1.46.jar
7f12cecc0000-7f12cecc4000 r--s 0001d000 08:03 1444671                    /opt/android-studio/gradle/gradle-2.2.1/lib/plugins/xbean-reflect-3.4.jar
7f12cecc4000-7f12cecc9000 r--s 0002a000 08:03 1444629                    /opt/android-studio/gradle/gradle-2.2.1/lib/plugins/gson-2.2.4.jar
7f12cecc9000-7f12ceccd000 r--s 0003d000 08:03 1444621                    /opt/android-studio/gradle/gradle-2.2.1/lib/plugins/jsch-0.1.51.jar
7f12ceccd000-7f12cece6000 r--s 00129000 08:03 1444627                    /opt/android-studio/gradle/gradle-2.2.1/lib/plugins/maven-ant-tasks-2.1.3.jar
7f12cece6000-7f12cecf5000 r--s 000d9000 08:03 1444669                    /opt/android-studio/gradle/gradle-2.2.1/lib/plugins/ivy-2.2.0.jar
7f12cecf5000-7f12cecf9000 r--s 0001e000 08:03 1444681                    /opt/android-studio/gradle/gradle-2.2.1/lib/plugins/jarjar-aether-impl-1.13.1.jar
7f12cecf9000-7f12cecfc000 r--s 00027000 08:03 1444639                    /opt/android-studio/gradle/gradle-2.2.1/lib/plugins/jarjar-maven-model-3.0.4.jar
7f12cecfc000-7f12cecff000 r--s 0000b000 08:03 1444704                    /opt/android-studio/gradle/gradle-2.2.1/lib/plugins/jarjar-maven-artifact-3.0.4.jar
7f12cecff000-7f12ced03000 r--s 0001e000 08:03 1444694                    /opt/android-studio/gradle/gradle-2.2.1/lib/plugins/jarjar-aether-util-1.13.1.jar
7f12ced03000-7f12ced05000 r--s 00007000 08:03 1444685                    /opt/android-studio/gradle/gradle-2.2.1/lib/plugins/jarjar-wagon-http-shared4-2.4.jar
7f12ced05000-7f12ced12000 r--s 00083000 08:03 1444635                    /opt/android-studio/gradle/gradle-2.2.1/lib/plugins/jarjar-maven-core-3.0.4.jar
7f12ced12000-7f12ced14000 r--s 00003000 08:03 1444707                    /opt/android-studio/gradle/gradle-2.2.1/lib/plugins/jarjar-aether-spi-1.13.1.jar
7f12ced14000-7f12ced16000 r--s 00009000 08:03 1444644                    /opt/android-studio/gradle/gradle-2.2.1/lib/plugins/jarjar-maven-settings-builder-3.0.4.jar
7f12ced16000-7f12ced1a000 r--s 00014000 08:03 1444623                    /opt/android-studio/gradle/gradle-2.2.1/lib/plugins/jarjar-aether-api-1.13.1.jar
7f12ced1a000-7f12ced1b000 r--s 00002000 08:03 1444690                    /opt/android-studio/gradle/gradle-2.2.1/lib/plugins/jarjar-wagon-http-2.4.jar
7f12ced1b000-7f12ced22000 r--s 00042000 08:03 1444631                    /opt/android-studio/gradle/gradle-2.2.1/lib/plugins/jarjar-maven-compat-3.0.4.jar
7f12ced22000-7f12ced24000 r--s 00006000 08:03 1444655                    /opt/android-studio/gradle/gradle-2.2.1/lib/plugins/jarjar-aether-connector-wagon-1.13.1.jar
7f12ced24000-7f12ced26000 r--s 00000000 08:03 1444654                    /opt/android-studio/gradle/gradle-2.2.1/lib/plugins/jarjar-plexus-component-annotations-1.5.5.jar
7f12ced26000-7f12ced28000 r--s 00006000 08:03 1444697                    /opt/android-studio/gradle/gradle-2.2.1/lib/plugins/jarjar-plexus-sec-dispatcher-1.3.jar
7f12ced28000-7f12ced2d000 r--s 00022000 08:03 1444683                    /opt/android-studio/gradle/gradle-2.2.1/lib/plugins/jarjar-maven-model-builder-3.0.4.jar
7f12ced2d000-7f12ced2f000 r--s 0000b000 08:03 1444693                    /opt/android-studio/gradle/gradle-2.2.1/lib/plugins/jarjar-maven-plugin-api-3.0.4.jar
7f12ced2f000-7f12ced32000 r--s 0000a000 08:03 1444688                    /opt/android-studio/gradle/gradle-2.2.1/lib/plugins/jarjar-plexus-classworlds-2.4.jar
7f12ced32000-7f12ced36000 r--s 00035000 08:03 1444662                    /opt/android-studio/gradle/gradle-2.2.1/lib/plugins/jarjar-plexus-utils-2.0.6.jar
7f12ced36000-7f12ced38000 r--s 0000e000 08:03 1444677                    /opt/android-studio/gradle/gradle-2.2.1/lib/plugins/jarjar-plexus-interpolation-1.14.jar
7f12ced38000-7f12ced3a000 r--s 00002000 08:03 1444715                    /opt/android-studio/gradle/gradle-2.2.1/lib/plugins/jarjar-plexus-cipher-1.7.jar
7f12ced3a000-7f12ced3c000 r--s 0000c000 08:03 1444698                    /opt/android-studio/gradle/gradle-2.2.1/lib/plugins/jarjar-wagon-provider-api-2.4.jar
7f12ced3c000-7f12ced3e000 r--s 0000d000 08:03 1444666                    /opt/android-studio/gradle/gradle-2.2.1/lib/plugins/jarjar-maven-aether-provider-3.0.4.jar
7f12ced3e000-7f12ced46000 r--s 00031000 08:03 1444652                    /opt/android-studio/gradle/gradle-2.2.1/lib/plugins/jarjar-plexus-container-default-1.5.5.jar
7f12ced46000-7f12ced47000 r--s 00007000 08:03 1444643                    /opt/android-studio/gradle/gradle-2.2.1/lib/plugins/jarjar-maven-repository-metadata-3.0.4.jar
7f12ced47000-7f12ced48000 r--s 0000b000 08:03 1444620                    /opt/android-studio/gradle/gradle-2.2.1/lib/plugins/jarjar-maven-settings-3.0.4.jar
7f12ced48000-7f12ced60000 r--s 000b5000 08:03 1444714                    /opt/android-studio/gradle/gradle-2.2.1/lib/plugins/gradle-dependency-management-2.2.1.jar
7f12ced60000-7f12ced61000 r--p 00000000 08:03 672594                     /usr/share/locale-langpack/en_GB/LC_MESSAGES/libc.mo
7f12ced61000-7f12ced62000 r--s 00005000 08:03 1444599                    /opt/android-studio/gradle/gradle-2.2.1/lib/gradle-wrapper-2.2.1.jar
7f12ced62000-7f12ced6b000 r--s 0002c000 08:03 1444591                    /opt/android-studio/gradle/gradle-2.2.1/lib/gradle-tooling-api-2.2.1.jar
7f12ced6b000-7f12ced6d000 r--s 00002000 08:03 1444608                    /opt/android-studio/gradle/gradle-2.2.1/lib/gradle-open-api-2.2.1.jar
7f12ced6d000-7f12ced73000 r--s 00032000 08:03 1444609                    /opt/android-studio/gradle/gradle-2.2.1/lib/jaxen-1.1.jar
7f12ced73000-7f12ced78000 r--s 00048000 08:03 1444610                    /opt/android-studio/gradle/gradle-2.2.1/lib/dom4j-1.6.1.jar
7f12ced78000-7f12ced83000 r--s 00059000 08:03 1444611                    /opt/android-studio/gradle/gradle-2.2.1/lib/gradle-ui-2.2.1.jar
7f12ced83000-7f12ced85000 r--s 00006000 08:03 1444607                    /opt/android-studio/gradle/gradle-2.2.1/lib/gradle-resources-2.2.1.jar
7f12ced85000-7f12ced87000 r--s 00007000 08:03 1444603                    /opt/android-studio/gradle/gradle-2.2.1/lib/objenesis-1.2.jar
7f12ced87000-7f12ced89000 r--s 00000000 08:03 1444613                    /opt/android-studio/gradle/gradle-2.2.1/lib/minlog-1.2.jar
7f12ced89000-7f12ced8b000 r--s 0000f000 08:03 1444575                    /opt/android-studio/gradle/gradle-2.2.1/lib/reflectasm-1.07-shaded.jar
7f12ced8b000-7f12ced8f000 r--s 00026000 08:03 1444614                    /opt/android-studio/gradle/gradle-2.2.1/lib/kryo-2.20.jar
7f12ced8f000-7f12ced98000 r--s 00039000 08:03 1444615                    /opt/android-studio/gradle/gradle-2.2.1/lib/gradle-messaging-2.2.1.jar
7f12ced98000-7f12ced99000 r--s 00003000 08:03 1444597                    /opt/android-studio/gradle/gradle-2.2.1/lib/native-platform-freebsd-amd64-0.10.jar
7f12ced99000-7f12ced9a000 r--s 00003000 08:03 1444572                    /opt/android-studio/gradle/gradle-2.2.1/lib/native-platform-freebsd-i386-0.10.jar
7f12ced9a000-7f12ced9b000 r--s 00005000 08:03 1444585                    /opt/android-studio/gradle/gradle-2.2.1/lib/native-platform-windows-i386-0.10.jar
7f12ced9b000-7f12ced9c000 r--s 00005000 08:03 1444617                    /opt/android-studio/gradle/gradle-2.2.1/lib/native-platform-windows-amd64-0.10.jar
7f12ced9c000-7f12ced9d000 r--s 00003000 08:03 1444579                    /opt/android-studio/gradle/gradle-2.2.1/lib/native-platform-linux-i386-0.10.jar
7f12ced9d000-7f12ced9e000 r--s 00003000 08:03 1444590                    /opt/android-studio/gradle/gradle-2.2.1/lib/native-platform-linux-amd64-0.10.jar
7f12ced9e000-7f12ced9f000 r--s 00002000 08:03 1444718                    /opt/android-studio/gradle/gradle-2.2.1/lib/native-platform-osx-amd64-0.10.jar
7f12ced9f000-7f12ceda0000 r--s 00002000 08:03 1444583                    /opt/android-studio/gradle/gradle-2.2.1/lib/native-platform-osx-i386-0.10.jar
7f12ceda0000-7f12ceda2000 r--s 00008000 08:03 1444589                    /opt/android-studio/gradle/gradle-2.2.1/lib/jansi-1.2.1.jar
7f12ceda2000-7f12ceda5000 r--s 0000d000 08:03 1444598                    /opt/android-studio/gradle/gradle-2.2.1/lib/native-platform-0.10.jar
7f12ceda5000-7f12ceda9000 r--s 000e4000 08:03 1444593                    /opt/android-studio/gradle/gradle-2.2.1/lib/jna-3.2.7.jar
7f12ceda9000-7f12cedab000 r--s 00008000 08:03 1444605                    /opt/android-studio/gradle/gradle-2.2.1/lib/gradle-native-2.2.1.jar
7f12cedab000-7f12cedad000 r--s 00005000 08:03 1444595                    /opt/android-studio/gradle/gradle-2.2.1/lib/gradle-cli-2.2.1.jar
7f12cedad000-7f12cedaf000 r--s 00003000 08:03 1444578                    /opt/android-studio/gradle/gradle-2.2.1/lib/gradle-base-services-groovy-2.2.1.jar
7f12cedaf000-7f12cedb1000 r--s 0000a000 08:03 1444570                    /opt/android-studio/gradle/gradle-2.2.1/lib/gradle-model-groovy-2.2.1.jar
7f12cedb1000-7f12cedb5000 r--s 0001b000 08:03 1444606                    /opt/android-studio/gradle/gradle-2.2.1/lib/gradle-model-core-2.2.1.jar
7f12cedb5000-7f12cedb6000 r--s 00000000 08:03 1444581                    /opt/android-studio/gradle/gradle-2.2.1/lib/gradle-docs-2.2.1.jar
7f12cedb6000-7f12cedb8000 r--s 00003000 08:03 1444580                    /opt/android-studio/gradle/gradle-2.2.1/lib/jcl-over-slf4j-1.7.7.jar
7f12cedb8000-7f12cedb9000 r--s 00005000 08:03 1444616                    /opt/android-studio/gradle/gradle-2.2.1/lib/log4j-over-slf4j-1.7.7.jar
7f12cedb9000-7f12cedba000 r--s 00000000 08:03 1444596                    /opt/android-studio/gradle/gradle-2.2.1/lib/javax.inject-1.jar
7f12cedba000-7f12cedbd000 r--s 0001b000 08:03 1444600                    /opt/android-studio/gradle/gradle-2.2.1/lib/jarjar-1.3.jar
7f12cedbd000-7f12cee28000 r--s 00685000 08:03 1444582                    /opt/android-studio/gradle/gradle-2.2.1/lib/groovy-all-2.3.6.jar
7f12cee28000-7f12cee29000 ---p 00000000 00:00 0 
7f12cee29000-7f12cef29000 rw-p 00000000 00:00 0                          [stack:23409]
7f12cef29000-7f12cef2c000 ---p 00000000 00:00 0 
7f12cef2c000-7f12cf02a000 rw-p 00000000 00:00 0                          [stack:23408]
7f12cf02a000-7f12cf02d000 ---p 00000000 00:00 0 
7f12cf02d000-7f12cf12b000 rw-p 00000000 00:00 0                          [stack:23407]
7f12cf12b000-7f12cf12e000 ---p 00000000 00:00 0 
7f12cf12e000-7f12cf22c000 rw-p 00000000 00:00 0                          [stack:23406]
7f12cf22c000-7f12cf22f000 ---p 00000000 00:00 0 
7f12cf22f000-7f12cf32d000 rw-p 00000000 00:00 0                          [stack:23405]
7f12cf32d000-7f12cf330000 ---p 00000000 00:00 0 
7f12cf330000-7f12cf42e000 rw-p 00000000 00:00 0                          [stack:23404]
7f12cf42e000-7f12cf6f7000 r--p 00000000 08:03 266989                     /usr/lib/locale/locale-archive
7f12cf6f7000-7f12cf6fa000 ---p 00000000 00:00 0 
7f12cf6fa000-7f12cf7f8000 rw-p 00000000 00:00 0                          [stack:23403]
7f12cf7f8000-7f12cf7fb000 ---p 00000000 00:00 0 
7f12cf7fb000-7f12cf8f9000 rw-p 00000000 00:00 0                          [stack:23402]
7f12cf8f9000-7f12cf8fa000 ---p 00000000 00:00 0 
7f12cf8fa000-7f12d0000000 rw-p 00000000 00:00 0                          [stack:23401]
7f12d0000000-7f12d0025000 rw-p 00000000 00:00 0 
7f12d0025000-7f12d4000000 ---p 00000000 00:00 0 
7f12d4000000-7f12d4021000 rw-p 00000000 00:00 0 
7f12d4021000-7f12d8000000 ---p 00000000 00:00 0 
7f12d8000000-7f12d8037000 rw-p 00000000 00:00 0 
7f12d8037000-7f12dc000000 ---p 00000000 00:00 0 
7f12dc000000-7f12e0000000 rw-p 00000000 00:00 0 
7f12e0000000-7f12e0021000 rw-p 00000000 00:00 0 
7f12e0021000-7f12e4000000 ---p 00000000 00:00 0 
7f12e4000000-7f12e4006000 r--s 0003b000 08:03 1444612                    /opt/android-studio/gradle/gradle-2.2.1/lib/logback-classic-1.0.13.jar
7f12e4006000-7f12e4010000 r--s 0005d000 08:03 1444577                    /opt/android-studio/gradle/gradle-2.2.1/lib/logback-core-1.0.13.jar
7f12e4010000-7f12e4015000 r--s 00041000 08:03 1444574                    /opt/android-studio/gradle/gradle-2.2.1/lib/commons-lang-2.6.jar
7f12e4015000-7f12e4023000 r--s 0007f000 08:03 1444587                    /opt/android-studio/gradle/gradle-2.2.1/lib/commons-collections-3.2.1.jar
7f12e4023000-7f12e404b000 r--s 001cf000 08:03 1444586                    /opt/android-studio/gradle/gradle-2.2.1/lib/guava-jdk5-17.0.jar
7f12e404b000-7f12e406a000 r--s 001cc000 08:03 1444571                    /opt/android-studio/gradle/gradle-2.2.1/lib/ant-1.9.3.jar
7f12e406a000-7f12e4086000 r--s 00393000 08:03 1574015                    /opt/java/jdk1.8.0_45/jre/lib/ext/cldrdata.jar
7f12e4086000-7f12e40b7000 r--s 00191000 08:03 1444592                    /opt/android-studio/gradle/gradle-2.2.1/lib/gradle-core-2.2.1.jar
7f12e40b7000-7f12e5000000 rw-p 00000000 00:00 0 
7f12e5000000-7f12e68c0000 rwxp 00000000 00:00 0 
7f12e68c0000-7f12f4000000 ---p 00000000 00:00 0 
7f12f4000000-7f12f4b18000 rw-p 00000000 00:00 0 
7f12f4b18000-7f12f8000000 ---p 00000000 00:00 0 
7f12f8000000-7f12f8002000 r--s 00000000 08:03 1444601                    /opt/android-studio/gradle/gradle-2.2.1/lib/jul-to-slf4j-1.7.7.jar
7f12f8002000-7f12f8005000 r--s 00018000 08:03 1444573                    /opt/android-studio/gradle/gradle-2.2.1/lib/commons-io-1.4.jar
7f12f8005000-7f12f8298000 rw-p 00000000 00:00 0 
7f12f8298000-7f12f8471000 r--s 03d09000 08:03 1573810                    /opt/java/jdk1.8.0_45/jre/lib/rt.jar
7f12f8471000-7f12f88e7000 rw-p 00000000 00:00 0 
7f12f88e7000-7f12f88e8000 ---p 00000000 00:00 0 
7f12f88e8000-7f12f89e8000 rw-p 00000000 00:00 0                          [stack:23400]
7f12f89e8000-7f12f89e9000 ---p 00000000 00:00 0 
7f12f89e9000-7f12f8ae9000 rw-p 00000000 00:00 0                          [stack:23399]
7f12f8ae9000-7f12f8aea000 ---p 00000000 00:00 0 
7f12f8aea000-7f12f8bea000 rw-p 00000000 00:00 0                          [stack:23398]
7f12f8bea000-7f12f8beb000 ---p 00000000 00:00 0 
7f12f8beb000-7f12f8d0c000 rw-p 00000000 00:00 0                          [stack:23397]
7f12f8d0c000-7f12f8f96000 ---p 00000000 00:00 0 
7f12f8f96000-7f12f8fb7000 rw-p 00000000 00:00 0 
7f12f8fb7000-7f12f9240000 ---p 00000000 00:00 0 
7f12f9240000-7f12f92c7000 rw-p 00000000 00:00 0 
7f12f92c7000-7f12f9396000 ---p 00000000 00:00 0 
7f12f9396000-7f12f93fa000 rw-p 00000000 00:00 0 
7f12f93fa000-7f12f9757000 ---p 00000000 00:00 0 
7f12f9757000-7f12f9771000 r-xp 00000000 08:03 1574049                    /opt/java/jdk1.8.0_45/jre/lib/amd64/libzip.so
7f12f9771000-7f12f9971000 ---p 0001a000 08:03 1574049                    /opt/java/jdk1.8.0_45/jre/lib/amd64/libzip.so
7f12f9971000-7f12f9972000 rw-p 0001a000 08:03 1574049                    /opt/java/jdk1.8.0_45/jre/lib/amd64/libzip.so
7f12f9972000-7f12f997d000 r-xp 00000000 08:03 131807                     /lib/x86_64-linux-gnu/libnss_files-2.19.so
7f12f997d000-7f12f9b7c000 ---p 0000b000 08:03 131807                     /lib/x86_64-linux-gnu/libnss_files-2.19.so
7f12f9b7c000-7f12f9b7d000 r--p 0000a000 08:03 131807                     /lib/x86_64-linux-gnu/libnss_files-2.19.so
7f12f9b7d000-7f12f9b7e000 rw-p 0000b000 08:03 131807                     /lib/x86_64-linux-gnu/libnss_files-2.19.so
7f12f9b7e000-7f12f9b89000 r-xp 00000000 08:03 131871                     /lib/x86_64-linux-gnu/libnss_nis-2.19.so
7f12f9b89000-7f12f9d88000 ---p 0000b000 08:03 131871                     /lib/x86_64-linux-gnu/libnss_nis-2.19.so
7f12f9d88000-7f12f9d89000 r--p 0000a000 08:03 131871                     /lib/x86_64-linux-gnu/libnss_nis-2.19.so
7f12f9d89000-7f12f9d8a000 rw-p 0000b000 08:03 131871                     /lib/x86_64-linux-gnu/libnss_nis-2.19.so
7f12f9d8a000-7f12f9da1000 r-xp 00000000 08:03 131829                     /lib/x86_64-linux-gnu/libnsl-2.19.so
7f12f9da1000-7f12f9fa0000 ---p 00017000 08:03 131829                     /lib/x86_64-linux-gnu/libnsl-2.19.so
7f12f9fa0000-7f12f9fa1000 r--p 00016000 08:03 131829                     /lib/x86_64-linux-gnu/libnsl-2.19.so
7f12f9fa1000-7f12f9fa2000 rw-p 00017000 08:03 131829                     /lib/x86_64-linux-gnu/libnsl-2.19.so
7f12f9fa2000-7f12f9fa4000 rw-p 00000000 00:00 0 
7f12f9fa4000-7f12f9fad000 r-xp 00000000 08:03 131828                     /lib/x86_64-linux-gnu/libnss_compat-2.19.so
7f12f9fad000-7f12fa1ac000 ---p 00009000 08:03 131828                     /lib/x86_64-linux-gnu/libnss_compat-2.19.so
7f12fa1ac000-7f12fa1ad000 r--p 00008000 08:03 131828                     /lib/x86_64-linux-gnu/libnss_compat-2.19.so
7f12fa1ad000-7f12fa1ae000 rw-p 00009000 08:03 131828                     /lib/x86_64-linux-gnu/libnss_compat-2.19.so
7f12fa1ae000-7f12fa1d8000 r-xp 00000000 08:03 1574040                    /opt/java/jdk1.8.0_45/jre/lib/amd64/libjava.so
7f12fa1d8000-7f12fa3d8000 ---p 0002a000 08:03 1574040                    /opt/java/jdk1.8.0_45/jre/lib/amd64/libjava.so
7f12fa3d8000-7f12fa3da000 rw-p 0002a000 08:03 1574040                    /opt/java/jdk1.8.0_45/jre/lib/amd64/libjava.so
7f12fa3da000-7f12fa3e7000 r-xp 00000000 08:03 1574047                    /opt/java/jdk1.8.0_45/jre/lib/amd64/libverify.so
7f12fa3e7000-7f12fa5e7000 ---p 0000d000 08:03 1574047                    /opt/java/jdk1.8.0_45/jre/lib/amd64/libverify.so
7f12fa5e7000-7f12fa5e9000 rw-p 0000d000 08:03 1574047                    /opt/java/jdk1.8.0_45/jre/lib/amd64/libverify.so
7f12fa5e9000-7f12fa5f0000 r-xp 00000000 08:03 131868                     /lib/x86_64-linux-gnu/librt-2.19.so
7f12fa5f0000-7f12fa7ef000 ---p 00007000 08:03 131868                     /lib/x86_64-linux-gnu/librt-2.19.so
7f12fa7ef000-7f12fa7f0000 r--p 00006000 08:03 131868                     /lib/x86_64-linux-gnu/librt-2.19.so
7f12fa7f0000-7f12fa7f1000 rw-p 00007000 08:03 131868                     /lib/x86_64-linux-gnu/librt-2.19.so
7f12fa7f1000-7f12fa8f6000 r-xp 00000000 08:03 131806                     /lib/x86_64-linux-gnu/libm-2.19.so
7f12fa8f6000-7f12faaf5000 ---p 00105000 08:03 131806                     /lib/x86_64-linux-gnu/libm-2.19.so
7f12faaf5000-7f12faaf6000 r--p 00104000 08:03 131806                     /lib/x86_64-linux-gnu/libm-2.19.so
7f12faaf6000-7f12faaf7000 rw-p 00105000 08:03 131806                     /lib/x86_64-linux-gnu/libm-2.19.so
7f12faaf7000-7f12fb7a5000 r-xp 00000000 08:03 1574060                    /opt/java/jdk1.8.0_45/jre/lib/amd64/server/libjvm.so
7f12fb7a5000-7f12fb9a4000 ---p 00cae000 08:03 1574060                    /opt/java/jdk1.8.0_45/jre/lib/amd64/server/libjvm.so
7f12fb9a4000-7f12fba7b000 rw-p 00cad000 08:03 1574060                    /opt/java/jdk1.8.0_45/jre/lib/amd64/server/libjvm.so
7f12fba7b000-7f12fbabf000 rw-p 00000000 00:00 0 
7f12fbabf000-7f12fbc7a000 r-xp 00000000 08:03 131857                     /lib/x86_64-linux-gnu/libc-2.19.so
7f12fbc7a000-7f12fbe79000 ---p 001bb000 08:03 131857                     /lib/x86_64-linux-gnu/libc-2.19.so
7f12fbe79000-7f12fbe7d000 r--p 001ba000 08:03 131857                     /lib/x86_64-linux-gnu/libc-2.19.so
7f12fbe7d000-7f12fbe7f000 rw-p 001be000 08:03 131857                     /lib/x86_64-linux-gnu/libc-2.19.so
7f12fbe7f000-7f12fbe84000 rw-p 00000000 00:00 0 
7f12fbe84000-7f12fbe87000 r-xp 00000000 08:03 131810                     /lib/x86_64-linux-gnu/libdl-2.19.so
7f12fbe87000-7f12fc086000 ---p 00003000 08:03 131810                     /lib/x86_64-linux-gnu/libdl-2.19.so
7f12fc086000-7f12fc087000 r--p 00002000 08:03 131810                     /lib/x86_64-linux-gnu/libdl-2.19.so
7f12fc087000-7f12fc088000 rw-p 00003000 08:03 131810                     /lib/x86_64-linux-gnu/libdl-2.19.so
7f12fc088000-7f12fc09d000 r-xp 00000000 08:03 1573749                    /opt/java/jdk1.8.0_45/lib/amd64/jli/libjli.so
7f12fc09d000-7f12fc29d000 ---p 00015000 08:03 1573749                    /opt/java/jdk1.8.0_45/lib/amd64/jli/libjli.so
7f12fc29d000-7f12fc29e000 rw-p 00015000 08:03 1573749                    /opt/java/jdk1.8.0_45/lib/amd64/jli/libjli.so
7f12fc29e000-7f12fc2b7000 r-xp 00000000 08:03 131858                     /lib/x86_64-linux-gnu/libpthread-2.19.so
7f12fc2b7000-7f12fc4b6000 ---p 00019000 08:03 131858                     /lib/x86_64-linux-gnu/libpthread-2.19.so
7f12fc4b6000-7f12fc4b7000 r--p 00018000 08:03 131858                     /lib/x86_64-linux-gnu/libpthread-2.19.so
7f12fc4b7000-7f12fc4b8000 rw-p 00019000 08:03 131858                     /lib/x86_64-linux-gnu/libpthread-2.19.so
7f12fc4b8000-7f12fc4bc000 rw-p 00000000 00:00 0 
7f12fc4bc000-7f12fc4df000 r-xp 00000000 08:03 131833                     /lib/x86_64-linux-gnu/ld-2.19.so
7f12fc4df000-7f12fc4e0000 r--s 00000000 08:03 1444588                    /opt/android-studio/gradle/gradle-2.2.1/lib/jcip-annotations-1.0.jar
7f12fc4e0000-7f12fc4eb000 r--s 00116000 08:03 1574017                    /opt/java/jdk1.8.0_45/jre/lib/ext/localedata.jar
7f12fc4eb000-7f12fc5b7000 rw-p 00000000 00:00 0 
7f12fc5b7000-7f12fc5ba000 ---p 00000000 00:00 0 
7f12fc5ba000-7f12fc6bc000 rw-p 00000000 00:00 0                          [stack:23396]
7f12fc6bc000-7f12fc6c1000 r--s 00036000 08:03 1444594                    /opt/android-studio/gradle/gradle-2.2.1/lib/asm-all-5.0.3.jar
7f12fc6c1000-7f12fc6c3000 r--s 00006000 08:03 1444584                    /opt/android-studio/gradle/gradle-2.2.1/lib/slf4j-api-1.7.7.jar
7f12fc6c3000-7f12fc6c4000 r--s 00004000 08:03 1444604                    /opt/android-studio/gradle/gradle-2.2.1/lib/ant-launcher-1.9.3.jar
7f12fc6c4000-7f12fc6ca000 r--s 00026000 08:03 1444576                    /opt/android-studio/gradle/gradle-2.2.1/lib/gradle-base-services-2.2.1.jar
7f12fc6ca000-7f12fc6d2000 r--s 0003c000 08:03 1444602                    /opt/android-studio/gradle/gradle-2.2.1/lib/gradle-launcher-2.2.1.jar
7f12fc6d2000-7f12fc6da000 rw-s 00000000 08:03 1574102                    /tmp/hsperfdata_mike/23394
7f12fc6da000-7f12fc6db000 rw-p 00000000 00:00 0 
7f12fc6db000-7f12fc6dc000 ---p 00000000 00:00 0 
7f12fc6dc000-7f12fc6de000 rw-p 00000000 00:00 0 
7f12fc6de000-7f12fc6df000 r--p 00022000 08:03 131833                     /lib/x86_64-linux-gnu/ld-2.19.so
7f12fc6df000-7f12fc6e0000 rw-p 00023000 08:03 131833                     /lib/x86_64-linux-gnu/ld-2.19.so
7f12fc6e0000-7f12fc6e1000 rw-p 00000000 00:00 0 
7fff3c3c1000-7fff3c3e2000 rw-p 00000000 00:00 0                          [stack]
7fff3c3fe000-7fff3c400000 r-xp 00000000 00:00 0                          [vdso]
ffffffffff600000-ffffffffff601000 r-xp 00000000 00:00 0                  [vsyscall]

VM Arguments:
jvm_args: -XX:MaxPermSize=256m -XX:+HeapDumpOnOutOfMemoryError -XX:+HeapDumpOnOutOfMemoryError -XX:MaxPermSize=512m -Xmx2048m -Dfile.encoding=UTF-8 -Duser.country=GB -Duser.language=en -Duser.variant 
java_command: org.gradle.launcher.daemon.bootstrap.GradleDaemon 2.2.1 /home/mike/.gradle/daemon 10800000 687bb9e1-109a-4914-9c87-de9481cc6b54 -XX:MaxPermSize=256m -XX:+HeapDumpOnOutOfMemoryError -XX:+HeapDumpOnOutOfMemoryError -XX:MaxPermSize=512m -Xmx2048m -Dfile.encoding=UTF-8 -Duser.country=GB -Duser.language=en -Duser.variant
java_class_path (initial): /opt/android-studio/gradle/gradle-2.2.1/lib/gradle-launcher-2.2.1.jar
Launcher Type: SUN_STANDARD

Environment Variables:
PATH=/usr/local/sbin:/usr/local/bin:/usr/sbin:/usr/bin:/sbin:/bin:/usr/games:/usr/local/games
USERNAME=mike
LD_LIBRARY_PATH=/opt/android-studio/bin:
SHELL=/bin/bash
DISPLAY=:0

Signal Handlers:
SIGSEGV: [libjvm.so+0xaad1e0], sa_mask[0]=11111111011111111101111111111110, sa_flags=SA_RESTART|SA_SIGINFO
SIGBUS: [libjvm.so+0xaad1e0], sa_mask[0]=11111111011111111101111111111110, sa_flags=SA_RESTART|SA_SIGINFO
SIGFPE: [libjvm.so+0x90b450], sa_mask[0]=11111111011111111101111111111110, sa_flags=SA_RESTART|SA_SIGINFO
SIGPIPE: [libjvm.so+0x90b450], sa_mask[0]=11111111011111111101111111111110, sa_flags=SA_RESTART|SA_SIGINFO
SIGXFSZ: [libjvm.so+0x90b450], sa_mask[0]=11111111011111111101111111111110, sa_flags=SA_RESTART|SA_SIGINFO
SIGILL: [libjvm.so+0x90b450], sa_mask[0]=11111111011111111101111111111110, sa_flags=SA_RESTART|SA_SIGINFO
SIGUSR1: SIG_DFL, sa_mask[0]=00000000000000000000000000000000, sa_flags=none
SIGUSR2: [libjvm.so+0x90ca90], sa_mask[0]=00100000000000000000000000000000, sa_flags=SA_RESTART|SA_SIGINFO
SIGHUP: [libjvm.so+0x90dde0], sa_mask[0]=11111111011111111101111111111110, sa_flags=SA_RESTART|SA_SIGINFO
SIGINT: [libjvm.so+0x90dde0], sa_mask[0]=11111111011111111101111111111110, sa_flags=SA_RESTART|SA_SIGINFO
SIGTERM: [libjvm.so+0x90dde0], sa_mask[0]=11111111011111111101111111111110, sa_flags=SA_RESTART|SA_SIGINFO
SIGQUIT: [libjvm.so+0x90dde0], sa_mask[0]=11111111011111111101111111111110, sa_flags=SA_RESTART|SA_SIGINFO


---------------  S Y S T E M  ---------------

OS:DISTRIB_ID=LinuxMint
DISTRIB_RELEASE=17.2
DISTRIB_CODENAME=rafaela
DISTRIB_DESCRIPTION="Linux Mint 17.2 Rafaela"

uname:Linux 3.13.0-37-generic #64-Ubuntu SMP Mon Sep 22 21:28:38 UTC 2014 x86_64
libc:glibc 2.19 NPTL 2.19 
rlimit: STACK 8192k, CORE 0k, NPROC 30882, NOFILE 4096, AS infinity
load average:22.38 12.87 6.01

/proc/meminfo:
MemTotal:        4048044 kB
MemFree:          121636 kB
Buffers:             376 kB
Cached:           117140 kB
SwapCached:            0 kB
Active:          3375840 kB
Inactive:         110916 kB
Active(anon):    3373196 kB
Inactive(anon):    99816 kB
Active(file):       2644 kB
Inactive(file):    11100 kB
Unevictable:          88 kB
Mlocked:              88 kB
SwapTotal:             0 kB
SwapFree:              0 kB
Dirty:               188 kB
Writeback:             0 kB
AnonPages:       3370404 kB
Mapped:           264892 kB
Shmem:            102696 kB
Slab:              64352 kB
SReclaimable:      23720 kB
SUnreclaim:        40632 kB
KernelStack:        5208 kB
PageTables:        41564 kB
NFS_Unstable:          0 kB
Bounce:                0 kB
WritebackTmp:          0 kB
CommitLimit:     2024020 kB
Committed_AS:    6789876 kB
VmallocTotal:   34359738367 kB
VmallocUsed:      305744 kB
VmallocChunk:   34359429372 kB
HardwareCorrupted:     0 kB
AnonHugePages:   1040384 kB
HugePages_Total:       0
HugePages_Free:        0
HugePages_Rsvd:        0
HugePages_Surp:        0
Hugepagesize:       2048 kB
DirectMap4k:      280128 kB
DirectMap2M:     3913728 kB
DirectMap1G:           0 kB


CPU:total 4 (4 cores per cpu, 1 threads per core) family 16 model 4 stepping 2, cmov, cx8, fxsr, mmx, sse, sse2, sse3, popcnt, mmxext, 3dnowpref, lzcnt, sse4a, tsc, tscinvbit, tscinv

/proc/cpuinfo:
processor	: 0
vendor_id	: AuthenticAMD
cpu family	: 16
model		: 4
model name	: AMD Phenom(tm) II X4 955 Processor
stepping	: 2
microcode	: 0x1000086
cpu MHz		: 800.000
cache size	: 512 KB
physical id	: 0
siblings	: 4
core id		: 0
cpu cores	: 4
apicid		: 0
initial apicid	: 0
fpu		: yes
fpu_exception	: yes
cpuid level	: 5
wp		: yes
flags		: fpu vme de pse tsc msr pae mce cx8 apic sep mtrr pge mca cmov pat pse36 clflush mmx fxsr sse sse2 ht syscall nx mmxext fxsr_opt pdpe1gb rdtscp lm 3dnowext 3dnow constant_tsc rep_good nopl nonstop_tsc extd_apicid pni monitor cx16 popcnt lahf_lm cmp_legacy svm extapic cr8_legacy abm sse4a misalignsse 3dnowprefetch osvw ibs skinit wdt hw_pstate npt lbrv svm_lock nrip_save
bogomips	: 6399.67
TLB size	: 1024 4K pages
clflush size	: 64
cache_alignment	: 64
address sizes	: 48 bits physical, 48 bits virtual
power management: ts ttp tm stc 100mhzsteps hwpstate

processor	: 1
vendor_id	: AuthenticAMD
cpu family	: 16
model		: 4
model name	: AMD Phenom(tm) II X4 955 Processor
stepping	: 2
microcode	: 0x1000086
cpu MHz		: 2100.000
cache size	: 512 KB
physical id	: 0
siblings	: 4
core id		: 1
cpu cores	: 4
apicid		: 1
initial apicid	: 1
fpu		: yes
fpu_exception	: yes
cpuid level	: 5
wp		: yes
flags		: fpu vme de pse tsc msr pae mce cx8 apic sep mtrr pge mca cmov pat pse36 clflush mmx fxsr sse sse2 ht syscall nx mmxext fxsr_opt pdpe1gb rdtscp lm 3dnowext 3dnow constant_tsc rep_good nopl nonstop_tsc extd_apicid pni monitor cx16 popcnt lahf_lm cmp_legacy svm extapic cr8_legacy abm sse4a misalignsse 3dnowprefetch osvw ibs skinit wdt hw_pstate npt lbrv svm_lock nrip_save
bogomips	: 6399.67
TLB size	: 1024 4K pages
clflush size	: 64
cache_alignment	: 64
address sizes	: 48 bits physical, 48 bits virtual
power management: ts ttp tm stc 100mhzsteps hwpstate

processor	: 2
vendor_id	: AuthenticAMD
cpu family	: 16
model		: 4
model name	: AMD Phenom(tm) II X4 955 Processor
stepping	: 2
microcode	: 0x1000086
cpu MHz		: 800.000
cache size	: 512 KB
physical id	: 0
siblings	: 4
core id		: 2
cpu cores	: 4
apicid		: 2
initial apicid	: 2
fpu		: yes
fpu_exception	: yes
cpuid level	: 5
wp		: yes
flags		: fpu vme de pse tsc msr pae mce cx8 apic sep mtrr pge mca cmov pat pse36 clflush mmx fxsr sse sse2 ht syscall nx mmxext fxsr_opt pdpe1gb rdtscp lm 3dnowext 3dnow constant_tsc rep_good nopl nonstop_tsc extd_apicid pni monitor cx16 popcnt lahf_lm cmp_legacy svm extapic cr8_legacy abm sse4a misalignsse 3dnowprefetch osvw ibs skinit wdt hw_pstate npt lbrv svm_lock nrip_save
bogomips	: 6399.67
TLB size	: 1024 4K pages
clflush size	: 64
cache_alignment	: 64
address sizes	: 48 bits physical, 48 bits virtual
power management: ts ttp tm stc 100mhzsteps hwpstate

processor	: 3
vendor_id	: AuthenticAMD
cpu family	: 16
model		: 4
model name	: AMD Phenom(tm) II X4 955 Processor
stepping	: 2
microcode	: 0x1000086
cpu MHz		: 800.000
cache size	: 512 KB
physical id	: 0
siblings	: 4
core id		: 3
cpu cores	: 4
apicid		: 3
initial apicid	: 3
fpu		: yes
fpu_exception	: yes
cpuid level	: 5
wp		: yes
flags		: fpu vme de pse tsc msr pae mce cx8 apic sep mtrr pge mca cmov pat pse36 clflush mmx fxsr sse sse2 ht syscall nx mmxext fxsr_opt pdpe1gb rdtscp lm 3dnowext 3dnow constant_tsc rep_good nopl nonstop_tsc extd_apicid pni monitor cx16 popcnt lahf_lm cmp_legacy svm extapic cr8_legacy abm sse4a misalignsse 3dnowprefetch osvw ibs skinit wdt hw_pstate npt lbrv svm_lock nrip_save
bogomips	: 6399.67
TLB size	: 1024 4K pages
clflush size	: 64
cache_alignment	: 64
address sizes	: 48 bits physical, 48 bits virtual
power management: ts ttp tm stc 100mhzsteps hwpstate



Memory: 4k page, physical 4048044k(129436k free), swap 0k(0k free)

vm_info: Java HotSpot(TM) 64-Bit Server VM (25.45-b02) for linux-amd64 JRE (1.8.0_45-b14), built on Apr 10 2015 10:07:45 by "java_re" with gcc 4.3.0 20080428 (Red Hat 4.3.0-8)

time: Sun Jul 19 21:20:49 2015
elapsed time: 1126 seconds (0d 0h 18m 46s)

