#
# There is insufficient memory for the Java Runtime Environment to continue.
# Native memory allocation (mmap) failed to map 32505856 bytes for committing reserved memory.
# Possible reasons:
#   The system is out of physical RAM or swap space
#   In 32 bit mode, the process size limit was hit
# Possible solutions:
#   Reduce memory load on the system
#   Increase physical memory or swap space
#   Check if swap backing store is full
#   Use 64 bit Java on a 64 bit OS
#   Decrease Java heap size (-Xmx/-Xms)
#   Decrease number of Java threads
#   Decrease Java thread stack sizes (-Xss)
#   Set larger code cache with -XX:ReservedCodeCacheSize=
# This output file may be truncated or incomplete.
#
#  Out of Memory Error (os_linux.cpp:2673), pid=6558, tid=139935262676736
#
# JRE version: Java(TM) SE Runtime Environment (8.0_45-b14) (build 1.8.0_45-b14)
# Java VM: Java HotSpot(TM) 64-Bit Server VM (25.45-b02 mixed mode linux-amd64 compressed oops)
# Failed to write core dump. Core dumps have been disabled. To enable core dumping, try "ulimit -c unlimited" before starting Java again
#

---------------  T H R E A D  ---------------

Current thread (0x00007f4558078000):  VMThread [stack: 0x00007f45378f9000,0x00007f45379fa000] [id=6568]

Stack: [0x00007f45378f9000,0x00007f45379fa000],  sp=0x00007f45379f81e0,  free space=1020k
Native frames: (J=compiled Java code, j=interpreted, Vv=VM code, C=native code)
V  [libjvm.so+0xaac99a]  VMError::report_and_die()+0x2ba
V  [libjvm.so+0x4f333b]  report_vm_out_of_memory(char const*, int, unsigned long, VMErrorType, char const*)+0x8b
V  [libjvm.so+0x90e7c3]  os::Linux::commit_memory_impl(char*, unsigned long, bool)+0x103
V  [libjvm.so+0x90ed19]  os::pd_commit_memory(char*, unsigned long, unsigned long, bool)+0x29
V  [libjvm.so+0x90867a]  os::commit_memory(char*, unsigned long, unsigned long, bool)+0x2a
V  [libjvm.so+0x97bac3]  PSVirtualSpace::expand_by(unsigned long)+0x53
V  [libjvm.so+0x97cec8]  PSYoungGen::resize_generation(unsigned long, unsigned long)+0xf8
V  [libjvm.so+0x97c022]  PSYoungGen::resize(unsigned long, unsigned long)+0x22
V  [libjvm.so+0x9792fb]  PSScavenge::invoke_no_policy()+0xf7b
V  [libjvm.so+0x979a81]  PSScavenge::invoke()+0x41
V  [libjvm.so+0x932050]  ParallelScavengeHeap::failed_mem_allocate(unsigned long)+0x70
V  [libjvm.so+0xaae1d7]  VM_ParallelGCFailedAllocation::doit()+0x97
V  [libjvm.so+0xab59c5]  VM_Operation::evaluate()+0x55
V  [libjvm.so+0xab3d9a]  VMThread::evaluate_operation(VM_Operation*)+0xba
V  [libjvm.so+0xab411e]  VMThread::loop()+0x1ce
V  [libjvm.so+0xab4590]  VMThread::run()+0x70
V  [libjvm.so+0x910de8]  java_start(Thread*)+0x108

VM_Operation (0x00007f455e08c0e0): ParallelGCFailedAllocation, mode: safepoint, requested by thread 0x00007f455800a000


---------------  P R O C E S S  ---------------

Java Threads: ( => current thread )
  0x00007f45580c2800 JavaThread "Service Thread" daemon [_thread_blocked, id=6575, stack(0x00007f4536f29000,0x00007f453702a000)]
  0x00007f45580bd800 JavaThread "C1 CompilerThread2" daemon [_thread_blocked, id=6574, stack(0x00007f453702a000,0x00007f453712b000)]
  0x00007f45580bb800 JavaThread "C2 CompilerThread1" daemon [_thread_blocked, id=6573, stack(0x00007f453712b000,0x00007f453722c000)]
  0x00007f45580b8800 JavaThread "C2 CompilerThread0" daemon [_thread_blocked, id=6572, stack(0x00007f453722c000,0x00007f453732d000)]
  0x00007f45580b7800 JavaThread "Signal Dispatcher" daemon [_thread_blocked, id=6571, stack(0x00007f453732d000,0x00007f453742e000)]
  0x00007f455807f000 JavaThread "Finalizer" daemon [_thread_blocked, id=6570, stack(0x00007f45376f7000,0x00007f45377f8000)]
  0x00007f455807d000 JavaThread "Reference Handler" daemon [_thread_blocked, id=6569, stack(0x00007f45377f8000,0x00007f45378f9000)]
  0x00007f455800a000 JavaThread "main" [_thread_blocked, id=6563, stack(0x00007f455df8d000,0x00007f455e08e000)]

Other Threads:
=>0x00007f4558078000 VMThread [stack: 0x00007f45378f9000,0x00007f45379fa000] [id=6568]
  0x00007f45580c5000 WatcherThread [stack: 0x00007f4536e28000,0x00007f4536f29000] [id=6576]

VM state:at safepoint (normal execution)

VM Mutex/Monitor currently owned by a thread:  ([mutex/lock_event])
[0x00007f45580066f0] Threads_lock - owner thread: 0x00007f4558078000
[0x00007f4558006bf0] Heap_lock - owner thread: 0x00007f455800a000

Heap:
 PSYoungGen      total 34304K, used 2557K [0x00000000eab00000, 0x00000000ecf00000, 0x0000000100000000)
  eden space 31744K, 0% used [0x00000000eab00000,0x00000000eab00000,0x00000000eca00000)
  from space 2560K, 99% used [0x00000000eca00000,0x00000000ecc7f708,0x00000000ecc80000)
  to   space 2560K, 0% used [0x00000000ecc80000,0x00000000ecc80000,0x00000000ecf00000)
 ParOldGen       total 42496K, used 17138K [0x00000000c0000000, 0x00000000c2980000, 0x00000000eab00000)
  object space 42496K, 40% used [0x00000000c0000000,0x00000000c10bc970,0x00000000c2980000)
 Metaspace       used 7087K, capacity 7480K, committed 7680K, reserved 1056768K
  class space    used 737K, capacity 752K, committed 768K, reserved 1048576K

Card table byte_map: [0x00007f45479a5000,0x00007f4547ba6000] byte_map_base: 0x00007f45473a5000

Marking Bits: (ParMarkBitMap*) 0x00007f455d469760
 Begin Bits: [0x00007f45455a1000, 0x00007f45465a1000)
 End Bits:   [0x00007f45465a1000, 0x00007f45475a1000)

Polling page: 0x00007f455e0b0000

CodeCache: size=245760Kb used=4923Kb max_used=4932Kb free=240836Kb
 bounds [0x00007f4547f66000, 0x00007f4548446000, 0x00007f4556f66000]
 total_blobs=1892 nmethods=1599 adapters=207
 compilation: enabled

Compilation events (10 events):
Event: 1.612 Thread 0x00007f45580bd800 1624       2       com.android.dx.io.instructions.InstructionCodec$23::encode (37 bytes)
Event: 1.616 Thread 0x00007f45580b8800 nmethod 1535 0x00007f4548435ed0 code [0x00007f4548436360, 0x00007f4548439448]
Event: 1.616 Thread 0x00007f45580b8800 1609       4       com.android.dx.io.instructions.InstructionCodec::encodeRegisterList (48 bytes)
Event: 1.620 Thread 0x00007f45580b8800 nmethod 1609 0x00007f4548432510 code [0x00007f45484326a0, 0x00007f45484329f8]
Event: 1.620 Thread 0x00007f45580b8800 1590       4       com.android.dex.Dex$Section::write (33 bytes)
Event: 1.621 Thread 0x00007f45580bd800 nmethod 1624 0x00007f4548435790 code [0x00007f4548435920, 0x00007f4548435bd8]
Event: 1.621 Thread 0x00007f45580bd800 1625       1       com.android.dx.io.instructions.PackedSwitchPayloadDecodedInstruction::getTargets (5 bytes)
Event: 1.621 Thread 0x00007f45580bd800 nmethod 1625 0x00007f4548432250 code [0x00007f45484323a0, 0x00007f45484324b0]
Event: 1.621 Thread 0x00007f45580bd800 1626       1       com.android.dx.io.instructions.PackedSwitchPayloadDecodedInstruction::getFirstKey (5 bytes)
Event: 1.621 Thread 0x00007f45580bd800 nmethod 1626 0x00007f45484354d0 code [0x00007f4548435620, 0x00007f4548435730]

GC Heap History (5 events):
Event: 0.886 GC heap before
{Heap before GC invocations=1 (full 0):
 PSYoungGen      total 18432K, used 15789K [0x00000000eab00000, 0x00000000ebf80000, 0x0000000100000000)
  eden space 15872K, 99% used [0x00000000eab00000,0x00000000eba6b548,0x00000000eba80000)
  from space 2560K, 0% used [0x00000000ebd00000,0x00000000ebd00000,0x00000000ebf80000)
  to   space 2560K, 0% used [0x00000000eba80000,0x00000000eba80000,0x00000000ebd00000)
 ParOldGen       total 42496K, used 0K [0x00000000c0000000, 0x00000000c2980000, 0x00000000eab00000)
  object space 42496K, 0% used [0x00000000c0000000,0x00000000c0000000,0x00000000c2980000)
 Metaspace       used 5194K, capacity 6576K, committed 6784K, reserved 1056768K
  class space    used 538K, capacity 616K, committed 640K, reserved 1048576K
Event: 0.997 GC heap after
Heap after GC invocations=1 (full 0):
 PSYoungGen      total 18432K, used 2531K [0x00000000eab00000, 0x00000000ecf00000, 0x0000000100000000)
  eden space 15872K, 0% used [0x00000000eab00000,0x00000000eab00000,0x00000000eba80000)
  from space 2560K, 98% used [0x00000000eba80000,0x00000000ebcf8cb0,0x00000000ebd00000)
  to   space 2560K, 0% used [0x00000000ecc80000,0x00000000ecc80000,0x00000000ecf00000)
 ParOldGen       total 42496K, used 2529K [0x00000000c0000000, 0x00000000c2980000, 0x00000000eab00000)
  object space 42496K, 5% used [0x00000000c0000000,0x00000000c0278698,0x00000000c2980000)
 Metaspace       used 5194K, capacity 6576K, committed 6784K, reserved 1056768K
  class space    used 538K, capacity 616K, committed 640K, reserved 1048576K
}
Event: 1.322 GC heap before
{Heap before GC invocations=2 (full 0):
 PSYoungGen      total 18432K, used 18403K [0x00000000eab00000, 0x00000000ecf00000, 0x0000000100000000)
  eden space 15872K, 100% used [0x00000000eab00000,0x00000000eba80000,0x00000000eba80000)
  from space 2560K, 98% used [0x00000000eba80000,0x00000000ebcf8cb0,0x00000000ebd00000)
  to   space 2560K, 0% used [0x00000000ecc80000,0x00000000ecc80000,0x00000000ecf00000)
 ParOldGen       total 42496K, used 2529K [0x00000000c0000000, 0x00000000c2980000, 0x00000000eab00000)
  object space 42496K, 5% used [0x00000000c0000000,0x00000000c0278698,0x00000000c2980000)
 Metaspace       used 7034K, capacity 7480K, committed 7680K, reserved 1056768K
  class space    used 737K, capacity 752K, committed 768K, reserved 1048576K
Event: 1.330 GC heap after
Heap after GC invocations=2 (full 0):
 PSYoungGen      total 34304K, used 2535K [0x00000000eab00000, 0x00000000ecf00000, 0x0000000100000000)
  eden space 31744K, 0% used [0x00000000eab00000,0x00000000eab00000,0x00000000eca00000)
  from space 2560K, 99% used [0x00000000ecc80000,0x00000000ecef9e80,0x00000000ecf00000)
  to   space 2560K, 0% used [0x00000000eca00000,0x00000000eca00000,0x00000000ecc80000)
 ParOldGen       total 42496K, used 8281K [0x00000000c0000000, 0x00000000c2980000, 0x00000000eab00000)
  object space 42496K, 19% used [0x00000000c0000000,0x00000000c0816400,0x00000000c2980000)
 Metaspace       used 7034K, capacity 7480K, committed 7680K, reserved 1056768K
  class space    used 737K, capacity 752K, committed 768K, reserved 1048576K
}
Event: 1.625 GC heap before
{Heap before GC invocations=3 (full 0):
 PSYoungGen      total 34304K, used 34279K [0x00000000eab00000, 0x00000000ecf00000, 0x0000000100000000)
  eden space 31744K, 100% used [0x00000000eab00000,0x00000000eca00000,0x00000000eca00000)
  from space 2560K, 99% used [0x00000000ecc80000,0x00000000ecef9e80,0x00000000ecf00000)
  to   space 2560K, 0% used [0x00000000eca00000,0x00000000eca00000,0x00000000ecc80000)
 ParOldGen       total 42496K, used 8281K [0x00000000c0000000, 0x00000000c2980000, 0x00000000eab00000)
  object space 42496K, 19% used [0x00000000c0000000,0x00000000c0816400,0x00000000c2980000)
 Metaspace       used 7087K, capacity 7480K, committed 7680K, reserved 1056768K
  class space    used 737K, capacity 752K, committed 768K, reserved 1048576K

Deoptimization events (10 events):
Event: 1.023 Thread 0x00007f455800a000 Uncommon trap: reason=bimorphic action=maybe_recompile pc=0x00007f45481ed310 method=java.util.HashMap.getNode(ILjava/lang/Object;)Ljava/util/HashMap$Node; @ 126
Event: 1.027 Thread 0x00007f455800a000 Uncommon trap: reason=bimorphic action=maybe_recompile pc=0x00007f45481ed310 method=java.util.HashMap.getNode(ILjava/lang/Object;)Ljava/util/HashMap$Node; @ 126
Event: 1.027 Thread 0x00007f455800a000 Uncommon trap: reason=bimorphic action=maybe_recompile pc=0x00007f45481ed310 method=java.util.HashMap.getNode(ILjava/lang/Object;)Ljava/util/HashMap$Node; @ 126
Event: 1.027 Thread 0x00007f455800a000 Uncommon trap: reason=bimorphic action=maybe_recompile pc=0x00007f45481ed310 method=java.util.HashMap.getNode(ILjava/lang/Object;)Ljava/util/HashMap$Node; @ 126
Event: 1.077 Thread 0x00007f455800a000 Uncommon trap: reason=unstable_if action=reinterpret pc=0x00007f45482a1c50 method=com.android.dx.util.ByteArrayAnnotatedOutput.writeByte(I)V @ 13
Event: 1.160 Thread 0x00007f455800a000 Uncommon trap: reason=predicate action=maybe_recompile pc=0x00007f45482f1b48 method=com.android.dex.Leb128.writeUnsignedLeb128(Lcom/android/dex/util/ByteOutput;I)V @ 9
Event: 1.208 Thread 0x00007f455800a000 Uncommon trap: reason=unstable_if action=reinterpret pc=0x00007f45482de3f8 method=sun.misc.MetaIndex.mayContain(Ljava/lang/String;)Z @ 13
Event: 1.250 Thread 0x00007f455800a000 Uncommon trap: reason=predicate action=maybe_recompile pc=0x00007f454832f398 method=com.android.dex.Leb128.readUnsignedLeb128(Lcom/android/dex/util/ByteInput;)I @ 41
Event: 1.259 Thread 0x00007f455800a000 Uncommon trap: reason=unstable_if action=reinterpret pc=0x00007f45482bdf9c method=java.util.HashMap.getNode(ILjava/lang/Object;)Ljava/util/HashMap$Node; @ 84
Event: 1.259 Thread 0x00007f455800a000 Uncommon trap: reason=unstable_if action=reinterpret pc=0x00007f45482b5bf8 method=java.util.HashMap.getNode(ILjava/lang/Object;)Ljava/util/HashMap$Node; @ 84

Internal exceptions (6 events):
Event: 0.124 Thread 0x00007f455800a000 Exception <a 'java/lang/NoSuchMethodError': Method sun.misc.Unsafe.defineClass(Ljava/lang/String;[BII)Ljava/lang/Class; name or signature does not match> (0x00000000eab12a38) thrown at [/RE-WORK/workspace/8-2-build-linux-amd64/jdk8u45/3457/hotspot/src/sha
Event: 0.124 Thread 0x00007f455800a000 Exception <a 'java/lang/NoSuchMethodError': Method sun.misc.Unsafe.prefetchRead(Ljava/lang/Object;J)V name or signature does not match> (0x00000000eab12cc8) thrown at [/RE-WORK/workspace/8-2-build-linux-amd64/jdk8u45/3457/hotspot/src/share/vm/prims/jni.cp
Event: 1.208 Thread 0x00007f455800a000 Exception <a 'java/security/PrivilegedActionException'> (0x00000000eb1a8808) thrown at [/RE-WORK/workspace/8-2-build-linux-amd64/jdk8u45/3457/hotspot/src/share/vm/prims/jvm.cpp, line 1382]
Event: 1.208 Thread 0x00007f455800a000 Exception <a 'java/security/PrivilegedActionException'> (0x00000000eb1a8b50) thrown at [/RE-WORK/workspace/8-2-build-linux-amd64/jdk8u45/3457/hotspot/src/share/vm/prims/jvm.cpp, line 1382]
Event: 1.208 Thread 0x00007f455800a000 Exception <a 'java/security/PrivilegedActionException'> (0x00000000eb1ab000) thrown at [/RE-WORK/workspace/8-2-build-linux-amd64/jdk8u45/3457/hotspot/src/share/vm/prims/jvm.cpp, line 1382]
Event: 1.208 Thread 0x00007f455800a000 Exception <a 'java/security/PrivilegedActionException'> (0x00000000eb1ab348) thrown at [/RE-WORK/workspace/8-2-build-linux-amd64/jdk8u45/3457/hotspot/src/share/vm/prims/jvm.cpp, line 1382]

Events (10 events):
Event: 1.608 Thread 0x00007f455800a000 DEOPT UNPACKING pc=0x00007f4547fad233 sp=0x00007f455e08bf70 mode 0
Event: 1.610 Thread 0x00007f455800a000 DEOPT PACKING pc=0x00007f454838fd0e sp=0x00007f455e08c230
Event: 1.610 Thread 0x00007f455800a000 DEOPT UNPACKING pc=0x00007f4547fad233 sp=0x00007f455e08bf70 mode 0
Event: 1.613 Thread 0x00007f455800a000 DEOPT PACKING pc=0x00007f454838fd0e sp=0x00007f455e08c230
Event: 1.613 Thread 0x00007f455800a000 DEOPT UNPACKING pc=0x00007f4547fad233 sp=0x00007f455e08bf70 mode 0
Event: 1.615 Thread 0x00007f455800a000 DEOPT PACKING pc=0x00007f454838fd0e sp=0x00007f455e08c230
Event: 1.615 Thread 0x00007f455800a000 DEOPT UNPACKING pc=0x00007f4547fad233 sp=0x00007f455e08bf70 mode 0
Event: 1.617 Thread 0x00007f455800a000 DEOPT PACKING pc=0x00007f454838fd0e sp=0x00007f455e08c230
Event: 1.617 Thread 0x00007f455800a000 DEOPT UNPACKING pc=0x00007f4547fad233 sp=0x00007f455e08bf70 mode 0
Event: 1.622 Executing VM operation: ParallelGCFailedAllocation


Dynamic libraries:
00400000-00401000 r-xp 00000000 08:03 1572315                            /opt/java/jdk1.8.0_45/bin/java
00600000-00601000 rw-p 00000000 08:03 1572315                            /opt/java/jdk1.8.0_45/bin/java
00818000-00839000 rw-p 00000000 00:00 0                                  [heap]
c0000000-c2980000 rw-p 00000000 00:00 0 
c2980000-eab00000 ---p 00000000 00:00 0 
eab00000-ecf00000 rw-p 00000000 00:00 0 
eee00000-100000000 ---p 00000000 00:00 0 
100000000-1000c0000 rw-p 00000000 00:00 0 
1000c0000-140000000 ---p 00000000 00:00 0 
7f4508000000-7f4508021000 rw-p 00000000 00:00 0 
7f4508021000-7f450c000000 ---p 00000000 00:00 0 
7f4510000000-7f4510406000 rw-p 00000000 00:00 0 
7f4510406000-7f4514000000 ---p 00000000 00:00 0 
7f4514000000-7f4514021000 rw-p 00000000 00:00 0 
7f4514021000-7f4518000000 ---p 00000000 00:00 0 
7f4518000000-7f451852f000 rw-p 00000000 00:00 0 
7f451852f000-7f451c000000 ---p 00000000 00:00 0 
7f451c000000-7f451c541000 rw-p 00000000 00:00 0 
7f451c541000-7f4520000000 ---p 00000000 00:00 0 
7f4520000000-7f4520021000 rw-p 00000000 00:00 0 
7f4520021000-7f4524000000 ---p 00000000 00:00 0 
7f4524000000-7f4524021000 rw-p 00000000 00:00 0 
7f4524021000-7f4528000000 ---p 00000000 00:00 0 
7f4528000000-7f452828a000 rw-p 00000000 00:00 0 
7f452828a000-7f452c000000 ---p 00000000 00:00 0 
7f452c000000-7f452c021000 rw-p 00000000 00:00 0 
7f452c021000-7f4530000000 ---p 00000000 00:00 0 
7f4530000000-7f4530021000 rw-p 00000000 00:00 0 
7f4530021000-7f4534000000 ---p 00000000 00:00 0 
7f4536dfd000-7f4536e19000 r--s 00393000 08:03 1574015                    /opt/java/jdk1.8.0_45/jre/lib/ext/cldrdata.jar
7f4536e19000-7f4536e28000 r--s 000dd000 00:19 9438599                    /home/mike/Android/Sdk/build-tools/22.0.1/lib/dx.jar
7f4536e28000-7f4536e29000 ---p 00000000 00:00 0 
7f4536e29000-7f4536f29000 rw-p 00000000 00:00 0                          [stack:6576]
7f4536f29000-7f4536f2c000 ---p 00000000 00:00 0 
7f4536f2c000-7f453702a000 rw-p 00000000 00:00 0                          [stack:6575]
7f453702a000-7f453702d000 ---p 00000000 00:00 0 
7f453702d000-7f453712b000 rw-p 00000000 00:00 0                          [stack:6574]
7f453712b000-7f453712e000 ---p 00000000 00:00 0 
7f453712e000-7f453722c000 rw-p 00000000 00:00 0                          [stack:6573]
7f453722c000-7f453722f000 ---p 00000000 00:00 0 
7f453722f000-7f453732d000 rw-p 00000000 00:00 0                          [stack:6572]
7f453732d000-7f4537330000 ---p 00000000 00:00 0 
7f4537330000-7f453742e000 rw-p 00000000 00:00 0                          [stack:6571]
7f453742e000-7f45376f7000 r--p 00000000 08:03 266989                     /usr/lib/locale/locale-archive
7f45376f7000-7f45376fa000 ---p 00000000 00:00 0 
7f45376fa000-7f45377f8000 rw-p 00000000 00:00 0                          [stack:6570]
7f45377f8000-7f45377fb000 ---p 00000000 00:00 0 
7f45377fb000-7f45378f9000 rw-p 00000000 00:00 0                          [stack:6569]
7f45378f9000-7f45378fa000 ---p 00000000 00:00 0 
7f45378fa000-7f4538000000 rw-p 00000000 00:00 0                          [stack:6568]
7f4538000000-7f4538021000 rw-p 00000000 00:00 0 
7f4538021000-7f453c000000 ---p 00000000 00:00 0 
7f453c000000-7f453c021000 rw-p 00000000 00:00 0 
7f453c021000-7f4540000000 ---p 00000000 00:00 0 
7f4540000000-7f4540021000 rw-p 00000000 00:00 0 
7f4540021000-7f4544000000 ---p 00000000 00:00 0 
7f4544007000-7f4544952000 rw-p 00000000 00:00 0 
7f4544952000-7f4544b2b000 r--s 03d09000 08:03 1573810                    /opt/java/jdk1.8.0_45/jre/lib/rt.jar
7f4544b2b000-7f4545261000 rw-p 00000000 00:00 0 
7f4545261000-7f45453a1000 ---p 00000000 00:00 0 
7f45453a1000-7f45475a1000 rw-p 00000000 00:00 0 
7f45475a1000-7f45475a2000 ---p 00000000 00:00 0 
7f45475a2000-7f45476a2000 rw-p 00000000 00:00 0                          [stack:6567]
7f45476a2000-7f45476a3000 ---p 00000000 00:00 0 
7f45476a3000-7f45477a3000 rw-p 00000000 00:00 0                          [stack:6566]
7f45477a3000-7f45477a4000 ---p 00000000 00:00 0 
7f45477a4000-7f45478a4000 rw-p 00000000 00:00 0                          [stack:6565]
7f45478a4000-7f45478a5000 ---p 00000000 00:00 0 
7f45478a5000-7f45479ba000 rw-p 00000000 00:00 0                          [stack:6564]
7f45479ba000-7f4547afa000 ---p 00000000 00:00 0 
7f4547afa000-7f4547b0d000 rw-p 00000000 00:00 0 
7f4547b0d000-7f4547ba5000 ---p 00000000 00:00 0 
7f4547ba5000-7f4547bba000 rw-p 00000000 00:00 0 
7f4547bba000-7f4547f66000 ---p 00000000 00:00 0 
7f4547f66000-7f4548446000 rwxp 00000000 00:00 0 
7f4548446000-7f4556f66000 ---p 00000000 00:00 0 
7f4556f66000-7f4556f80000 r-xp 00000000 08:03 1574049                    /opt/java/jdk1.8.0_45/jre/lib/amd64/libzip.so
7f4556f80000-7f4557180000 ---p 0001a000 08:03 1574049                    /opt/java/jdk1.8.0_45/jre/lib/amd64/libzip.so
7f4557180000-7f4557181000 rw-p 0001a000 08:03 1574049                    /opt/java/jdk1.8.0_45/jre/lib/amd64/libzip.so
7f4557181000-7f455718c000 r-xp 00000000 08:03 131807                     /lib/x86_64-linux-gnu/libnss_files-2.19.so
7f455718c000-7f455738b000 ---p 0000b000 08:03 131807                     /lib/x86_64-linux-gnu/libnss_files-2.19.so
7f455738b000-7f455738c000 r--p 0000a000 08:03 131807                     /lib/x86_64-linux-gnu/libnss_files-2.19.so
7f455738c000-7f455738d000 rw-p 0000b000 08:03 131807                     /lib/x86_64-linux-gnu/libnss_files-2.19.so
7f455738d000-7f4557398000 r-xp 00000000 08:03 131871                     /lib/x86_64-linux-gnu/libnss_nis-2.19.so
7f4557398000-7f4557597000 ---p 0000b000 08:03 131871                     /lib/x86_64-linux-gnu/libnss_nis-2.19.so
7f4557597000-7f4557598000 r--p 0000a000 08:03 131871                     /lib/x86_64-linux-gnu/libnss_nis-2.19.so
7f4557598000-7f4557599000 rw-p 0000b000 08:03 131871                     /lib/x86_64-linux-gnu/libnss_nis-2.19.so
7f4557599000-7f45575b0000 r-xp 00000000 08:03 131829                     /lib/x86_64-linux-gnu/libnsl-2.19.so
7f45575b0000-7f45577af000 ---p 00017000 08:03 131829                     /lib/x86_64-linux-gnu/libnsl-2.19.so
7f45577af000-7f45577b0000 r--p 00016000 08:03 131829                     /lib/x86_64-linux-gnu/libnsl-2.19.so
7f45577b0000-7f45577b1000 rw-p 00017000 08:03 131829                     /lib/x86_64-linux-gnu/libnsl-2.19.so
7f45577b1000-7f45577b3000 rw-p 00000000 00:00 0 
7f45577b3000-7f45577bc000 r-xp 00000000 08:03 131828                     /lib/x86_64-linux-gnu/libnss_compat-2.19.so
7f45577bc000-7f45579bb000 ---p 00009000 08:03 131828                     /lib/x86_64-linux-gnu/libnss_compat-2.19.so
7f45579bb000-7f45579bc000 r--p 00008000 08:03 131828                     /lib/x86_64-linux-gnu/libnss_compat-2.19.so
7f45579bc000-7f45579bd000 rw-p 00009000 08:03 131828                     /lib/x86_64-linux-gnu/libnss_compat-2.19.so
7f45579bd000-7f45579e7000 r-xp 00000000 08:03 1574040                    /opt/java/jdk1.8.0_45/jre/lib/amd64/libjava.so
7f45579e7000-7f4557be7000 ---p 0002a000 08:03 1574040                    /opt/java/jdk1.8.0_45/jre/lib/amd64/libjava.so
7f4557be7000-7f4557be9000 rw-p 0002a000 08:03 1574040                    /opt/java/jdk1.8.0_45/jre/lib/amd64/libjava.so
7f4557be9000-7f4557bf6000 r-xp 00000000 08:03 1574047                    /opt/java/jdk1.8.0_45/jre/lib/amd64/libverify.so
7f4557bf6000-7f4557df6000 ---p 0000d000 08:03 1574047                    /opt/java/jdk1.8.0_45/jre/lib/amd64/libverify.so
7f4557df6000-7f4557df8000 rw-p 0000d000 08:03 1574047                    /opt/java/jdk1.8.0_45/jre/lib/amd64/libverify.so
7f4557df8000-7f4557dff000 r-xp 00000000 08:03 131868                     /lib/x86_64-linux-gnu/librt-2.19.so
7f4557dff000-7f4557ffe000 ---p 00007000 08:03 131868                     /lib/x86_64-linux-gnu/librt-2.19.so
7f4557ffe000-7f4557fff000 r--p 00006000 08:03 131868                     /lib/x86_64-linux-gnu/librt-2.19.so
7f4557fff000-7f4558000000 rw-p 00007000 08:03 131868                     /lib/x86_64-linux-gnu/librt-2.19.so
7f4558000000-7f4558390000 rw-p 00000000 00:00 0 
7f4558390000-7f455c000000 ---p 00000000 00:00 0 
7f455c002000-7f455c00d000 r--s 00116000 08:03 1574017                    /opt/java/jdk1.8.0_45/jre/lib/ext/localedata.jar
7f455c00d000-7f455c085000 rw-p 00000000 00:00 0 
7f455c085000-7f455c1c6000 ---p 00000000 00:00 0 
7f455c1c6000-7f455c2cb000 r-xp 00000000 08:03 131806                     /lib/x86_64-linux-gnu/libm-2.19.so
7f455c2cb000-7f455c4ca000 ---p 00105000 08:03 131806                     /lib/x86_64-linux-gnu/libm-2.19.so
7f455c4ca000-7f455c4cb000 r--p 00104000 08:03 131806                     /lib/x86_64-linux-gnu/libm-2.19.so
7f455c4cb000-7f455c4cc000 rw-p 00105000 08:03 131806                     /lib/x86_64-linux-gnu/libm-2.19.so
7f455c4cc000-7f455d17a000 r-xp 00000000 08:03 1574060                    /opt/java/jdk1.8.0_45/jre/lib/amd64/server/libjvm.so
7f455d17a000-7f455d379000 ---p 00cae000 08:03 1574060                    /opt/java/jdk1.8.0_45/jre/lib/amd64/server/libjvm.so
7f455d379000-7f455d450000 rw-p 00cad000 08:03 1574060                    /opt/java/jdk1.8.0_45/jre/lib/amd64/server/libjvm.so
7f455d450000-7f455d494000 rw-p 00000000 00:00 0 
7f455d494000-7f455d64f000 r-xp 00000000 08:03 131857                     /lib/x86_64-linux-gnu/libc-2.19.so
7f455d64f000-7f455d84e000 ---p 001bb000 08:03 131857                     /lib/x86_64-linux-gnu/libc-2.19.so
7f455d84e000-7f455d852000 r--p 001ba000 08:03 131857                     /lib/x86_64-linux-gnu/libc-2.19.so
7f455d852000-7f455d854000 rw-p 001be000 08:03 131857                     /lib/x86_64-linux-gnu/libc-2.19.so
7f455d854000-7f455d859000 rw-p 00000000 00:00 0 
7f455d859000-7f455d85c000 r-xp 00000000 08:03 131810                     /lib/x86_64-linux-gnu/libdl-2.19.so
7f455d85c000-7f455da5b000 ---p 00003000 08:03 131810                     /lib/x86_64-linux-gnu/libdl-2.19.so
7f455da5b000-7f455da5c000 r--p 00002000 08:03 131810                     /lib/x86_64-linux-gnu/libdl-2.19.so
7f455da5c000-7f455da5d000 rw-p 00003000 08:03 131810                     /lib/x86_64-linux-gnu/libdl-2.19.so
7f455da5d000-7f455da72000 r-xp 00000000 08:03 1573749                    /opt/java/jdk1.8.0_45/lib/amd64/jli/libjli.so
7f455da72000-7f455dc72000 ---p 00015000 08:03 1573749                    /opt/java/jdk1.8.0_45/lib/amd64/jli/libjli.so
7f455dc72000-7f455dc73000 rw-p 00015000 08:03 1573749                    /opt/java/jdk1.8.0_45/lib/amd64/jli/libjli.so
7f455dc73000-7f455dc8c000 r-xp 00000000 08:03 131858                     /lib/x86_64-linux-gnu/libpthread-2.19.so
7f455dc8c000-7f455de8b000 ---p 00019000 08:03 131858                     /lib/x86_64-linux-gnu/libpthread-2.19.so
7f455de8b000-7f455de8c000 r--p 00018000 08:03 131858                     /lib/x86_64-linux-gnu/libpthread-2.19.so
7f455de8c000-7f455de8d000 rw-p 00019000 08:03 131858                     /lib/x86_64-linux-gnu/libpthread-2.19.so
7f455de8d000-7f455de91000 rw-p 00000000 00:00 0 
7f455de91000-7f455deb4000 r-xp 00000000 08:03 131833                     /lib/x86_64-linux-gnu/ld-2.19.so
7f455deb5000-7f455deb6000 rw-p 00000000 00:00 0 
7f455deb6000-7f455debb000 r--s 00094000 08:03 1573828                    /opt/java/jdk1.8.0_45/jre/lib/jsse.jar
7f455debb000-7f455df8d000 rw-p 00000000 00:00 0 
7f455df8d000-7f455df90000 ---p 00000000 00:00 0 
7f455df90000-7f455e092000 rw-p 00000000 00:00 0                          [stack:6563]
7f455e092000-7f455e093000 r--p 00000000 08:03 672594                     /usr/share/locale-langpack/en_GB/LC_MESSAGES/libc.mo
7f455e093000-7f455e0a7000 rw-p 00000000 00:00 0 
7f455e0a7000-7f455e0af000 rw-s 00000000 08:03 1574113                    /tmp/hsperfdata_mike/6558
7f455e0af000-7f455e0b0000 rw-p 00000000 00:00 0 
7f455e0b0000-7f455e0b1000 ---p 00000000 00:00 0 
7f455e0b1000-7f455e0b3000 rw-p 00000000 00:00 0 
7f455e0b3000-7f455e0b4000 r--p 00022000 08:03 131833                     /lib/x86_64-linux-gnu/ld-2.19.so
7f455e0b4000-7f455e0b5000 rw-p 00023000 08:03 131833                     /lib/x86_64-linux-gnu/ld-2.19.so
7f455e0b5000-7f455e0b6000 rw-p 00000000 00:00 0 
7fff8c947000-7fff8c968000 rw-p 00000000 00:00 0                          [stack]
7fff8c9fe000-7fff8ca00000 r-xp 00000000 00:00 0                          [vdso]
ffffffffff600000-ffffffffff601000 r-xp 00000000 00:00 0                  [vsyscall]

VM Arguments:
jvm_args: -Xmx1024M -Dfile.encoding=UTF-8 -Duser.country=GB -Duser.language=en -Duser.variant 
java_command: com.android.dx.command.Main --dex --output /home/mike/AndroidStudioProjects/JumbleWords/app/build/intermediates/dex/debug /home/mike/AndroidStudioProjects/JumbleWords/app/build/intermediates/classes/debug /home/mike/AndroidStudioProjects/JumbleWords/app/build/intermediates/pre-dexed/debug/support-annotations-22.2.0-bfa71d602cc0e11fce5350ed544c9f5e4d4a05e4.jar /home/mike/AndroidStudioProjects/JumbleWords/app/build/intermediates/pre-dexed/debug/internal_impl-22.2.0-4e384c9fa3f70d5b887f79474a70d565374e492b.jar /home/mike/AndroidStudioProjects/JumbleWords/app/build/intermediates/pre-dexed/debug/classes-c725f4d3693b5721f9f0f0cef61e13d4dd44efcc.jar /home/mike/AndroidStudioProjects/JumbleWords/app/build/intermediates/pre-dexed/debug/classes-b50f961f75b442eaad78f4427186c2f72ac76cc9.jar
java_class_path (initial): /home/mike/Android/Sdk/build-tools/22.0.1/lib/dx.jar
Launcher Type: SUN_STANDARD

Environment Variables:
PATH=/usr/local/sbin:/usr/local/bin:/usr/sbin:/usr/bin:/sbin:/bin:/usr/games:/usr/local/games
USERNAME=mike
LD_LIBRARY_PATH=/opt/android-studio/bin:
SHELL=/bin/bash
DISPLAY=:0

Signal Handlers:
SIGSEGV: [libjvm.so+0xaad1e0], sa_mask[0]=11111111011111111101111111111110, sa_flags=SA_RESTART|SA_SIGINFO
SIGBUS: [libjvm.so+0xaad1e0], sa_mask[0]=11111111011111111101111111111110, sa_flags=SA_RESTART|SA_SIGINFO
SIGFPE: [libjvm.so+0x90b450], sa_mask[0]=11111111011111111101111111111110, sa_flags=SA_RESTART|SA_SIGINFO
SIGPIPE: [libjvm.so+0x90b450], sa_mask[0]=11111111011111111101111111111110, sa_flags=SA_RESTART|SA_SIGINFO
SIGXFSZ: [libjvm.so+0x90b450], sa_mask[0]=11111111011111111101111111111110, sa_flags=SA_RESTART|SA_SIGINFO
SIGILL: [libjvm.so+0x90b450], sa_mask[0]=11111111011111111101111111111110, sa_flags=SA_RESTART|SA_SIGINFO
SIGUSR1: SIG_DFL, sa_mask[0]=00000000000000000000000000000000, sa_flags=none
SIGUSR2: [libjvm.so+0x90ca90], sa_mask[0]=00100000000000000000000000000000, sa_flags=SA_RESTART|SA_SIGINFO
SIGHUP: [libjvm.so+0x90dde0], sa_mask[0]=11111111011111111101111111111110, sa_flags=SA_RESTART|SA_SIGINFO
SIGINT: [libjvm.so+0x90dde0], sa_mask[0]=11111111011111111101111111111110, sa_flags=SA_RESTART|SA_SIGINFO
SIGTERM: [libjvm.so+0x90dde0], sa_mask[0]=11111111011111111101111111111110, sa_flags=SA_RESTART|SA_SIGINFO
SIGQUIT: [libjvm.so+0x90dde0], sa_mask[0]=11111111011111111101111111111110, sa_flags=SA_RESTART|SA_SIGINFO


---------------  S Y S T E M  ---------------

OS:DISTRIB_ID=LinuxMint
DISTRIB_RELEASE=17.1
DISTRIB_CODENAME=rebecca
DISTRIB_DESCRIPTION="Linux Mint 17.1 Rebecca"

uname:Linux 3.13.0-37-generic #64-Ubuntu SMP Mon Sep 22 21:28:38 UTC 2014 x86_64
libc:glibc 2.19 NPTL 2.19 
rlimit: STACK 8192k, CORE 0k, NPROC 30882, NOFILE 4096, AS infinity
load average:1.88 1.63 1.57

/proc/meminfo:
MemTotal:        4048044 kB
MemFree:          102504 kB
Buffers:             256 kB
Cached:            41592 kB
SwapCached:            0 kB
Active:          3469016 kB
Inactive:          38152 kB
Active(anon):    3468164 kB
Inactive(anon):    31356 kB
Active(file):        852 kB
Inactive(file):     6796 kB
Unevictable:         160 kB
Mlocked:             160 kB
SwapTotal:             0 kB
SwapFree:              0 kB
Dirty:                40 kB
Writeback:             0 kB
AnonPages:       3466156 kB
Mapped:           191888 kB
Shmem:             33524 kB
Slab:              59148 kB
SReclaimable:      20656 kB
SUnreclaim:        38492 kB
KernelStack:        4504 kB
PageTables:        31992 kB
NFS_Unstable:          0 kB
Bounce:                0 kB
WritebackTmp:          0 kB
CommitLimit:     2024020 kB
Committed_AS:    5972016 kB
VmallocTotal:   34359738367 kB
VmallocUsed:      306148 kB
VmallocChunk:   34359428340 kB
HardwareCorrupted:     0 kB
AnonHugePages:   1546240 kB
HugePages_Total:       0
HugePages_Free:        0
HugePages_Rsvd:        0
HugePages_Surp:        0
Hugepagesize:       2048 kB
DirectMap4k:      491072 kB
DirectMap2M:     3702784 kB
DirectMap1G:           0 kB


CPU:total 4 (4 cores per cpu, 1 threads per core) family 16 model 4 stepping 2, cmov, cx8, fxsr, mmx, sse, sse2, sse3, popcnt, mmxext, 3dnowpref, lzcnt, sse4a, tsc, tscinvbit, tscinv

/proc/cpuinfo:
processor	: 0
vendor_id	: AuthenticAMD
cpu family	: 16
model		: 4
model name	: AMD Phenom(tm) II X4 955 Processor
stepping	: 2
microcode	: 0x1000086
cpu MHz		: 800.000
cache size	: 512 KB
physical id	: 0
siblings	: 4
core id		: 0
cpu cores	: 4
apicid		: 0
initial apicid	: 0
fpu		: yes
fpu_exception	: yes
cpuid level	: 5
wp		: yes
flags		: fpu vme de pse tsc msr pae mce cx8 apic sep mtrr pge mca cmov pat pse36 clflush mmx fxsr sse sse2 ht syscall nx mmxext fxsr_opt pdpe1gb rdtscp lm 3dnowext 3dnow constant_tsc rep_good nopl nonstop_tsc extd_apicid pni monitor cx16 popcnt lahf_lm cmp_legacy svm extapic cr8_legacy abm sse4a misalignsse 3dnowprefetch osvw ibs skinit wdt hw_pstate npt lbrv svm_lock nrip_save
bogomips	: 6399.98
TLB size	: 1024 4K pages
clflush size	: 64
cache_alignment	: 64
address sizes	: 48 bits physical, 48 bits virtual
power management: ts ttp tm stc 100mhzsteps hwpstate

processor	: 1
vendor_id	: AuthenticAMD
cpu family	: 16
model		: 4
model name	: AMD Phenom(tm) II X4 955 Processor
stepping	: 2
microcode	: 0x1000086
cpu MHz		: 800.000
cache size	: 512 KB
physical id	: 0
siblings	: 4
core id		: 1
cpu cores	: 4
apicid		: 1
initial apicid	: 1
fpu		: yes
fpu_exception	: yes
cpuid level	: 5
wp		: yes
flags		: fpu vme de pse tsc msr pae mce cx8 apic sep mtrr pge mca cmov pat pse36 clflush mmx fxsr sse sse2 ht syscall nx mmxext fxsr_opt pdpe1gb rdtscp lm 3dnowext 3dnow constant_tsc rep_good nopl nonstop_tsc extd_apicid pni monitor cx16 popcnt lahf_lm cmp_legacy svm extapic cr8_legacy abm sse4a misalignsse 3dnowprefetch osvw ibs skinit wdt hw_pstate npt lbrv svm_lock nrip_save
bogomips	: 6399.98
TLB size	: 1024 4K pages
clflush size	: 64
cache_alignment	: 64
address sizes	: 48 bits physical, 48 bits virtual
power management: ts ttp tm stc 100mhzsteps hwpstate

processor	: 2
vendor_id	: AuthenticAMD
cpu family	: 16
model		: 4
model name	: AMD Phenom(tm) II X4 955 Processor
stepping	: 2
microcode	: 0x1000086
cpu MHz		: 800.000
cache size	: 512 KB
physical id	: 0
siblings	: 4
core id		: 2
cpu cores	: 4
apicid		: 2
initial apicid	: 2
fpu		: yes
fpu_exception	: yes
cpuid level	: 5
wp		: yes
flags		: fpu vme de pse tsc msr pae mce cx8 apic sep mtrr pge mca cmov pat pse36 clflush mmx fxsr sse sse2 ht syscall nx mmxext fxsr_opt pdpe1gb rdtscp lm 3dnowext 3dnow constant_tsc rep_good nopl nonstop_tsc extd_apicid pni monitor cx16 popcnt lahf_lm cmp_legacy svm extapic cr8_legacy abm sse4a misalignsse 3dnowprefetch osvw ibs skinit wdt hw_pstate npt lbrv svm_lock nrip_save
bogomips	: 6399.98
TLB size	: 1024 4K pages
clflush size	: 64
cache_alignment	: 64
address sizes	: 48 bits physical, 48 bits virtual
power management: ts ttp tm stc 100mhzsteps hwpstate

processor	: 3
vendor_id	: AuthenticAMD
cpu family	: 16
model		: 4
model name	: AMD Phenom(tm) II X4 955 Processor
stepping	: 2
microcode	: 0x1000086
cpu MHz		: 800.000
cache size	: 512 KB
physical id	: 0
siblings	: 4
core id		: 3
cpu cores	: 4
apicid		: 3
initial apicid	: 3
fpu		: yes
fpu_exception	: yes
cpuid level	: 5
wp		: yes
flags		: fpu vme de pse tsc msr pae mce cx8 apic sep mtrr pge mca cmov pat pse36 clflush mmx fxsr sse sse2 ht syscall nx mmxext fxsr_opt pdpe1gb rdtscp lm 3dnowext 3dnow constant_tsc rep_good nopl nonstop_tsc extd_apicid pni monitor cx16 popcnt lahf_lm cmp_legacy svm extapic cr8_legacy abm sse4a misalignsse 3dnowprefetch osvw ibs skinit wdt hw_pstate npt lbrv svm_lock nrip_save
bogomips	: 6399.98
TLB size	: 1024 4K pages
clflush size	: 64
cache_alignment	: 64
address sizes	: 48 bits physical, 48 bits virtual
power management: ts ttp tm stc 100mhzsteps hwpstate



Memory: 4k page, physical 4048044k(100396k free), swap 0k(0k free)

vm_info: Java HotSpot(TM) 64-Bit Server VM (25.45-b02) for linux-amd64 JRE (1.8.0_45-b14), built on Apr 10 2015 10:07:45 by "java_re" with gcc 4.3.0 20080428 (Red Hat 4.3.0-8)

time: Mon Jul 13 16:28:11 2015
elapsed time: 4 seconds (0d 0h 0m 4s)

