#
# There is insufficient memory for the Java Runtime Environment to continue.
# Native memory allocation (mmap) failed to map 32505856 bytes for committing reserved memory.
# Possible reasons:
#   The system is out of physical RAM or swap space
#   In 32 bit mode, the process size limit was hit
# Possible solutions:
#   Reduce memory load on the system
#   Increase physical memory or swap space
#   Check if swap backing store is full
#   Use 64 bit Java on a 64 bit OS
#   Decrease Java heap size (-Xmx/-Xms)
#   Decrease number of Java threads
#   Decrease Java thread stack sizes (-Xss)
#   Set larger code cache with -XX:ReservedCodeCacheSize=
# This output file may be truncated or incomplete.
#
#  Out of Memory Error (os_linux.cpp:2673), pid=6048, tid=139756170585856
#
# JRE version: Java(TM) SE Runtime Environment (8.0_45-b14) (build 1.8.0_45-b14)
# Java VM: Java HotSpot(TM) 64-Bit Server VM (25.45-b02 mixed mode linux-amd64 compressed oops)
# Failed to write core dump. Core dumps have been disabled. To enable core dumping, try "ulimit -c unlimited" before starting Java again
#

---------------  T H R E A D  ---------------

Current thread (0x00007f1b9c078000):  VMThread [stack: 0x00007f1b84d72000,0x00007f1b84e73000] [id=6058]

Stack: [0x00007f1b84d72000,0x00007f1b84e73000],  sp=0x00007f1b84e710e0,  free space=1020k
Native frames: (J=compiled Java code, j=interpreted, Vv=VM code, C=native code)
V  [libjvm.so+0xaac99a]  VMError::report_and_die()+0x2ba
V  [libjvm.so+0x4f333b]  report_vm_out_of_memory(char const*, int, unsigned long, VMErrorType, char const*)+0x8b
V  [libjvm.so+0x90e7c3]  os::Linux::commit_memory_impl(char*, unsigned long, bool)+0x103
V  [libjvm.so+0x90ed19]  os::pd_commit_memory(char*, unsigned long, unsigned long, bool)+0x29
V  [libjvm.so+0x90867a]  os::commit_memory(char*, unsigned long, unsigned long, bool)+0x2a
V  [libjvm.so+0x97bac3]  PSVirtualSpace::expand_by(unsigned long)+0x53
V  [libjvm.so+0x97cec8]  PSYoungGen::resize_generation(unsigned long, unsigned long)+0xf8
V  [libjvm.so+0x97c022]  PSYoungGen::resize(unsigned long, unsigned long)+0x22
V  [libjvm.so+0x9792fb]  PSScavenge::invoke_no_policy()+0xf7b
V  [libjvm.so+0x979a81]  PSScavenge::invoke()+0x41
V  [libjvm.so+0x932050]  ParallelScavengeHeap::failed_mem_allocate(unsigned long)+0x70
V  [libjvm.so+0xaae1d7]  VM_ParallelGCFailedAllocation::doit()+0x97
V  [libjvm.so+0xab59c5]  VM_Operation::evaluate()+0x55
V  [libjvm.so+0xab3d9a]  VMThread::evaluate_operation(VM_Operation*)+0xba
V  [libjvm.so+0xab411e]  VMThread::loop()+0x1ce
V  [libjvm.so+0xab4590]  VMThread::run()+0x70
V  [libjvm.so+0x910de8]  java_start(Thread*)+0x108

VM_Operation (0x00007f1ba3518c50): ParallelGCFailedAllocation, mode: safepoint, requested by thread 0x00007f1b9c00a000


---------------  P R O C E S S  ---------------

Java Threads: ( => current thread )
  0x00007f1b9c0ca800 JavaThread "Service Thread" daemon [_thread_blocked, id=6065, stack(0x00007f1b843a2000,0x00007f1b844a3000)]
  0x00007f1b9c0bd800 JavaThread "C1 CompilerThread2" daemon [_thread_blocked, id=6064, stack(0x00007f1b844a3000,0x00007f1b845a4000)]
  0x00007f1b9c0bb800 JavaThread "C2 CompilerThread1" daemon [_thread_blocked, id=6063, stack(0x00007f1b845a4000,0x00007f1b846a5000)]
  0x00007f1b9c0b8800 JavaThread "C2 CompilerThread0" daemon [_thread_in_native, id=6062, stack(0x00007f1b846a5000,0x00007f1b847a6000)]
  0x00007f1b9c0b7800 JavaThread "Signal Dispatcher" daemon [_thread_blocked, id=6061, stack(0x00007f1b847a6000,0x00007f1b848a7000)]
  0x00007f1b9c07f000 JavaThread "Finalizer" daemon [_thread_blocked, id=6060, stack(0x00007f1b84b70000,0x00007f1b84c71000)]
  0x00007f1b9c07d000 JavaThread "Reference Handler" daemon [_thread_blocked, id=6059, stack(0x00007f1b84c71000,0x00007f1b84d72000)]
  0x00007f1b9c00a000 JavaThread "main" [_thread_blocked, id=6053, stack(0x00007f1ba341a000,0x00007f1ba351b000)]

Other Threads:
=>0x00007f1b9c078000 VMThread [stack: 0x00007f1b84d72000,0x00007f1b84e73000] [id=6058]
  0x00007f1b9c0cd000 WatcherThread [stack: 0x00007f1b842a1000,0x00007f1b843a2000] [id=6066]

VM state:at safepoint (normal execution)

VM Mutex/Monitor currently owned by a thread:  ([mutex/lock_event])
[0x00007f1b9c0066f0] Threads_lock - owner thread: 0x00007f1b9c078000
[0x00007f1b9c006bf0] Heap_lock - owner thread: 0x00007f1b9c00a000

Heap:
 PSYoungGen      total 34304K, used 2534K [0x00000000eab00000, 0x00000000ecf00000, 0x0000000100000000)
  eden space 31744K, 0% used [0x00000000eab00000,0x00000000eab00000,0x00000000eca00000)
  from space 2560K, 98% used [0x00000000eca00000,0x00000000ecc79920,0x00000000ecc80000)
  to   space 2560K, 0% used [0x00000000ecc80000,0x00000000ecc80000,0x00000000ecf00000)
 ParOldGen       total 42496K, used 15565K [0x00000000c0000000, 0x00000000c2980000, 0x00000000eab00000)
  object space 42496K, 36% used [0x00000000c0000000,0x00000000c0f336f0,0x00000000c2980000)
 Metaspace       used 7078K, capacity 7480K, committed 7680K, reserved 1056768K
  class space    used 741K, capacity 752K, committed 768K, reserved 1048576K

Card table byte_map: [0x00007f1b8cdff000,0x00007f1b8d000000] byte_map_base: 0x00007f1b8c7ff000

Marking Bits: (ParMarkBitMap*) 0x00007f1ba28f6760
 Begin Bits: [0x00007f1b86000000, 0x00007f1b87000000)
 End Bits:   [0x00007f1b87000000, 0x00007f1b88000000)

Polling page: 0x00007f1ba353d000

CodeCache: size=245760Kb used=4484Kb max_used=4484Kb free=241275Kb
 bounds [0x00007f1b8d000000, 0x00007f1b8d470000, 0x00007f1b9c000000]
 total_blobs=1803 nmethods=1508 adapters=207
 compilation: enabled

Compilation events (10 events):
Event: 13.845 Thread 0x00007f1b9c0bd800 nmethod 1595 0x00007f1b8d45dd50 code [0x00007f1b8d45dea0, 0x00007f1b8d45e030]
Event: 13.845 Thread 0x00007f1b9c0bd800 1582       2       java.lang.ThreadLocal::getMap (5 bytes)
Event: 13.845 Thread 0x00007f1b9c0bd800 nmethod 1582 0x00007f1b8d459750 code [0x00007f1b8d4598a0, 0x00007f1b8d4599f0]
Event: 13.849 Thread 0x00007f1b9c0bd800 1598       2       com.android.dex.Dex$Section::readCatchHandler (82 bytes)
Event: 13.852 Thread 0x00007f1b9c0bd800 nmethod 1598 0x00007f1b8d458e90 code [0x00007f1b8d459040, 0x00007f1b8d4594b8]
Event: 13.852 Thread 0x00007f1b9c0bd800 1599       2       java.lang.Math::abs (11 bytes)
Event: 13.963 Thread 0x00007f1b9c0bd800 nmethod 1599 0x00007f1b8d45fd50 code [0x00007f1b8d45fea0, 0x00007f1b8d45fff0]
Event: 14.033 Thread 0x00007f1b9c0bd800 1600       2       com.android.dx.io.instructions.InstructionCodec::access$700 (5 bytes)
Event: 15.966 Thread 0x00007f1b9c0bd800 nmethod 1600 0x00007f1b8d460050 code [0x00007f1b8d4601a0, 0x00007f1b8d4602d0]
Event: 16.260 Thread 0x00007f1b9c0bd800 1609       2       com.android.dx.io.instructions.InstructionCodec$15::encode (29 bytes)

GC Heap History (5 events):
Event: 2.088 GC heap before
{Heap before GC invocations=1 (full 0):
 PSYoungGen      total 18432K, used 15813K [0x00000000eab00000, 0x00000000ebf80000, 0x0000000100000000)
  eden space 15872K, 99% used [0x00000000eab00000,0x00000000eba716d8,0x00000000eba80000)
  from space 2560K, 0% used [0x00000000ebd00000,0x00000000ebd00000,0x00000000ebf80000)
  to   space 2560K, 0% used [0x00000000eba80000,0x00000000eba80000,0x00000000ebd00000)
 ParOldGen       total 42496K, used 0K [0x00000000c0000000, 0x00000000c2980000, 0x00000000eab00000)
  object space 42496K, 0% used [0x00000000c0000000,0x00000000c0000000,0x00000000c2980000)
 Metaspace       used 5203K, capacity 6576K, committed 6784K, reserved 1056768K
  class space    used 540K, capacity 616K, committed 640K, reserved 1048576K
Event: 2.177 GC heap after
Heap after GC invocations=1 (full 0):
 PSYoungGen      total 18432K, used 2545K [0x00000000eab00000, 0x00000000ecf00000, 0x0000000100000000)
  eden space 15872K, 0% used [0x00000000eab00000,0x00000000eab00000,0x00000000eba80000)
  from space 2560K, 99% used [0x00000000eba80000,0x00000000ebcfc628,0x00000000ebd00000)
  to   space 2560K, 0% used [0x00000000ecc80000,0x00000000ecc80000,0x00000000ecf00000)
 ParOldGen       total 42496K, used 2498K [0x00000000c0000000, 0x00000000c2980000, 0x00000000eab00000)
  object space 42496K, 5% used [0x00000000c0000000,0x00000000c0270b18,0x00000000c2980000)
 Metaspace       used 5203K, capacity 6576K, committed 6784K, reserved 1056768K
  class space    used 540K, capacity 616K, committed 640K, reserved 1048576K
}
Event: 8.652 GC heap before
{Heap before GC invocations=2 (full 0):
 PSYoungGen      total 18432K, used 18417K [0x00000000eab00000, 0x00000000ecf00000, 0x0000000100000000)
  eden space 15872K, 100% used [0x00000000eab00000,0x00000000eba80000,0x00000000eba80000)
  from space 2560K, 99% used [0x00000000eba80000,0x00000000ebcfc628,0x00000000ebd00000)
  to   space 2560K, 0% used [0x00000000ecc80000,0x00000000ecc80000,0x00000000ecf00000)
 ParOldGen       total 42496K, used 2498K [0x00000000c0000000, 0x00000000c2980000, 0x00000000eab00000)
  object space 42496K, 5% used [0x00000000c0000000,0x00000000c0270b18,0x00000000c2980000)
 Metaspace       used 7010K, capacity 7416K, committed 7680K, reserved 1056768K
  class space    used 741K, capacity 752K, committed 768K, reserved 1048576K
Event: 8.906 GC heap after
Heap after GC invocations=2 (full 0):
 PSYoungGen      total 34304K, used 2552K [0x00000000eab00000, 0x00000000ecf00000, 0x0000000100000000)
  eden space 31744K, 0% used [0x00000000eab00000,0x00000000eab00000,0x00000000eca00000)
  from space 2560K, 99% used [0x00000000ecc80000,0x00000000ecefe1d0,0x00000000ecf00000)
  to   space 2560K, 0% used [0x00000000eca00000,0x00000000eca00000,0x00000000ecc80000)
 ParOldGen       total 42496K, used 8728K [0x00000000c0000000, 0x00000000c2980000, 0x00000000eab00000)
  object space 42496K, 20% used [0x00000000c0000000,0x00000000c08863e0,0x00000000c2980000)
 Metaspace       used 7010K, capacity 7416K, committed 7680K, reserved 1056768K
  class space    used 741K, capacity 752K, committed 768K, reserved 1048576K
}
Event: 25.333 GC heap before
{Heap before GC invocations=3 (full 0):
 PSYoungGen      total 34304K, used 34296K [0x00000000eab00000, 0x00000000ecf00000, 0x0000000100000000)
  eden space 31744K, 100% used [0x00000000eab00000,0x00000000eca00000,0x00000000eca00000)
  from space 2560K, 99% used [0x00000000ecc80000,0x00000000ecefe1d0,0x00000000ecf00000)
  to   space 2560K, 0% used [0x00000000eca00000,0x00000000eca00000,0x00000000ecc80000)
 ParOldGen       total 42496K, used 8728K [0x00000000c0000000, 0x00000000c2980000, 0x00000000eab00000)
  object space 42496K, 20% used [0x00000000c0000000,0x00000000c08863e0,0x00000000c2980000)
 Metaspace       used 7078K, capacity 7480K, committed 7680K, reserved 1056768K
  class space    used 741K, capacity 752K, committed 768K, reserved 1048576K

Deoptimization events (10 events):
Event: 2.457 Thread 0x00007f1b9c00a000 Uncommon trap: reason=unstable_if action=reinterpret pc=0x00007f1b8d33e590 method=com.android.dx.util.ByteArrayAnnotatedOutput.writeByte(I)V @ 13
Event: 3.554 Thread 0x00007f1b9c00a000 Uncommon trap: reason=class_check action=maybe_recompile pc=0x00007f1b8d319284 method=java.util.HashMap.putVal(ILjava/lang/Object;Ljava/lang/Object;ZZ)Ljava/lang/Object; @ 56
Event: 3.607 Thread 0x00007f1b9c00a000 Uncommon trap: reason=class_check action=maybe_recompile pc=0x00007f1b8d319284 method=java.util.HashMap.putVal(ILjava/lang/Object;Ljava/lang/Object;ZZ)Ljava/lang/Object; @ 56
Event: 3.608 Thread 0x00007f1b9c00a000 Uncommon trap: reason=class_check action=maybe_recompile pc=0x00007f1b8d319284 method=java.util.HashMap.putVal(ILjava/lang/Object;Ljava/lang/Object;ZZ)Ljava/lang/Object; @ 56
Event: 3.608 Thread 0x00007f1b9c00a000 Uncommon trap: reason=class_check action=maybe_recompile pc=0x00007f1b8d31930c method=java.util.HashMap.putVal(ILjava/lang/Object;Ljava/lang/Object;ZZ)Ljava/lang/Object; @ 152
Event: 3.609 Thread 0x00007f1b9c00a000 Uncommon trap: reason=class_check action=maybe_recompile pc=0x00007f1b8d31930c method=java.util.HashMap.putVal(ILjava/lang/Object;Ljava/lang/Object;ZZ)Ljava/lang/Object; @ 152
Event: 6.684 Thread 0x00007f1b9c00a000 Uncommon trap: reason=unstable_if action=reinterpret pc=0x00007f1b8d3d2f78 method=sun.misc.MetaIndex.mayContain(Ljava/lang/String;)Z @ 13
Event: 7.824 Thread 0x00007f1b9c00a000 Uncommon trap: reason=unstable_if action=reinterpret pc=0x00007f1b8d3d1144 method=java.util.HashMap.putVal(ILjava/lang/Object;Ljava/lang/Object;ZZ)Ljava/lang/Object; @ 162
Event: 8.186 Thread 0x00007f1b9c00a000 Uncommon trap: reason=unstable_if action=reinterpret pc=0x00007f1b8d32549c method=java.util.HashMap.getNode(ILjava/lang/Object;)Ljava/util/HashMap$Node; @ 84
Event: 8.202 Thread 0x00007f1b9c00a000 Uncommon trap: reason=unstable_if action=reinterpret pc=0x00007f1b8d320ab8 method=java.util.HashMap.getNode(ILjava/lang/Object;)Ljava/util/HashMap$Node; @ 84

Internal exceptions (7 events):
Event: 0.167 Thread 0x00007f1b9c00a000 Exception <a 'java/lang/NoSuchMethodError': Method sun.misc.Unsafe.defineClass(Ljava/lang/String;[BII)Ljava/lang/Class; name or signature does not match> (0x00000000eab12a38) thrown at [/RE-WORK/workspace/8-2-build-linux-amd64/jdk8u45/3457/hotspot/src/sha
Event: 0.170 Thread 0x00007f1b9c00a000 Exception <a 'java/lang/NoSuchMethodError': Method sun.misc.Unsafe.prefetchRead(Ljava/lang/Object;J)V name or signature does not match> (0x00000000eab12cc8) thrown at [/RE-WORK/workspace/8-2-build-linux-amd64/jdk8u45/3457/hotspot/src/share/vm/prims/jni.cp
Event: 1.880 Thread 0x00007f1b9c00a000 Implicit null exception at 0x00007f1b8d2e4a67 to 0x00007f1b8d2e5061
Event: 6.804 Thread 0x00007f1b9c00a000 Exception <a 'java/security/PrivilegedActionException'> (0x00000000eb1b50d8) thrown at [/RE-WORK/workspace/8-2-build-linux-amd64/jdk8u45/3457/hotspot/src/share/vm/prims/jvm.cpp, line 1382]
Event: 6.804 Thread 0x00007f1b9c00a000 Exception <a 'java/security/PrivilegedActionException'> (0x00000000eb1b5420) thrown at [/RE-WORK/workspace/8-2-build-linux-amd64/jdk8u45/3457/hotspot/src/share/vm/prims/jvm.cpp, line 1382]
Event: 6.832 Thread 0x00007f1b9c00a000 Exception <a 'java/security/PrivilegedActionException'> (0x00000000eb1b78d0) thrown at [/RE-WORK/workspace/8-2-build-linux-amd64/jdk8u45/3457/hotspot/src/share/vm/prims/jvm.cpp, line 1382]
Event: 6.832 Thread 0x00007f1b9c00a000 Exception <a 'java/security/PrivilegedActionException'> (0x00000000eb1b7c18) thrown at [/RE-WORK/workspace/8-2-build-linux-amd64/jdk8u45/3457/hotspot/src/share/vm/prims/jvm.cpp, line 1382]

Events (10 events):
Event: 12.472 Thread 0x00007f1b9c00a000 DEOPT UNPACKING pc=0x00007f1b8d047233 sp=0x00007f1ba3518db0 mode 0
Event: 12.474 Thread 0x00007f1b9c00a000 DEOPT PACKING pc=0x00007f1b8d3e4067 sp=0x00007f1ba3519070
Event: 12.474 Thread 0x00007f1b9c00a000 DEOPT UNPACKING pc=0x00007f1b8d047233 sp=0x00007f1ba3518db0 mode 0
Event: 13.762 Thread 0x00007f1b9c00a000 DEOPT PACKING pc=0x00007f1b8d3e4067 sp=0x00007f1ba3519180
Event: 13.772 Thread 0x00007f1b9c00a000 DEOPT UNPACKING pc=0x00007f1b8d047233 sp=0x00007f1ba3518ec0 mode 0
Event: 13.790 Thread 0x00007f1b9c00a000 DEOPT PACKING pc=0x00007f1b8d3e4067 sp=0x00007f1ba3519070
Event: 13.791 Thread 0x00007f1b9c00a000 DEOPT UNPACKING pc=0x00007f1b8d047233 sp=0x00007f1ba3518db0 mode 0
Event: 13.795 Thread 0x00007f1b9c00a000 DEOPT PACKING pc=0x00007f1b8d3e4067 sp=0x00007f1ba3519460
Event: 13.795 Thread 0x00007f1b9c00a000 DEOPT UNPACKING pc=0x00007f1b8d047233 sp=0x00007f1ba35191a0 mode 0
Event: 24.593 Executing VM operation: ParallelGCFailedAllocation


Dynamic libraries:
00400000-00401000 r-xp 00000000 08:03 1572315                            /opt/java/jdk1.8.0_45/bin/java
00600000-00601000 rw-p 00000000 08:03 1572315                            /opt/java/jdk1.8.0_45/bin/java
020df000-02100000 rw-p 00000000 00:00 0                                  [heap]
c0000000-c2980000 rw-p 00000000 00:00 0 
c2980000-eab00000 ---p 00000000 00:00 0 
eab00000-ecf00000 rw-p 00000000 00:00 0 
eee00000-100000000 ---p 00000000 00:00 0 
100000000-1000c0000 rw-p 00000000 00:00 0 
1000c0000-140000000 ---p 00000000 00:00 0 
7f1b54000000-7f1b54021000 rw-p 00000000 00:00 0 
7f1b54021000-7f1b58000000 ---p 00000000 00:00 0 
7f1b58000000-7f1b58021000 rw-p 00000000 00:00 0 
7f1b58021000-7f1b5c000000 ---p 00000000 00:00 0 
7f1b5c000000-7f1b5c24d000 rw-p 00000000 00:00 0 
7f1b5c24d000-7f1b60000000 ---p 00000000 00:00 0 
7f1b60000000-7f1b6044c000 rw-p 00000000 00:00 0 
7f1b6044c000-7f1b64000000 ---p 00000000 00:00 0 
7f1b64000000-7f1b64021000 rw-p 00000000 00:00 0 
7f1b64021000-7f1b68000000 ---p 00000000 00:00 0 
7f1b68000000-7f1b681d4000 rw-p 00000000 00:00 0 
7f1b681d4000-7f1b6c000000 ---p 00000000 00:00 0 
7f1b6c000000-7f1b6c021000 rw-p 00000000 00:00 0 
7f1b6c021000-7f1b70000000 ---p 00000000 00:00 0 
7f1b70000000-7f1b70021000 rw-p 00000000 00:00 0 
7f1b70021000-7f1b74000000 ---p 00000000 00:00 0 
7f1b74000000-7f1b74021000 rw-p 00000000 00:00 0 
7f1b74021000-7f1b78000000 ---p 00000000 00:00 0 
7f1b78000000-7f1b7828a000 rw-p 00000000 00:00 0 
7f1b7828a000-7f1b7c000000 ---p 00000000 00:00 0 
7f1b7c000000-7f1b7c021000 rw-p 00000000 00:00 0 
7f1b7c021000-7f1b80000000 ---p 00000000 00:00 0 
7f1b80000000-7f1b80021000 rw-p 00000000 00:00 0 
7f1b80021000-7f1b84000000 ---p 00000000 00:00 0 
7f1b84285000-7f1b842a1000 r--s 00393000 08:03 1574015                    /opt/java/jdk1.8.0_45/jre/lib/ext/cldrdata.jar
7f1b842a1000-7f1b842a2000 ---p 00000000 00:00 0 
7f1b842a2000-7f1b843a2000 rw-p 00000000 00:00 0                          [stack:6066]
7f1b843a2000-7f1b843a5000 ---p 00000000 00:00 0 
7f1b843a5000-7f1b844a3000 rw-p 00000000 00:00 0                          [stack:6065]
7f1b844a3000-7f1b844a6000 ---p 00000000 00:00 0 
7f1b844a6000-7f1b845a4000 rw-p 00000000 00:00 0                          [stack:6064]
7f1b845a4000-7f1b845a7000 ---p 00000000 00:00 0 
7f1b845a7000-7f1b846a5000 rw-p 00000000 00:00 0                          [stack:6063]
7f1b846a5000-7f1b846a8000 ---p 00000000 00:00 0 
7f1b846a8000-7f1b847a6000 rw-p 00000000 00:00 0                          [stack:6062]
7f1b847a6000-7f1b847a9000 ---p 00000000 00:00 0 
7f1b847a9000-7f1b848a7000 rw-p 00000000 00:00 0                          [stack:6061]
7f1b848a7000-7f1b84b70000 r--p 00000000 08:03 266989                     /usr/lib/locale/locale-archive
7f1b84b70000-7f1b84b73000 ---p 00000000 00:00 0 
7f1b84b73000-7f1b84c71000 rw-p 00000000 00:00 0                          [stack:6060]
7f1b84c71000-7f1b84c74000 ---p 00000000 00:00 0 
7f1b84c74000-7f1b84d72000 rw-p 00000000 00:00 0                          [stack:6059]
7f1b84d72000-7f1b84d73000 ---p 00000000 00:00 0 
7f1b84d73000-7f1b85ec0000 rw-p 00000000 00:00 0                          [stack:6058]
7f1b85ec0000-7f1b86000000 ---p 00000000 00:00 0 
7f1b86000000-7f1b88000000 rw-p 00000000 00:00 0 
7f1b88000000-7f1b88021000 rw-p 00000000 00:00 0 
7f1b88021000-7f1b8c000000 ---p 00000000 00:00 0 
7f1b8c00d000-7f1b8c01c000 r--s 000dd000 00:19 9438599                    /home/mike/Android/Sdk/build-tools/22.0.1/lib/dx.jar
7f1b8c01c000-7f1b8c622000 rw-p 00000000 00:00 0 
7f1b8c622000-7f1b8c7fb000 r--s 03d09000 08:03 1573810                    /opt/java/jdk1.8.0_45/jre/lib/rt.jar
7f1b8c7fb000-7f1b8c9fb000 rw-p 00000000 00:00 0 
7f1b8c9fb000-7f1b8c9fc000 ---p 00000000 00:00 0 
7f1b8c9fc000-7f1b8cafc000 rw-p 00000000 00:00 0                          [stack:6057]
7f1b8cafc000-7f1b8cafd000 ---p 00000000 00:00 0 
7f1b8cafd000-7f1b8cbfd000 rw-p 00000000 00:00 0                          [stack:6056]
7f1b8cbfd000-7f1b8cbfe000 ---p 00000000 00:00 0 
7f1b8cbfe000-7f1b8ccfe000 rw-p 00000000 00:00 0                          [stack:6055]
7f1b8ccfe000-7f1b8ccff000 ---p 00000000 00:00 0 
7f1b8ccff000-7f1b8ce14000 rw-p 00000000 00:00 0                          [stack:6054]
7f1b8ce14000-7f1b8cf54000 ---p 00000000 00:00 0 
7f1b8cf54000-7f1b8cf67000 rw-p 00000000 00:00 0 
7f1b8cf67000-7f1b8cfff000 ---p 00000000 00:00 0 
7f1b8cfff000-7f1b8d000000 rw-p 00000000 00:00 0 
7f1b8d000000-7f1b8d470000 rwxp 00000000 00:00 0 
7f1b8d470000-7f1b9c000000 ---p 00000000 00:00 0 
7f1b9c000000-7f1b9c3ac000 rw-p 00000000 00:00 0 
7f1b9c3ac000-7f1ba0000000 ---p 00000000 00:00 0 
7f1ba0001000-7f1ba000c000 r--s 00116000 08:03 1574017                    /opt/java/jdk1.8.0_45/jre/lib/ext/localedata.jar
7f1ba000c000-7f1ba00b8000 rw-p 00000000 00:00 0 
7f1ba00b8000-7f1ba01f9000 ---p 00000000 00:00 0 
7f1ba01f9000-7f1ba020b000 rw-p 00000000 00:00 0 
7f1ba020b000-7f1ba05b9000 ---p 00000000 00:00 0 
7f1ba05b9000-7f1ba05d3000 r-xp 00000000 08:03 1574049                    /opt/java/jdk1.8.0_45/jre/lib/amd64/libzip.so
7f1ba05d3000-7f1ba07d3000 ---p 0001a000 08:03 1574049                    /opt/java/jdk1.8.0_45/jre/lib/amd64/libzip.so
7f1ba07d3000-7f1ba07d4000 rw-p 0001a000 08:03 1574049                    /opt/java/jdk1.8.0_45/jre/lib/amd64/libzip.so
7f1ba07d4000-7f1ba07df000 r-xp 00000000 08:03 131807                     /lib/x86_64-linux-gnu/libnss_files-2.19.so
7f1ba07df000-7f1ba09de000 ---p 0000b000 08:03 131807                     /lib/x86_64-linux-gnu/libnss_files-2.19.so
7f1ba09de000-7f1ba09df000 r--p 0000a000 08:03 131807                     /lib/x86_64-linux-gnu/libnss_files-2.19.so
7f1ba09df000-7f1ba09e0000 rw-p 0000b000 08:03 131807                     /lib/x86_64-linux-gnu/libnss_files-2.19.so
7f1ba09e0000-7f1ba09eb000 r-xp 00000000 08:03 131871                     /lib/x86_64-linux-gnu/libnss_nis-2.19.so
7f1ba09eb000-7f1ba0bea000 ---p 0000b000 08:03 131871                     /lib/x86_64-linux-gnu/libnss_nis-2.19.so
7f1ba0bea000-7f1ba0beb000 r--p 0000a000 08:03 131871                     /lib/x86_64-linux-gnu/libnss_nis-2.19.so
7f1ba0beb000-7f1ba0bec000 rw-p 0000b000 08:03 131871                     /lib/x86_64-linux-gnu/libnss_nis-2.19.so
7f1ba0bec000-7f1ba0c03000 r-xp 00000000 08:03 131829                     /lib/x86_64-linux-gnu/libnsl-2.19.so
7f1ba0c03000-7f1ba0e02000 ---p 00017000 08:03 131829                     /lib/x86_64-linux-gnu/libnsl-2.19.so
7f1ba0e02000-7f1ba0e03000 r--p 00016000 08:03 131829                     /lib/x86_64-linux-gnu/libnsl-2.19.so
7f1ba0e03000-7f1ba0e04000 rw-p 00017000 08:03 131829                     /lib/x86_64-linux-gnu/libnsl-2.19.so
7f1ba0e04000-7f1ba0e06000 rw-p 00000000 00:00 0 
7f1ba0e06000-7f1ba0e0f000 r-xp 00000000 08:03 131828                     /lib/x86_64-linux-gnu/libnss_compat-2.19.so
7f1ba0e0f000-7f1ba100e000 ---p 00009000 08:03 131828                     /lib/x86_64-linux-gnu/libnss_compat-2.19.so
7f1ba100e000-7f1ba100f000 r--p 00008000 08:03 131828                     /lib/x86_64-linux-gnu/libnss_compat-2.19.so
7f1ba100f000-7f1ba1010000 rw-p 00009000 08:03 131828                     /lib/x86_64-linux-gnu/libnss_compat-2.19.so
7f1ba1010000-7f1ba103a000 r-xp 00000000 08:03 1574040                    /opt/java/jdk1.8.0_45/jre/lib/amd64/libjava.so
7f1ba103a000-7f1ba123a000 ---p 0002a000 08:03 1574040                    /opt/java/jdk1.8.0_45/jre/lib/amd64/libjava.so
7f1ba123a000-7f1ba123c000 rw-p 0002a000 08:03 1574040                    /opt/java/jdk1.8.0_45/jre/lib/amd64/libjava.so
7f1ba123c000-7f1ba1249000 r-xp 00000000 08:03 1574047                    /opt/java/jdk1.8.0_45/jre/lib/amd64/libverify.so
7f1ba1249000-7f1ba1449000 ---p 0000d000 08:03 1574047                    /opt/java/jdk1.8.0_45/jre/lib/amd64/libverify.so
7f1ba1449000-7f1ba144b000 rw-p 0000d000 08:03 1574047                    /opt/java/jdk1.8.0_45/jre/lib/amd64/libverify.so
7f1ba144b000-7f1ba1452000 r-xp 00000000 08:03 131868                     /lib/x86_64-linux-gnu/librt-2.19.so
7f1ba1452000-7f1ba1651000 ---p 00007000 08:03 131868                     /lib/x86_64-linux-gnu/librt-2.19.so
7f1ba1651000-7f1ba1652000 r--p 00006000 08:03 131868                     /lib/x86_64-linux-gnu/librt-2.19.so
7f1ba1652000-7f1ba1653000 rw-p 00007000 08:03 131868                     /lib/x86_64-linux-gnu/librt-2.19.so
7f1ba1653000-7f1ba1758000 r-xp 00000000 08:03 131806                     /lib/x86_64-linux-gnu/libm-2.19.so
7f1ba1758000-7f1ba1957000 ---p 00105000 08:03 131806                     /lib/x86_64-linux-gnu/libm-2.19.so
7f1ba1957000-7f1ba1958000 r--p 00104000 08:03 131806                     /lib/x86_64-linux-gnu/libm-2.19.so
7f1ba1958000-7f1ba1959000 rw-p 00105000 08:03 131806                     /lib/x86_64-linux-gnu/libm-2.19.so
7f1ba1959000-7f1ba2607000 r-xp 00000000 08:03 1574060                    /opt/java/jdk1.8.0_45/jre/lib/amd64/server/libjvm.so
7f1ba2607000-7f1ba2806000 ---p 00cae000 08:03 1574060                    /opt/java/jdk1.8.0_45/jre/lib/amd64/server/libjvm.so
7f1ba2806000-7f1ba28dd000 rw-p 00cad000 08:03 1574060                    /opt/java/jdk1.8.0_45/jre/lib/amd64/server/libjvm.so
7f1ba28dd000-7f1ba2921000 rw-p 00000000 00:00 0 
7f1ba2921000-7f1ba2adc000 r-xp 00000000 08:03 131857                     /lib/x86_64-linux-gnu/libc-2.19.so
7f1ba2adc000-7f1ba2cdb000 ---p 001bb000 08:03 131857                     /lib/x86_64-linux-gnu/libc-2.19.so
7f1ba2cdb000-7f1ba2cdf000 r--p 001ba000 08:03 131857                     /lib/x86_64-linux-gnu/libc-2.19.so
7f1ba2cdf000-7f1ba2ce1000 rw-p 001be000 08:03 131857                     /lib/x86_64-linux-gnu/libc-2.19.so
7f1ba2ce1000-7f1ba2ce6000 rw-p 00000000 00:00 0 
7f1ba2ce6000-7f1ba2ce9000 r-xp 00000000 08:03 131810                     /lib/x86_64-linux-gnu/libdl-2.19.so
7f1ba2ce9000-7f1ba2ee8000 ---p 00003000 08:03 131810                     /lib/x86_64-linux-gnu/libdl-2.19.so
7f1ba2ee8000-7f1ba2ee9000 r--p 00002000 08:03 131810                     /lib/x86_64-linux-gnu/libdl-2.19.so
7f1ba2ee9000-7f1ba2eea000 rw-p 00003000 08:03 131810                     /lib/x86_64-linux-gnu/libdl-2.19.so
7f1ba2eea000-7f1ba2eff000 r-xp 00000000 08:03 1573749                    /opt/java/jdk1.8.0_45/lib/amd64/jli/libjli.so
7f1ba2eff000-7f1ba30ff000 ---p 00015000 08:03 1573749                    /opt/java/jdk1.8.0_45/lib/amd64/jli/libjli.so
7f1ba30ff000-7f1ba3100000 rw-p 00015000 08:03 1573749                    /opt/java/jdk1.8.0_45/lib/amd64/jli/libjli.so
7f1ba3100000-7f1ba3119000 r-xp 00000000 08:03 131858                     /lib/x86_64-linux-gnu/libpthread-2.19.so
7f1ba3119000-7f1ba3318000 ---p 00019000 08:03 131858                     /lib/x86_64-linux-gnu/libpthread-2.19.so
7f1ba3318000-7f1ba3319000 r--p 00018000 08:03 131858                     /lib/x86_64-linux-gnu/libpthread-2.19.so
7f1ba3319000-7f1ba331a000 rw-p 00019000 08:03 131858                     /lib/x86_64-linux-gnu/libpthread-2.19.so
7f1ba331a000-7f1ba331e000 rw-p 00000000 00:00 0 
7f1ba331e000-7f1ba3341000 r-xp 00000000 08:03 131833                     /lib/x86_64-linux-gnu/ld-2.19.so
7f1ba3343000-7f1ba3348000 r--s 00094000 08:03 1573828                    /opt/java/jdk1.8.0_45/jre/lib/jsse.jar
7f1ba3348000-7f1ba341a000 rw-p 00000000 00:00 0 
7f1ba341a000-7f1ba341d000 ---p 00000000 00:00 0 
7f1ba341d000-7f1ba351f000 rw-p 00000000 00:00 0                          [stack:6053]
7f1ba351f000-7f1ba3520000 r--p 00000000 08:03 672594                     /usr/share/locale-langpack/en_GB/LC_MESSAGES/libc.mo
7f1ba3520000-7f1ba3534000 rw-p 00000000 00:00 0 
7f1ba3534000-7f1ba353c000 rw-s 00000000 08:03 1574107                    /tmp/hsperfdata_mike/6048
7f1ba353c000-7f1ba353d000 rw-p 00000000 00:00 0 
7f1ba353d000-7f1ba353e000 ---p 00000000 00:00 0 
7f1ba353e000-7f1ba3540000 rw-p 00000000 00:00 0 
7f1ba3540000-7f1ba3541000 r--p 00022000 08:03 131833                     /lib/x86_64-linux-gnu/ld-2.19.so
7f1ba3541000-7f1ba3542000 rw-p 00023000 08:03 131833                     /lib/x86_64-linux-gnu/ld-2.19.so
7f1ba3542000-7f1ba3543000 rw-p 00000000 00:00 0 
7fff7dd73000-7fff7dd94000 rw-p 00000000 00:00 0                          [stack]
7fff7ddfe000-7fff7de00000 r-xp 00000000 00:00 0                          [vdso]
ffffffffff600000-ffffffffff601000 r-xp 00000000 00:00 0                  [vsyscall]

VM Arguments:
jvm_args: -Xmx1024M -Dfile.encoding=UTF-8 -Duser.country=GB -Duser.language=en -Duser.variant 
java_command: com.android.dx.command.Main --dex --output /home/mike/AndroidStudioProjects/JumbleWords/app/build/intermediates/dex/debug /home/mike/AndroidStudioProjects/JumbleWords/app/build/intermediates/classes/debug /home/mike/AndroidStudioProjects/JumbleWords/app/build/intermediates/pre-dexed/debug/support-annotations-22.2.0-bfa71d602cc0e11fce5350ed544c9f5e4d4a05e4.jar /home/mike/AndroidStudioProjects/JumbleWords/app/build/intermediates/pre-dexed/debug/internal_impl-22.2.0-4e384c9fa3f70d5b887f79474a70d565374e492b.jar /home/mike/AndroidStudioProjects/JumbleWords/app/build/intermediates/pre-dexed/debug/classes-c725f4d3693b5721f9f0f0cef61e13d4dd44efcc.jar /home/mike/AndroidStudioProjects/JumbleWords/app/build/intermediates/pre-dexed/debug/classes-b50f961f75b442eaad78f4427186c2f72ac76cc9.jar
java_class_path (initial): /home/mike/Android/Sdk/build-tools/22.0.1/lib/dx.jar
Launcher Type: SUN_STANDARD

Environment Variables:
PATH=/usr/local/sbin:/usr/local/bin:/usr/sbin:/usr/bin:/sbin:/bin:/usr/games:/usr/local/games
USERNAME=mike
LD_LIBRARY_PATH=/opt/android-studio/bin:
SHELL=/bin/bash
DISPLAY=:0

Signal Handlers:
SIGSEGV: [libjvm.so+0xaad1e0], sa_mask[0]=11111111011111111101111111111110, sa_flags=SA_RESTART|SA_SIGINFO
SIGBUS: [libjvm.so+0xaad1e0], sa_mask[0]=11111111011111111101111111111110, sa_flags=SA_RESTART|SA_SIGINFO
SIGFPE: [libjvm.so+0x90b450], sa_mask[0]=11111111011111111101111111111110, sa_flags=SA_RESTART|SA_SIGINFO
SIGPIPE: [libjvm.so+0x90b450], sa_mask[0]=11111111011111111101111111111110, sa_flags=SA_RESTART|SA_SIGINFO
SIGXFSZ: [libjvm.so+0x90b450], sa_mask[0]=11111111011111111101111111111110, sa_flags=SA_RESTART|SA_SIGINFO
SIGILL: [libjvm.so+0x90b450], sa_mask[0]=11111111011111111101111111111110, sa_flags=SA_RESTART|SA_SIGINFO
SIGUSR1: SIG_DFL, sa_mask[0]=00000000000000000000000000000000, sa_flags=none
SIGUSR2: [libjvm.so+0x90ca90], sa_mask[0]=00100000000000000000000000000000, sa_flags=SA_RESTART|SA_SIGINFO
SIGHUP: [libjvm.so+0x90dde0], sa_mask[0]=11111111011111111101111111111110, sa_flags=SA_RESTART|SA_SIGINFO
SIGINT: [libjvm.so+0x90dde0], sa_mask[0]=11111111011111111101111111111110, sa_flags=SA_RESTART|SA_SIGINFO
SIGTERM: [libjvm.so+0x90dde0], sa_mask[0]=11111111011111111101111111111110, sa_flags=SA_RESTART|SA_SIGINFO
SIGQUIT: [libjvm.so+0x90dde0], sa_mask[0]=11111111011111111101111111111110, sa_flags=SA_RESTART|SA_SIGINFO


---------------  S Y S T E M  ---------------

OS:DISTRIB_ID=LinuxMint
DISTRIB_RELEASE=17.1
DISTRIB_CODENAME=rebecca
DISTRIB_DESCRIPTION="Linux Mint 17.1 Rebecca"

uname:Linux 3.13.0-37-generic #64-Ubuntu SMP Mon Sep 22 21:28:38 UTC 2014 x86_64
libc:glibc 2.19 NPTL 2.19 
rlimit: STACK 8192k, CORE 0k, NPROC 30882, NOFILE 4096, AS infinity
load average:11.55 3.73 1.92

/proc/meminfo:
MemTotal:        4048044 kB
MemFree:          245300 kB
Buffers:            1376 kB
Cached:            69728 kB
SwapCached:            0 kB
Active:          3209668 kB
Inactive:          66532 kB
Active(anon):    3209324 kB
Inactive(anon):    41788 kB
Active(file):        344 kB
Inactive(file):    24744 kB
Unevictable:         160 kB
Mlocked:             160 kB
SwapTotal:             0 kB
SwapFree:              0 kB
Dirty:              2428 kB
Writeback:             0 kB
AnonPages:       3205928 kB
Mapped:           194576 kB
Shmem:             45344 kB
Slab:              62428 kB
SReclaimable:      23228 kB
SUnreclaim:        39200 kB
KernelStack:        4512 kB
PageTables:        31836 kB
NFS_Unstable:          0 kB
Bounce:                0 kB
WritebackTmp:          0 kB
CommitLimit:     2024020 kB
Committed_AS:    5608268 kB
VmallocTotal:   34359738367 kB
VmallocUsed:      306148 kB
VmallocChunk:   34359428340 kB
HardwareCorrupted:     0 kB
AnonHugePages:   1394688 kB
HugePages_Total:       0
HugePages_Free:        0
HugePages_Rsvd:        0
HugePages_Surp:        0
Hugepagesize:       2048 kB
DirectMap4k:      472640 kB
DirectMap2M:     3721216 kB
DirectMap1G:           0 kB


CPU:total 4 (4 cores per cpu, 1 threads per core) family 16 model 4 stepping 2, cmov, cx8, fxsr, mmx, sse, sse2, sse3, popcnt, mmxext, 3dnowpref, lzcnt, sse4a, tsc, tscinvbit, tscinv

/proc/cpuinfo:
processor	: 0
vendor_id	: AuthenticAMD
cpu family	: 16
model		: 4
model name	: AMD Phenom(tm) II X4 955 Processor
stepping	: 2
microcode	: 0x1000086
cpu MHz		: 2100.000
cache size	: 512 KB
physical id	: 0
siblings	: 4
core id		: 0
cpu cores	: 4
apicid		: 0
initial apicid	: 0
fpu		: yes
fpu_exception	: yes
cpuid level	: 5
wp		: yes
flags		: fpu vme de pse tsc msr pae mce cx8 apic sep mtrr pge mca cmov pat pse36 clflush mmx fxsr sse sse2 ht syscall nx mmxext fxsr_opt pdpe1gb rdtscp lm 3dnowext 3dnow constant_tsc rep_good nopl nonstop_tsc extd_apicid pni monitor cx16 popcnt lahf_lm cmp_legacy svm extapic cr8_legacy abm sse4a misalignsse 3dnowprefetch osvw ibs skinit wdt hw_pstate npt lbrv svm_lock nrip_save
bogomips	: 6399.98
TLB size	: 1024 4K pages
clflush size	: 64
cache_alignment	: 64
address sizes	: 48 bits physical, 48 bits virtual
power management: ts ttp tm stc 100mhzsteps hwpstate

processor	: 1
vendor_id	: AuthenticAMD
cpu family	: 16
model		: 4
model name	: AMD Phenom(tm) II X4 955 Processor
stepping	: 2
microcode	: 0x1000086
cpu MHz		: 800.000
cache size	: 512 KB
physical id	: 0
siblings	: 4
core id		: 1
cpu cores	: 4
apicid		: 1
initial apicid	: 1
fpu		: yes
fpu_exception	: yes
cpuid level	: 5
wp		: yes
flags		: fpu vme de pse tsc msr pae mce cx8 apic sep mtrr pge mca cmov pat pse36 clflush mmx fxsr sse sse2 ht syscall nx mmxext fxsr_opt pdpe1gb rdtscp lm 3dnowext 3dnow constant_tsc rep_good nopl nonstop_tsc extd_apicid pni monitor cx16 popcnt lahf_lm cmp_legacy svm extapic cr8_legacy abm sse4a misalignsse 3dnowprefetch osvw ibs skinit wdt hw_pstate npt lbrv svm_lock nrip_save
bogomips	: 6399.98
TLB size	: 1024 4K pages
clflush size	: 64
cache_alignment	: 64
address sizes	: 48 bits physical, 48 bits virtual
power management: ts ttp tm stc 100mhzsteps hwpstate

processor	: 2
vendor_id	: AuthenticAMD
cpu family	: 16
model		: 4
model name	: AMD Phenom(tm) II X4 955 Processor
stepping	: 2
microcode	: 0x1000086
cpu MHz		: 2100.000
cache size	: 512 KB
physical id	: 0
siblings	: 4
core id		: 2
cpu cores	: 4
apicid		: 2
initial apicid	: 2
fpu		: yes
fpu_exception	: yes
cpuid level	: 5
wp		: yes
flags		: fpu vme de pse tsc msr pae mce cx8 apic sep mtrr pge mca cmov pat pse36 clflush mmx fxsr sse sse2 ht syscall nx mmxext fxsr_opt pdpe1gb rdtscp lm 3dnowext 3dnow constant_tsc rep_good nopl nonstop_tsc extd_apicid pni monitor cx16 popcnt lahf_lm cmp_legacy svm extapic cr8_legacy abm sse4a misalignsse 3dnowprefetch osvw ibs skinit wdt hw_pstate npt lbrv svm_lock nrip_save
bogomips	: 6399.98
TLB size	: 1024 4K pages
clflush size	: 64
cache_alignment	: 64
address sizes	: 48 bits physical, 48 bits virtual
power management: ts ttp tm stc 100mhzsteps hwpstate

processor	: 3
vendor_id	: AuthenticAMD
cpu family	: 16
model		: 4
model name	: AMD Phenom(tm) II X4 955 Processor
stepping	: 2
microcode	: 0x1000086
cpu MHz		: 3200.000
cache size	: 512 KB
physical id	: 0
siblings	: 4
core id		: 3
cpu cores	: 4
apicid		: 3
initial apicid	: 3
fpu		: yes
fpu_exception	: yes
cpuid level	: 5
wp		: yes
flags		: fpu vme de pse tsc msr pae mce cx8 apic sep mtrr pge mca cmov pat pse36 clflush mmx fxsr sse sse2 ht syscall nx mmxext fxsr_opt pdpe1gb rdtscp lm 3dnowext 3dnow constant_tsc rep_good nopl nonstop_tsc extd_apicid pni monitor cx16 popcnt lahf_lm cmp_legacy svm extapic cr8_legacy abm sse4a misalignsse 3dnowprefetch osvw ibs skinit wdt hw_pstate npt lbrv svm_lock nrip_save
bogomips	: 6399.98
TLB size	: 1024 4K pages
clflush size	: 64
cache_alignment	: 64
address sizes	: 48 bits physical, 48 bits virtual
power management: ts ttp tm stc 100mhzsteps hwpstate



Memory: 4k page, physical 4048044k(244184k free), swap 0k(0k free)

vm_info: Java HotSpot(TM) 64-Bit Server VM (25.45-b02) for linux-amd64 JRE (1.8.0_45-b14), built on Apr 10 2015 10:07:45 by "java_re" with gcc 4.3.0 20080428 (Red Hat 4.3.0-8)

time: Mon Jul 13 16:19:58 2015
elapsed time: 46 seconds (0d 0h 0m 46s)

