#
# There is insufficient memory for the Java Runtime Environment to continue.
# Native memory allocation (mmap) failed to map 32505856 bytes for committing reserved memory.
# Possible reasons:
#   The system is out of physical RAM or swap space
#   In 32 bit mode, the process size limit was hit
# Possible solutions:
#   Reduce memory load on the system
#   Increase physical memory or swap space
#   Check if swap backing store is full
#   Use 64 bit Java on a 64 bit OS
#   Decrease Java heap size (-Xmx/-Xms)
#   Decrease number of Java threads
#   Decrease Java thread stack sizes (-Xss)
#   Set larger code cache with -XX:ReservedCodeCacheSize=
# This output file may be truncated or incomplete.
#
#  Out of Memory Error (os_linux.cpp:2673), pid=6062, tid=140364395570944
#
# JRE version: Java(TM) SE Runtime Environment (8.0_45-b14) (build 1.8.0_45-b14)
# Java VM: Java HotSpot(TM) 64-Bit Server VM (25.45-b02 mixed mode linux-amd64 compressed oops)
# Failed to write core dump. Core dumps have been disabled. To enable core dumping, try "ulimit -c unlimited" before starting Java again
#

---------------  T H R E A D  ---------------

Current thread (0x00007fa938078000):  VMThread [stack: 0x00007fa921dfe000,0x00007fa921eff000] [id=6072]

Stack: [0x00007fa921dfe000,0x00007fa921eff000],  sp=0x00007fa921efd1e0,  free space=1020k
Native frames: (J=compiled Java code, j=interpreted, Vv=VM code, C=native code)
V  [libjvm.so+0xaac99a]  VMError::report_and_die()+0x2ba
V  [libjvm.so+0x4f333b]  report_vm_out_of_memory(char const*, int, unsigned long, VMErrorType, char const*)+0x8b
V  [libjvm.so+0x90e7c3]  os::Linux::commit_memory_impl(char*, unsigned long, bool)+0x103
V  [libjvm.so+0x90ed19]  os::pd_commit_memory(char*, unsigned long, unsigned long, bool)+0x29
V  [libjvm.so+0x90867a]  os::commit_memory(char*, unsigned long, unsigned long, bool)+0x2a
V  [libjvm.so+0x97bac3]  PSVirtualSpace::expand_by(unsigned long)+0x53
V  [libjvm.so+0x97cec8]  PSYoungGen::resize_generation(unsigned long, unsigned long)+0xf8
V  [libjvm.so+0x97c022]  PSYoungGen::resize(unsigned long, unsigned long)+0x22
V  [libjvm.so+0x9792fb]  PSScavenge::invoke_no_policy()+0xf7b
V  [libjvm.so+0x979a81]  PSScavenge::invoke()+0x41
V  [libjvm.so+0x932050]  ParallelScavengeHeap::failed_mem_allocate(unsigned long)+0x70
V  [libjvm.so+0xaae1d7]  VM_ParallelGCFailedAllocation::doit()+0x97
V  [libjvm.so+0xab59c5]  VM_Operation::evaluate()+0x55
V  [libjvm.so+0xab3d9a]  VMThread::evaluate_operation(VM_Operation*)+0xba
V  [libjvm.so+0xab411e]  VMThread::loop()+0x1ce
V  [libjvm.so+0xab4590]  VMThread::run()+0x70
V  [libjvm.so+0x910de8]  java_start(Thread*)+0x108

VM_Operation (0x00007fa940670de0): ParallelGCFailedAllocation, mode: safepoint, requested by thread 0x00007fa93800a000


---------------  P R O C E S S  ---------------

Java Threads: ( => current thread )
  0x00007fa9380ca800 JavaThread "Service Thread" daemon [_thread_blocked, id=6079, stack(0x00007fa92142e000,0x00007fa92152f000)]
  0x00007fa9380bd800 JavaThread "C1 CompilerThread2" daemon [_thread_blocked, id=6078, stack(0x00007fa92152f000,0x00007fa921630000)]
  0x00007fa9380bb800 JavaThread "C2 CompilerThread1" daemon [_thread_blocked, id=6077, stack(0x00007fa921630000,0x00007fa921731000)]
  0x00007fa9380b8800 JavaThread "C2 CompilerThread0" daemon [_thread_blocked, id=6076, stack(0x00007fa921731000,0x00007fa921832000)]
  0x00007fa9380b7800 JavaThread "Signal Dispatcher" daemon [_thread_blocked, id=6075, stack(0x00007fa921832000,0x00007fa921933000)]
  0x00007fa93807f000 JavaThread "Finalizer" daemon [_thread_blocked, id=6074, stack(0x00007fa921bfc000,0x00007fa921cfd000)]
  0x00007fa93807d000 JavaThread "Reference Handler" daemon [_thread_blocked, id=6073, stack(0x00007fa921cfd000,0x00007fa921dfe000)]
  0x00007fa93800a000 JavaThread "main" [_thread_blocked, id=6067, stack(0x00007fa940572000,0x00007fa940673000)]

Other Threads:
=>0x00007fa938078000 VMThread [stack: 0x00007fa921dfe000,0x00007fa921eff000] [id=6072]
  0x00007fa9380cd000 WatcherThread [stack: 0x00007fa92132d000,0x00007fa92142e000] [id=6080]

VM state:at safepoint (normal execution)

VM Mutex/Monitor currently owned by a thread:  ([mutex/lock_event])
[0x00007fa9380066f0] Threads_lock - owner thread: 0x00007fa938078000
[0x00007fa938006bf0] Heap_lock - owner thread: 0x00007fa93800a000

Heap:
 PSYoungGen      total 34304K, used 2535K [0x00000000eab00000, 0x00000000ecf00000, 0x0000000100000000)
  eden space 31744K, 0% used [0x00000000eab00000,0x00000000eab00000,0x00000000eca00000)
  from space 2560K, 99% used [0x00000000eca00000,0x00000000ecc79d58,0x00000000ecc80000)
  to   space 2560K, 0% used [0x00000000ecc80000,0x00000000ecc80000,0x00000000ecf00000)
 ParOldGen       total 42496K, used 20309K [0x00000000c0000000, 0x00000000c2980000, 0x00000000eab00000)
  object space 42496K, 47% used [0x00000000c0000000,0x00000000c13d5540,0x00000000c2980000)
 Metaspace       used 7195K, capacity 7608K, committed 7680K, reserved 1056768K
  class space    used 743K, capacity 752K, committed 768K, reserved 1048576K

Card table byte_map: [0x00007fa93d151000,0x00007fa93d352000] byte_map_base: 0x00007fa93cb51000

Marking Bits: (ParMarkBitMap*) 0x00007fa93fa4f760
 Begin Bits: [0x00007fa922000000, 0x00007fa923000000)
 End Bits:   [0x00007fa923000000, 0x00007fa924000000)

Polling page: 0x00007fa940696000

CodeCache: size=245760Kb used=5216Kb max_used=5216Kb free=240543Kb
 bounds [0x00007fa929000000, 0x00007fa929520000, 0x00007fa938000000]
 total_blobs=1952 nmethods=1659 adapters=207
 compilation: enabled

Compilation events (10 events):
Event: 1.453 Thread 0x00007fa9380bd800 1681       2       com.android.dx.io.instructions.BaseCodeCursor::baseAddressForCursor (25 bytes)
Event: 1.453 Thread 0x00007fa9380bd800 nmethod 1681 0x00007fa92951c210 code [0x00007fa92951c380, 0x00007fa92951c598]
Event: 1.453 Thread 0x00007fa9380bd800 1682       2       com.android.dx.io.instructions.AddressMap::get (28 bytes)
Event: 1.453 Thread 0x00007fa9380bd800 nmethod 1682 0x00007fa92951c710 code [0x00007fa92951c880, 0x00007fa92951cb08]
Event: 1.453 Thread 0x00007fa9380bd800 1684       2       com.android.dx.merge.DexMerger::transformTries (61 bytes)
Event: 1.498 Thread 0x00007fa9380bd800 nmethod 1684 0x00007fa92951ccd0 code [0x00007fa92951ce60, 0x00007fa92951d108]
Event: 1.498 Thread 0x00007fa9380bd800 1683       2       com.android.dx.merge.DexMerger::transformCatchHandlers (65 bytes)
Event: 1.499 Thread 0x00007fa9380bd800 nmethod 1683 0x00007fa92951d3d0 code [0x00007fa92951d560, 0x00007fa92951d878]
Event: 1.502 Thread 0x00007fa9380bd800 1685       2       com.android.dx.io.instructions.InstructionCodec$7::encode (23 bytes)
Event: 1.503 Thread 0x00007fa9380bd800 nmethod 1685 0x00007fa92951db10 code [0x00007fa92951dc80, 0x00007fa92951dee8]

GC Heap History (5 events):
Event: 0.773 GC heap before
{Heap before GC invocations=1 (full 0):
 PSYoungGen      total 18432K, used 15439K [0x00000000eab00000, 0x00000000ebf80000, 0x0000000100000000)
  eden space 15872K, 97% used [0x00000000eab00000,0x00000000eba13e80,0x00000000eba80000)
  from space 2560K, 0% used [0x00000000ebd00000,0x00000000ebd00000,0x00000000ebf80000)
  to   space 2560K, 0% used [0x00000000eba80000,0x00000000eba80000,0x00000000ebd00000)
 ParOldGen       total 42496K, used 0K [0x00000000c0000000, 0x00000000c2980000, 0x00000000eab00000)
  object space 42496K, 0% used [0x00000000c0000000,0x00000000c0000000,0x00000000c2980000)
 Metaspace       used 5264K, capacity 6640K, committed 6784K, reserved 1056768K
  class space    used 540K, capacity 616K, committed 640K, reserved 1048576K
Event: 0.785 GC heap after
Heap after GC invocations=1 (full 0):
 PSYoungGen      total 18432K, used 2548K [0x00000000eab00000, 0x00000000ecf00000, 0x0000000100000000)
  eden space 15872K, 0% used [0x00000000eab00000,0x00000000eab00000,0x00000000eba80000)
  from space 2560K, 99% used [0x00000000eba80000,0x00000000ebcfd0c0,0x00000000ebd00000)
  to   space 2560K, 0% used [0x00000000ecc80000,0x00000000ecc80000,0x00000000ecf00000)
 ParOldGen       total 42496K, used 2393K [0x00000000c0000000, 0x00000000c2980000, 0x00000000eab00000)
  object space 42496K, 5% used [0x00000000c0000000,0x00000000c0256418,0x00000000c2980000)
 Metaspace       used 5264K, capacity 6640K, committed 6784K, reserved 1056768K
  class space    used 540K, capacity 616K, committed 640K, reserved 1048576K
}
Event: 1.298 GC heap before
{Heap before GC invocations=2 (full 0):
 PSYoungGen      total 18432K, used 18420K [0x00000000eab00000, 0x00000000ecf00000, 0x0000000100000000)
  eden space 15872K, 100% used [0x00000000eab00000,0x00000000eba80000,0x00000000eba80000)
  from space 2560K, 99% used [0x00000000eba80000,0x00000000ebcfd0c0,0x00000000ebd00000)
  to   space 2560K, 0% used [0x00000000ecc80000,0x00000000ecc80000,0x00000000ecf00000)
 ParOldGen       total 42496K, used 2393K [0x00000000c0000000, 0x00000000c2980000, 0x00000000eab00000)
  object space 42496K, 5% used [0x00000000c0000000,0x00000000c0256418,0x00000000c2980000)
 Metaspace       used 7133K, capacity 7544K, committed 7680K, reserved 1056768K
  class space    used 743K, capacity 752K, committed 768K, reserved 1048576K
Event: 1.309 GC heap after
Heap after GC invocations=2 (full 0):
 PSYoungGen      total 34304K, used 2556K [0x00000000eab00000, 0x00000000ecf00000, 0x0000000100000000)
  eden space 31744K, 0% used [0x00000000eab00000,0x00000000eab00000,0x00000000eca00000)
  from space 2560K, 99% used [0x00000000ecc80000,0x00000000eceff140,0x00000000ecf00000)
  to   space 2560K, 0% used [0x00000000eca00000,0x00000000eca00000,0x00000000ecc80000)
 ParOldGen       total 42496K, used 8424K [0x00000000c0000000, 0x00000000c2980000, 0x00000000eab00000)
  object space 42496K, 19% used [0x00000000c0000000,0x00000000c083a110,0x00000000c2980000)
 Metaspace       used 7133K, capacity 7544K, committed 7680K, reserved 1056768K
  class space    used 743K, capacity 752K, committed 768K, reserved 1048576K
}
Event: 1.516 GC heap before
{Heap before GC invocations=3 (full 0):
 PSYoungGen      total 34304K, used 34300K [0x00000000eab00000, 0x00000000ecf00000, 0x0000000100000000)
  eden space 31744K, 100% used [0x00000000eab00000,0x00000000eca00000,0x00000000eca00000)
  from space 2560K, 99% used [0x00000000ecc80000,0x00000000eceff140,0x00000000ecf00000)
  to   space 2560K, 0% used [0x00000000eca00000,0x00000000eca00000,0x00000000ecc80000)
 ParOldGen       total 42496K, used 8424K [0x00000000c0000000, 0x00000000c2980000, 0x00000000eab00000)
  object space 42496K, 19% used [0x00000000c0000000,0x00000000c083a110,0x00000000c2980000)
 Metaspace       used 7195K, capacity 7608K, committed 7680K, reserved 1056768K
  class space    used 743K, capacity 752K, committed 768K, reserved 1048576K

Deoptimization events (10 events):
Event: 0.989 Thread 0x00007fa93800a000 Uncommon trap: reason=class_check action=maybe_recompile pc=0x00007fa9293a366c method=java.util.HashMap.putVal(ILjava/lang/Object;Ljava/lang/Object;ZZ)Ljava/lang/Object; @ 56
Event: 1.049 Thread 0x00007fa93800a000 Uncommon trap: reason=class_check action=maybe_recompile pc=0x00007fa929397a14 method=com.android.dex.Leb128.writeUnsignedLeb128(Lcom/android/dex/util/ByteOutput;I)V @ 40
Event: 1.049 Thread 0x00007fa93800a000 Uncommon trap: reason=class_check action=maybe_recompile pc=0x00007fa929397a14 method=com.android.dex.Leb128.writeUnsignedLeb128(Lcom/android/dex/util/ByteOutput;I)V @ 40
Event: 1.049 Thread 0x00007fa93800a000 Uncommon trap: reason=predicate action=maybe_recompile pc=0x00007fa929397a9c method=com.android.dex.Leb128.writeUnsignedLeb128(Lcom/android/dex/util/ByteOutput;I)V @ 9
Event: 1.085 Thread 0x00007fa93800a000 Uncommon trap: reason=unstable_if action=reinterpret pc=0x00007fa9293a7ac4 method=java.util.HashMap.putVal(ILjava/lang/Object;Ljava/lang/Object;ZZ)Ljava/lang/Object; @ 162
Event: 1.085 Thread 0x00007fa93800a000 Uncommon trap: reason=unstable_if action=reinterpret pc=0x00007fa9293aa064 method=java.util.HashMap.putVal(ILjava/lang/Object;Ljava/lang/Object;ZZ)Ljava/lang/Object; @ 162
Event: 1.166 Thread 0x00007fa93800a000 Uncommon trap: reason=unstable_if action=reinterpret pc=0x00007fa9293c9fb8 method=sun.misc.MetaIndex.mayContain(Ljava/lang/String;)Z @ 13
Event: 1.237 Thread 0x00007fa93800a000 Uncommon trap: reason=predicate action=maybe_recompile pc=0x00007fa92941a798 method=com.android.dex.Leb128.readUnsignedLeb128(Lcom/android/dex/util/ByteInput;)I @ 41
Event: 1.246 Thread 0x00007fa93800a000 Uncommon trap: reason=unstable_if action=reinterpret pc=0x00007fa92934445c method=java.util.HashMap.getNode(ILjava/lang/Object;)Ljava/util/HashMap$Node; @ 84
Event: 1.247 Thread 0x00007fa93800a000 Uncommon trap: reason=unstable_if action=reinterpret pc=0x00007fa9293509b8 method=java.util.HashMap.getNode(ILjava/lang/Object;)Ljava/util/HashMap$Node; @ 84

Internal exceptions (6 events):
Event: 0.127 Thread 0x00007fa93800a000 Exception <a 'java/lang/NoSuchMethodError': Method sun.misc.Unsafe.defineClass(Ljava/lang/String;[BII)Ljava/lang/Class; name or signature does not match> (0x00000000eab12a38) thrown at [/RE-WORK/workspace/8-2-build-linux-amd64/jdk8u45/3457/hotspot/src/sha
Event: 0.127 Thread 0x00007fa93800a000 Exception <a 'java/lang/NoSuchMethodError': Method sun.misc.Unsafe.prefetchRead(Ljava/lang/Object;J)V name or signature does not match> (0x00000000eab12cc8) thrown at [/RE-WORK/workspace/8-2-build-linux-amd64/jdk8u45/3457/hotspot/src/share/vm/prims/jni.cp
Event: 1.167 Thread 0x00007fa93800a000 Exception <a 'java/security/PrivilegedActionException'> (0x00000000eb2e1f70) thrown at [/RE-WORK/workspace/8-2-build-linux-amd64/jdk8u45/3457/hotspot/src/share/vm/prims/jvm.cpp, line 1382]
Event: 1.167 Thread 0x00007fa93800a000 Exception <a 'java/security/PrivilegedActionException'> (0x00000000eb2e22b8) thrown at [/RE-WORK/workspace/8-2-build-linux-amd64/jdk8u45/3457/hotspot/src/share/vm/prims/jvm.cpp, line 1382]
Event: 1.169 Thread 0x00007fa93800a000 Exception <a 'java/security/PrivilegedActionException'> (0x00000000eb2e4768) thrown at [/RE-WORK/workspace/8-2-build-linux-amd64/jdk8u45/3457/hotspot/src/share/vm/prims/jvm.cpp, line 1382]
Event: 1.170 Thread 0x00007fa93800a000 Exception <a 'java/security/PrivilegedActionException'> (0x00000000eb2e4ab0) thrown at [/RE-WORK/workspace/8-2-build-linux-amd64/jdk8u45/3457/hotspot/src/share/vm/prims/jvm.cpp, line 1382]

Events (10 events):
Event: 1.420 Thread 0x00007fa93800a000 DEOPT UNPACKING pc=0x00007fa929047233 sp=0x00007fa940670f90 mode 0
Event: 1.420 Thread 0x00007fa93800a000 DEOPT PACKING pc=0x00007fa92949c114 sp=0x00007fa940671270
Event: 1.420 Thread 0x00007fa93800a000 DEOPT UNPACKING pc=0x00007fa929047233 sp=0x00007fa940670fa8 mode 0
Event: 1.425 Thread 0x00007fa93800a000 DEOPT PACKING pc=0x00007fa92947eb4e sp=0x00007fa940671230
Event: 1.425 Thread 0x00007fa93800a000 DEOPT UNPACKING pc=0x00007fa929047233 sp=0x00007fa940670f70 mode 0
Event: 1.427 Thread 0x00007fa93800a000 DEOPT PACKING pc=0x00007fa92947eb4e sp=0x00007fa940671230
Event: 1.427 Thread 0x00007fa93800a000 DEOPT UNPACKING pc=0x00007fa929047233 sp=0x00007fa940670f70 mode 0
Event: 1.430 Thread 0x00007fa93800a000 DEOPT PACKING pc=0x00007fa92947eb4e sp=0x00007fa940671230
Event: 1.430 Thread 0x00007fa93800a000 DEOPT UNPACKING pc=0x00007fa929047233 sp=0x00007fa940670f70 mode 0
Event: 1.516 Executing VM operation: ParallelGCFailedAllocation


Dynamic libraries:
00400000-00401000 r-xp 00000000 08:03 1572315                            /opt/java/jdk1.8.0_45/bin/java
00600000-00601000 rw-p 00000000 08:03 1572315                            /opt/java/jdk1.8.0_45/bin/java
025f5000-02616000 rw-p 00000000 00:00 0                                  [heap]
c0000000-c2980000 rw-p 00000000 00:00 0 
c2980000-eab00000 ---p 00000000 00:00 0 
eab00000-ecf00000 rw-p 00000000 00:00 0 
eee00000-100000000 ---p 00000000 00:00 0 
100000000-1000c0000 rw-p 00000000 00:00 0 
1000c0000-140000000 ---p 00000000 00:00 0 
7fa8ec000000-7fa8ec021000 rw-p 00000000 00:00 0 
7fa8ec021000-7fa8f0000000 ---p 00000000 00:00 0 
7fa8f4000000-7fa8f4536000 rw-p 00000000 00:00 0 
7fa8f4536000-7fa8f8000000 ---p 00000000 00:00 0 
7fa8f8000000-7fa8f8021000 rw-p 00000000 00:00 0 
7fa8f8021000-7fa8fc000000 ---p 00000000 00:00 0 
7fa8fc000000-7fa8fc487000 rw-p 00000000 00:00 0 
7fa8fc487000-7fa900000000 ---p 00000000 00:00 0 
7fa900000000-7fa900d35000 rw-p 00000000 00:00 0 
7fa900d35000-7fa904000000 ---p 00000000 00:00 0 
7fa904000000-7fa904021000 rw-p 00000000 00:00 0 
7fa904021000-7fa908000000 ---p 00000000 00:00 0 
7fa908000000-7fa908021000 rw-p 00000000 00:00 0 
7fa908021000-7fa90c000000 ---p 00000000 00:00 0 
7fa90c000000-7fa90c28a000 rw-p 00000000 00:00 0 
7fa90c28a000-7fa910000000 ---p 00000000 00:00 0 
7fa910000000-7fa910021000 rw-p 00000000 00:00 0 
7fa910021000-7fa914000000 ---p 00000000 00:00 0 
7fa914000000-7fa914021000 rw-p 00000000 00:00 0 
7fa914021000-7fa918000000 ---p 00000000 00:00 0 
7fa918000000-7fa918021000 rw-p 00000000 00:00 0 
7fa918021000-7fa91c000000 ---p 00000000 00:00 0 
7fa91c000000-7fa91c021000 rw-p 00000000 00:00 0 
7fa91c021000-7fa920000000 ---p 00000000 00:00 0 
7fa92132d000-7fa92132e000 ---p 00000000 00:00 0 
7fa92132e000-7fa92142e000 rw-p 00000000 00:00 0                          [stack:6080]
7fa92142e000-7fa921431000 ---p 00000000 00:00 0 
7fa921431000-7fa92152f000 rw-p 00000000 00:00 0                          [stack:6079]
7fa92152f000-7fa921532000 ---p 00000000 00:00 0 
7fa921532000-7fa921630000 rw-p 00000000 00:00 0                          [stack:6078]
7fa921630000-7fa921633000 ---p 00000000 00:00 0 
7fa921633000-7fa921731000 rw-p 00000000 00:00 0                          [stack:6077]
7fa921731000-7fa921734000 ---p 00000000 00:00 0 
7fa921734000-7fa921832000 rw-p 00000000 00:00 0                          [stack:6076]
7fa921832000-7fa921835000 ---p 00000000 00:00 0 
7fa921835000-7fa921933000 rw-p 00000000 00:00 0                          [stack:6075]
7fa921933000-7fa921bfc000 r--p 00000000 08:03 266989                     /usr/lib/locale/locale-archive
7fa921bfc000-7fa921bff000 ---p 00000000 00:00 0 
7fa921bff000-7fa921cfd000 rw-p 00000000 00:00 0                          [stack:6074]
7fa921cfd000-7fa921d00000 ---p 00000000 00:00 0 
7fa921d00000-7fa921dfe000 rw-p 00000000 00:00 0                          [stack:6073]
7fa921dfe000-7fa921dff000 ---p 00000000 00:00 0 
7fa921dff000-7fa924000000 rw-p 00000000 00:00 0                          [stack:6072]
7fa924000000-7fa924021000 rw-p 00000000 00:00 0 
7fa924021000-7fa928000000 ---p 00000000 00:00 0 
7fa9280bc000-7fa9280d8000 r--s 00393000 08:03 1574015                    /opt/java/jdk1.8.0_45/jre/lib/ext/cldrdata.jar
7fa9280d8000-7fa928e27000 rw-p 00000000 00:00 0 
7fa928e27000-7fa929000000 r--s 03d09000 08:03 1573810                    /opt/java/jdk1.8.0_45/jre/lib/rt.jar
7fa929000000-7fa929520000 rwxp 00000000 00:00 0 
7fa929520000-7fa938000000 ---p 00000000 00:00 0 
7fa938000000-7fa9383b8000 rw-p 00000000 00:00 0 
7fa9383b8000-7fa93c000000 ---p 00000000 00:00 0 
7fa93c003000-7fa93c00e000 r--s 00116000 08:03 1574017                    /opt/java/jdk1.8.0_45/jre/lib/ext/localedata.jar
7fa93c00e000-7fa93c01d000 r--s 000dd000 00:19 9438599                    /home/mike/Android/Sdk/build-tools/22.0.1/lib/dx.jar
7fa93c01d000-7fa93c8b7000 rw-p 00000000 00:00 0 
7fa93c8b7000-7fa93c9f7000 ---p 00000000 00:00 0 
7fa93c9f7000-7fa93cbf7000 rw-p 00000000 00:00 0 
7fa93cbf7000-7fa93cbf8000 ---p 00000000 00:00 0 
7fa93cbf8000-7fa93ccf8000 rw-p 00000000 00:00 0                          [stack:6071]
7fa93ccf8000-7fa93ccf9000 ---p 00000000 00:00 0 
7fa93ccf9000-7fa93cdf9000 rw-p 00000000 00:00 0                          [stack:6070]
7fa93cdf9000-7fa93cdfa000 ---p 00000000 00:00 0 
7fa93cdfa000-7fa93cefa000 rw-p 00000000 00:00 0                          [stack:6069]
7fa93cefa000-7fa93cefb000 ---p 00000000 00:00 0 
7fa93cefb000-7fa93d010000 rw-p 00000000 00:00 0                          [stack:6068]
7fa93d010000-7fa93d151000 ---p 00000000 00:00 0 
7fa93d151000-7fa93d166000 rw-p 00000000 00:00 0 
7fa93d166000-7fa93d2a6000 ---p 00000000 00:00 0 
7fa93d2a6000-7fa93d2b9000 rw-p 00000000 00:00 0 
7fa93d2b9000-7fa93d351000 ---p 00000000 00:00 0 
7fa93d351000-7fa93d367000 rw-p 00000000 00:00 0 
7fa93d367000-7fa93d712000 ---p 00000000 00:00 0 
7fa93d712000-7fa93d72c000 r-xp 00000000 08:03 1574049                    /opt/java/jdk1.8.0_45/jre/lib/amd64/libzip.so
7fa93d72c000-7fa93d92c000 ---p 0001a000 08:03 1574049                    /opt/java/jdk1.8.0_45/jre/lib/amd64/libzip.so
7fa93d92c000-7fa93d92d000 rw-p 0001a000 08:03 1574049                    /opt/java/jdk1.8.0_45/jre/lib/amd64/libzip.so
7fa93d92d000-7fa93d938000 r-xp 00000000 08:03 131807                     /lib/x86_64-linux-gnu/libnss_files-2.19.so
7fa93d938000-7fa93db37000 ---p 0000b000 08:03 131807                     /lib/x86_64-linux-gnu/libnss_files-2.19.so
7fa93db37000-7fa93db38000 r--p 0000a000 08:03 131807                     /lib/x86_64-linux-gnu/libnss_files-2.19.so
7fa93db38000-7fa93db39000 rw-p 0000b000 08:03 131807                     /lib/x86_64-linux-gnu/libnss_files-2.19.so
7fa93db39000-7fa93db44000 r-xp 00000000 08:03 131871                     /lib/x86_64-linux-gnu/libnss_nis-2.19.so
7fa93db44000-7fa93dd43000 ---p 0000b000 08:03 131871                     /lib/x86_64-linux-gnu/libnss_nis-2.19.so
7fa93dd43000-7fa93dd44000 r--p 0000a000 08:03 131871                     /lib/x86_64-linux-gnu/libnss_nis-2.19.so
7fa93dd44000-7fa93dd45000 rw-p 0000b000 08:03 131871                     /lib/x86_64-linux-gnu/libnss_nis-2.19.so
7fa93dd45000-7fa93dd5c000 r-xp 00000000 08:03 131829                     /lib/x86_64-linux-gnu/libnsl-2.19.so
7fa93dd5c000-7fa93df5b000 ---p 00017000 08:03 131829                     /lib/x86_64-linux-gnu/libnsl-2.19.so
7fa93df5b000-7fa93df5c000 r--p 00016000 08:03 131829                     /lib/x86_64-linux-gnu/libnsl-2.19.so
7fa93df5c000-7fa93df5d000 rw-p 00017000 08:03 131829                     /lib/x86_64-linux-gnu/libnsl-2.19.so
7fa93df5d000-7fa93df5f000 rw-p 00000000 00:00 0 
7fa93df5f000-7fa93df68000 r-xp 00000000 08:03 131828                     /lib/x86_64-linux-gnu/libnss_compat-2.19.so
7fa93df68000-7fa93e167000 ---p 00009000 08:03 131828                     /lib/x86_64-linux-gnu/libnss_compat-2.19.so
7fa93e167000-7fa93e168000 r--p 00008000 08:03 131828                     /lib/x86_64-linux-gnu/libnss_compat-2.19.so
7fa93e168000-7fa93e169000 rw-p 00009000 08:03 131828                     /lib/x86_64-linux-gnu/libnss_compat-2.19.so
7fa93e169000-7fa93e193000 r-xp 00000000 08:03 1574040                    /opt/java/jdk1.8.0_45/jre/lib/amd64/libjava.so
7fa93e193000-7fa93e393000 ---p 0002a000 08:03 1574040                    /opt/java/jdk1.8.0_45/jre/lib/amd64/libjava.so
7fa93e393000-7fa93e395000 rw-p 0002a000 08:03 1574040                    /opt/java/jdk1.8.0_45/jre/lib/amd64/libjava.so
7fa93e395000-7fa93e3a2000 r-xp 00000000 08:03 1574047                    /opt/java/jdk1.8.0_45/jre/lib/amd64/libverify.so
7fa93e3a2000-7fa93e5a2000 ---p 0000d000 08:03 1574047                    /opt/java/jdk1.8.0_45/jre/lib/amd64/libverify.so
7fa93e5a2000-7fa93e5a4000 rw-p 0000d000 08:03 1574047                    /opt/java/jdk1.8.0_45/jre/lib/amd64/libverify.so
7fa93e5a4000-7fa93e5ab000 r-xp 00000000 08:03 131868                     /lib/x86_64-linux-gnu/librt-2.19.so
7fa93e5ab000-7fa93e7aa000 ---p 00007000 08:03 131868                     /lib/x86_64-linux-gnu/librt-2.19.so
7fa93e7aa000-7fa93e7ab000 r--p 00006000 08:03 131868                     /lib/x86_64-linux-gnu/librt-2.19.so
7fa93e7ab000-7fa93e7ac000 rw-p 00007000 08:03 131868                     /lib/x86_64-linux-gnu/librt-2.19.so
7fa93e7ac000-7fa93e8b1000 r-xp 00000000 08:03 131806                     /lib/x86_64-linux-gnu/libm-2.19.so
7fa93e8b1000-7fa93eab0000 ---p 00105000 08:03 131806                     /lib/x86_64-linux-gnu/libm-2.19.so
7fa93eab0000-7fa93eab1000 r--p 00104000 08:03 131806                     /lib/x86_64-linux-gnu/libm-2.19.so
7fa93eab1000-7fa93eab2000 rw-p 00105000 08:03 131806                     /lib/x86_64-linux-gnu/libm-2.19.so
7fa93eab2000-7fa93f760000 r-xp 00000000 08:03 1574060                    /opt/java/jdk1.8.0_45/jre/lib/amd64/server/libjvm.so
7fa93f760000-7fa93f95f000 ---p 00cae000 08:03 1574060                    /opt/java/jdk1.8.0_45/jre/lib/amd64/server/libjvm.so
7fa93f95f000-7fa93fa36000 rw-p 00cad000 08:03 1574060                    /opt/java/jdk1.8.0_45/jre/lib/amd64/server/libjvm.so
7fa93fa36000-7fa93fa7a000 rw-p 00000000 00:00 0 
7fa93fa7a000-7fa93fc35000 r-xp 00000000 08:03 131857                     /lib/x86_64-linux-gnu/libc-2.19.so
7fa93fc35000-7fa93fe34000 ---p 001bb000 08:03 131857                     /lib/x86_64-linux-gnu/libc-2.19.so
7fa93fe34000-7fa93fe38000 r--p 001ba000 08:03 131857                     /lib/x86_64-linux-gnu/libc-2.19.so
7fa93fe38000-7fa93fe3a000 rw-p 001be000 08:03 131857                     /lib/x86_64-linux-gnu/libc-2.19.so
7fa93fe3a000-7fa93fe3f000 rw-p 00000000 00:00 0 
7fa93fe3f000-7fa93fe42000 r-xp 00000000 08:03 131810                     /lib/x86_64-linux-gnu/libdl-2.19.so
7fa93fe42000-7fa940041000 ---p 00003000 08:03 131810                     /lib/x86_64-linux-gnu/libdl-2.19.so
7fa940041000-7fa940042000 r--p 00002000 08:03 131810                     /lib/x86_64-linux-gnu/libdl-2.19.so
7fa940042000-7fa940043000 rw-p 00003000 08:03 131810                     /lib/x86_64-linux-gnu/libdl-2.19.so
7fa940043000-7fa940058000 r-xp 00000000 08:03 1573749                    /opt/java/jdk1.8.0_45/lib/amd64/jli/libjli.so
7fa940058000-7fa940258000 ---p 00015000 08:03 1573749                    /opt/java/jdk1.8.0_45/lib/amd64/jli/libjli.so
7fa940258000-7fa940259000 rw-p 00015000 08:03 1573749                    /opt/java/jdk1.8.0_45/lib/amd64/jli/libjli.so
7fa940259000-7fa940272000 r-xp 00000000 08:03 131858                     /lib/x86_64-linux-gnu/libpthread-2.19.so
7fa940272000-7fa940471000 ---p 00019000 08:03 131858                     /lib/x86_64-linux-gnu/libpthread-2.19.so
7fa940471000-7fa940472000 r--p 00018000 08:03 131858                     /lib/x86_64-linux-gnu/libpthread-2.19.so
7fa940472000-7fa940473000 rw-p 00019000 08:03 131858                     /lib/x86_64-linux-gnu/libpthread-2.19.so
7fa940473000-7fa940477000 rw-p 00000000 00:00 0 
7fa940477000-7fa94049a000 r-xp 00000000 08:03 131833                     /lib/x86_64-linux-gnu/ld-2.19.so
7fa94049b000-7fa9404a0000 r--s 00094000 08:03 1573828                    /opt/java/jdk1.8.0_45/jre/lib/jsse.jar
7fa9404a0000-7fa940572000 rw-p 00000000 00:00 0 
7fa940572000-7fa940575000 ---p 00000000 00:00 0 
7fa940575000-7fa940678000 rw-p 00000000 00:00 0                          [stack:6067]
7fa940678000-7fa940679000 r--p 00000000 08:03 672594                     /usr/share/locale-langpack/en_GB/LC_MESSAGES/libc.mo
7fa940679000-7fa94068d000 rw-p 00000000 00:00 0 
7fa94068d000-7fa940695000 rw-s 00000000 08:03 1572273                    /tmp/hsperfdata_mike/6062
7fa940695000-7fa940696000 rw-p 00000000 00:00 0 
7fa940696000-7fa940697000 ---p 00000000 00:00 0 
7fa940697000-7fa940699000 rw-p 00000000 00:00 0 
7fa940699000-7fa94069a000 r--p 00022000 08:03 131833                     /lib/x86_64-linux-gnu/ld-2.19.so
7fa94069a000-7fa94069b000 rw-p 00023000 08:03 131833                     /lib/x86_64-linux-gnu/ld-2.19.so
7fa94069b000-7fa94069c000 rw-p 00000000 00:00 0 
7ffff1dfc000-7ffff1e1e000 rw-p 00000000 00:00 0                          [stack]
7ffff1fdb000-7ffff1fdd000 r-xp 00000000 00:00 0                          [vdso]
ffffffffff600000-ffffffffff601000 r-xp 00000000 00:00 0                  [vsyscall]

VM Arguments:
jvm_args: -Xmx1024M -Dfile.encoding=UTF-8 -Duser.country=GB -Duser.language=en -Duser.variant 
java_command: com.android.dx.command.Main --dex --output /home/mike/AndroidStudioProjects/JumbleWords/app/build/intermediates/dex/debug /home/mike/AndroidStudioProjects/JumbleWords/app/build/intermediates/classes/debug /home/mike/AndroidStudioProjects/JumbleWords/app/build/intermediates/pre-dexed/debug/support-annotations-22.2.0-bfa71d602cc0e11fce5350ed544c9f5e4d4a05e4.jar /home/mike/AndroidStudioProjects/JumbleWords/app/build/intermediates/pre-dexed/debug/internal_impl-22.2.0-4e384c9fa3f70d5b887f79474a70d565374e492b.jar /home/mike/AndroidStudioProjects/JumbleWords/app/build/intermediates/pre-dexed/debug/classes-c725f4d3693b5721f9f0f0cef61e13d4dd44efcc.jar /home/mike/AndroidStudioProjects/JumbleWords/app/build/intermediates/pre-dexed/debug/classes-b50f961f75b442eaad78f4427186c2f72ac76cc9.jar
java_class_path (initial): /home/mike/Android/Sdk/build-tools/22.0.1/lib/dx.jar
Launcher Type: SUN_STANDARD

Environment Variables:
PATH=/usr/local/sbin:/usr/local/bin:/usr/sbin:/usr/bin:/sbin:/bin:/usr/games:/usr/local/games
USERNAME=mike
LD_LIBRARY_PATH=/opt/android-studio/bin:
SHELL=/bin/bash
DISPLAY=:0

Signal Handlers:
SIGSEGV: [libjvm.so+0xaad1e0], sa_mask[0]=11111111011111111101111111111110, sa_flags=SA_RESTART|SA_SIGINFO
SIGBUS: [libjvm.so+0xaad1e0], sa_mask[0]=11111111011111111101111111111110, sa_flags=SA_RESTART|SA_SIGINFO
SIGFPE: [libjvm.so+0x90b450], sa_mask[0]=11111111011111111101111111111110, sa_flags=SA_RESTART|SA_SIGINFO
SIGPIPE: [libjvm.so+0x90b450], sa_mask[0]=11111111011111111101111111111110, sa_flags=SA_RESTART|SA_SIGINFO
SIGXFSZ: [libjvm.so+0x90b450], sa_mask[0]=11111111011111111101111111111110, sa_flags=SA_RESTART|SA_SIGINFO
SIGILL: [libjvm.so+0x90b450], sa_mask[0]=11111111011111111101111111111110, sa_flags=SA_RESTART|SA_SIGINFO
SIGUSR1: SIG_DFL, sa_mask[0]=00000000000000000000000000000000, sa_flags=none
SIGUSR2: [libjvm.so+0x90ca90], sa_mask[0]=00100000000000000000000000000000, sa_flags=SA_RESTART|SA_SIGINFO
SIGHUP: [libjvm.so+0x90dde0], sa_mask[0]=11111111011111111101111111111110, sa_flags=SA_RESTART|SA_SIGINFO
SIGINT: [libjvm.so+0x90dde0], sa_mask[0]=11111111011111111101111111111110, sa_flags=SA_RESTART|SA_SIGINFO
SIGTERM: [libjvm.so+0x90dde0], sa_mask[0]=11111111011111111101111111111110, sa_flags=SA_RESTART|SA_SIGINFO
SIGQUIT: [libjvm.so+0x90dde0], sa_mask[0]=11111111011111111101111111111110, sa_flags=SA_RESTART|SA_SIGINFO


---------------  S Y S T E M  ---------------

OS:DISTRIB_ID=LinuxMint
DISTRIB_RELEASE=17.2
DISTRIB_CODENAME=rafaela
DISTRIB_DESCRIPTION="Linux Mint 17.2 Rafaela"

uname:Linux 3.13.0-37-generic #64-Ubuntu SMP Mon Sep 22 21:28:38 UTC 2014 x86_64
libc:glibc 2.19 NPTL 2.19 
rlimit: STACK 8192k, CORE 0k, NPROC 30882, NOFILE 4096, AS infinity
load average:4.76 2.11 1.42

/proc/meminfo:
MemTotal:        4048044 kB
MemFree:           95692 kB
Buffers:             216 kB
Cached:           359860 kB
SwapCached:            0 kB
Active:          3209696 kB
Inactive:         354596 kB
Active(anon):    3207816 kB
Inactive(anon):   336912 kB
Active(file):       1880 kB
Inactive(file):    17684 kB
Unevictable:         156 kB
Mlocked:             156 kB
SwapTotal:             0 kB
SwapFree:              0 kB
Dirty:                36 kB
Writeback:             0 kB
AnonPages:       3204400 kB
Mapped:           472860 kB
Shmem:            340484 kB
Slab:              71708 kB
SReclaimable:      27124 kB
SUnreclaim:        44584 kB
KernelStack:        5184 kB
PageTables:        37344 kB
NFS_Unstable:          0 kB
Bounce:                0 kB
WritebackTmp:          0 kB
CommitLimit:     2024020 kB
Committed_AS:    6964360 kB
VmallocTotal:   34359738367 kB
VmallocUsed:      305712 kB
VmallocChunk:   34359429228 kB
HardwareCorrupted:     0 kB
AnonHugePages:   1114112 kB
HugePages_Total:       0
HugePages_Free:        0
HugePages_Rsvd:        0
HugePages_Surp:        0
Hugepagesize:       2048 kB
DirectMap4k:      230976 kB
DirectMap2M:     3962880 kB
DirectMap1G:           0 kB


CPU:total 4 (4 cores per cpu, 1 threads per core) family 16 model 4 stepping 2, cmov, cx8, fxsr, mmx, sse, sse2, sse3, popcnt, mmxext, 3dnowpref, lzcnt, sse4a, tsc, tscinvbit, tscinv

/proc/cpuinfo:
processor	: 0
vendor_id	: AuthenticAMD
cpu family	: 16
model		: 4
model name	: AMD Phenom(tm) II X4 955 Processor
stepping	: 2
microcode	: 0x1000086
cpu MHz		: 800.000
cache size	: 512 KB
physical id	: 0
siblings	: 4
core id		: 0
cpu cores	: 4
apicid		: 0
initial apicid	: 0
fpu		: yes
fpu_exception	: yes
cpuid level	: 5
wp		: yes
flags		: fpu vme de pse tsc msr pae mce cx8 apic sep mtrr pge mca cmov pat pse36 clflush mmx fxsr sse sse2 ht syscall nx mmxext fxsr_opt pdpe1gb rdtscp lm 3dnowext 3dnow constant_tsc rep_good nopl nonstop_tsc extd_apicid pni monitor cx16 popcnt lahf_lm cmp_legacy svm extapic cr8_legacy abm sse4a misalignsse 3dnowprefetch osvw ibs skinit wdt hw_pstate npt lbrv svm_lock nrip_save
bogomips	: 6399.97
TLB size	: 1024 4K pages
clflush size	: 64
cache_alignment	: 64
address sizes	: 48 bits physical, 48 bits virtual
power management: ts ttp tm stc 100mhzsteps hwpstate

processor	: 1
vendor_id	: AuthenticAMD
cpu family	: 16
model		: 4
model name	: AMD Phenom(tm) II X4 955 Processor
stepping	: 2
microcode	: 0x1000086
cpu MHz		: 800.000
cache size	: 512 KB
physical id	: 0
siblings	: 4
core id		: 1
cpu cores	: 4
apicid		: 1
initial apicid	: 1
fpu		: yes
fpu_exception	: yes
cpuid level	: 5
wp		: yes
flags		: fpu vme de pse tsc msr pae mce cx8 apic sep mtrr pge mca cmov pat pse36 clflush mmx fxsr sse sse2 ht syscall nx mmxext fxsr_opt pdpe1gb rdtscp lm 3dnowext 3dnow constant_tsc rep_good nopl nonstop_tsc extd_apicid pni monitor cx16 popcnt lahf_lm cmp_legacy svm extapic cr8_legacy abm sse4a misalignsse 3dnowprefetch osvw ibs skinit wdt hw_pstate npt lbrv svm_lock nrip_save
bogomips	: 6399.97
TLB size	: 1024 4K pages
clflush size	: 64
cache_alignment	: 64
address sizes	: 48 bits physical, 48 bits virtual
power management: ts ttp tm stc 100mhzsteps hwpstate

processor	: 2
vendor_id	: AuthenticAMD
cpu family	: 16
model		: 4
model name	: AMD Phenom(tm) II X4 955 Processor
stepping	: 2
microcode	: 0x1000086
cpu MHz		: 800.000
cache size	: 512 KB
physical id	: 0
siblings	: 4
core id		: 2
cpu cores	: 4
apicid		: 2
initial apicid	: 2
fpu		: yes
fpu_exception	: yes
cpuid level	: 5
wp		: yes
flags		: fpu vme de pse tsc msr pae mce cx8 apic sep mtrr pge mca cmov pat pse36 clflush mmx fxsr sse sse2 ht syscall nx mmxext fxsr_opt pdpe1gb rdtscp lm 3dnowext 3dnow constant_tsc rep_good nopl nonstop_tsc extd_apicid pni monitor cx16 popcnt lahf_lm cmp_legacy svm extapic cr8_legacy abm sse4a misalignsse 3dnowprefetch osvw ibs skinit wdt hw_pstate npt lbrv svm_lock nrip_save
bogomips	: 6399.97
TLB size	: 1024 4K pages
clflush size	: 64
cache_alignment	: 64
address sizes	: 48 bits physical, 48 bits virtual
power management: ts ttp tm stc 100mhzsteps hwpstate

processor	: 3
vendor_id	: AuthenticAMD
cpu family	: 16
model		: 4
model name	: AMD Phenom(tm) II X4 955 Processor
stepping	: 2
microcode	: 0x1000086
cpu MHz		: 800.000
cache size	: 512 KB
physical id	: 0
siblings	: 4
core id		: 3
cpu cores	: 4
apicid		: 3
initial apicid	: 3
fpu		: yes
fpu_exception	: yes
cpuid level	: 5
wp		: yes
flags		: fpu vme de pse tsc msr pae mce cx8 apic sep mtrr pge mca cmov pat pse36 clflush mmx fxsr sse sse2 ht syscall nx mmxext fxsr_opt pdpe1gb rdtscp lm 3dnowext 3dnow constant_tsc rep_good nopl nonstop_tsc extd_apicid pni monitor cx16 popcnt lahf_lm cmp_legacy svm extapic cr8_legacy abm sse4a misalignsse 3dnowprefetch osvw ibs skinit wdt hw_pstate npt lbrv svm_lock nrip_save
bogomips	: 6399.97
TLB size	: 1024 4K pages
clflush size	: 64
cache_alignment	: 64
address sizes	: 48 bits physical, 48 bits virtual
power management: ts ttp tm stc 100mhzsteps hwpstate



Memory: 4k page, physical 4048044k(92468k free), swap 0k(0k free)

vm_info: Java HotSpot(TM) 64-Bit Server VM (25.45-b02) for linux-amd64 JRE (1.8.0_45-b14), built on Apr 10 2015 10:07:45 by "java_re" with gcc 4.3.0 20080428 (Red Hat 4.3.0-8)

time: Sat Jul 25 23:42:41 2015
elapsed time: 8 seconds (0d 0h 0m 8s)

