#
# There is insufficient memory for the Java Runtime Environment to continue.
# Native memory allocation (mmap) failed to map 32505856 bytes for committing reserved memory.
# Possible reasons:
#   The system is out of physical RAM or swap space
#   In 32 bit mode, the process size limit was hit
# Possible solutions:
#   Reduce memory load on the system
#   Increase physical memory or swap space
#   Check if swap backing store is full
#   Use 64 bit Java on a 64 bit OS
#   Decrease Java heap size (-Xmx/-Xms)
#   Decrease number of Java threads
#   Decrease Java thread stack sizes (-Xss)
#   Set larger code cache with -XX:ReservedCodeCacheSize=
# This output file may be truncated or incomplete.
#
#  Out of Memory Error (os_linux.cpp:2673), pid=23823, tid=140143185872640
#
# JRE version: Java(TM) SE Runtime Environment (8.0_45-b14) (build 1.8.0_45-b14)
# Java VM: Java HotSpot(TM) 64-Bit Server VM (25.45-b02 mixed mode linux-amd64 compressed oops)
# Failed to write core dump. Core dumps have been disabled. To enable core dumping, try "ulimit -c unlimited" before starting Java again
#

---------------  T H R E A D  ---------------

Current thread (0x00007f75b0078000):  VMThread [stack: 0x00007f75a0bfc000,0x00007f75a0cfd000] [id=23833]

Stack: [0x00007f75a0bfc000,0x00007f75a0cfd000],  sp=0x00007f75a0cfb160,  free space=1020k
Native frames: (J=compiled Java code, j=interpreted, Vv=VM code, C=native code)
V  [libjvm.so+0xaac99a]  VMError::report_and_die()+0x2ba
V  [libjvm.so+0x4f333b]  report_vm_out_of_memory(char const*, int, unsigned long, VMErrorType, char const*)+0x8b
V  [libjvm.so+0x90e7c3]  os::Linux::commit_memory_impl(char*, unsigned long, bool)+0x103
V  [libjvm.so+0x90ed19]  os::pd_commit_memory(char*, unsigned long, unsigned long, bool)+0x29
V  [libjvm.so+0x90867a]  os::commit_memory(char*, unsigned long, unsigned long, bool)+0x2a
V  [libjvm.so+0x97bac3]  PSVirtualSpace::expand_by(unsigned long)+0x53
V  [libjvm.so+0x97cec8]  PSYoungGen::resize_generation(unsigned long, unsigned long)+0xf8
V  [libjvm.so+0x97c022]  PSYoungGen::resize(unsigned long, unsigned long)+0x22
V  [libjvm.so+0x9792fb]  PSScavenge::invoke_no_policy()+0xf7b
V  [libjvm.so+0x979a81]  PSScavenge::invoke()+0x41
V  [libjvm.so+0x932050]  ParallelScavengeHeap::failed_mem_allocate(unsigned long)+0x70
V  [libjvm.so+0xaae1d7]  VM_ParallelGCFailedAllocation::doit()+0x97
V  [libjvm.so+0xab59c5]  VM_Operation::evaluate()+0x55
V  [libjvm.so+0xab3d9a]  VMThread::evaluate_operation(VM_Operation*)+0xba
V  [libjvm.so+0xab411e]  VMThread::loop()+0x1ce
V  [libjvm.so+0xab4590]  VMThread::run()+0x70
V  [libjvm.so+0x910de8]  java_start(Thread*)+0x108

VM_Operation (0x00007f75b9466e10): ParallelGCFailedAllocation, mode: safepoint, requested by thread 0x00007f75b000a000


---------------  P R O C E S S  ---------------

Java Threads: ( => current thread )
  0x00007f75b00ca800 JavaThread "Service Thread" daemon [_thread_blocked, id=23840, stack(0x00007f75a022c000,0x00007f75a032d000)]
  0x00007f75b00bd800 JavaThread "C1 CompilerThread2" daemon [_thread_blocked, id=23839, stack(0x00007f75a032d000,0x00007f75a042e000)]
  0x00007f75b00bb800 JavaThread "C2 CompilerThread1" daemon [_thread_blocked, id=23838, stack(0x00007f75a042e000,0x00007f75a052f000)]
  0x00007f75b00b8800 JavaThread "C2 CompilerThread0" daemon [_thread_blocked, id=23837, stack(0x00007f75a052f000,0x00007f75a0630000)]
  0x00007f75b00b7800 JavaThread "Signal Dispatcher" daemon [_thread_blocked, id=23836, stack(0x00007f75a0630000,0x00007f75a0731000)]
  0x00007f75b007f000 JavaThread "Finalizer" daemon [_thread_blocked, id=23835, stack(0x00007f75a09fa000,0x00007f75a0afb000)]
  0x00007f75b007d000 JavaThread "Reference Handler" daemon [_thread_blocked, id=23834, stack(0x00007f75a0afb000,0x00007f75a0bfc000)]
  0x00007f75b000a000 JavaThread "main" [_thread_blocked, id=23828, stack(0x00007f75b9368000,0x00007f75b9469000)]

Other Threads:
=>0x00007f75b0078000 VMThread [stack: 0x00007f75a0bfc000,0x00007f75a0cfd000] [id=23833]
  0x00007f75b00d5000 WatcherThread [stack: 0x00007f75a012b000,0x00007f75a022c000] [id=23841]

VM state:at safepoint (normal execution)

VM Mutex/Monitor currently owned by a thread:  ([mutex/lock_event])
[0x00007f75b00066f0] Threads_lock - owner thread: 0x00007f75b0078000
[0x00007f75b0006bf0] Heap_lock - owner thread: 0x00007f75b000a000

Heap:
 PSYoungGen      total 34304K, used 2554K [0x00000000eab00000, 0x00000000ecf00000, 0x0000000100000000)
  eden space 31744K, 0% used [0x00000000eab00000,0x00000000eab00000,0x00000000eca00000)
  from space 2560K, 99% used [0x00000000eca00000,0x00000000ecc7eb80,0x00000000ecc80000)
  to   space 2560K, 0% used [0x00000000ecc80000,0x00000000ecc80000,0x00000000ecf00000)
 ParOldGen       total 42496K, used 10320K [0x00000000c0000000, 0x00000000c2980000, 0x00000000eab00000)
  object space 42496K, 24% used [0x00000000c0000000,0x00000000c0a140a8,0x00000000c2980000)
 Metaspace       used 7132K, capacity 7544K, committed 7680K, reserved 1056768K
  class space    used 741K, capacity 752K, committed 768K, reserved 1048576K

Card table byte_map: [0x00007f75b5f47000,0x00007f75b6148000] byte_map_base: 0x00007f75b5947000

Marking Bits: (ParMarkBitMap*) 0x00007f75b8845760
 Begin Bits: [0x00007f759a000000, 0x00007f759b000000)
 End Bits:   [0x00007f759b000000, 0x00007f759c000000)

Polling page: 0x00007f75b948c000

CodeCache: size=245760Kb used=4987Kb max_used=4987Kb free=240772Kb
 bounds [0x00007f75a1000000, 0x00007f75a14f0000, 0x00007f75b0000000]
 total_blobs=1912 nmethods=1619 adapters=207
 compilation: enabled

Compilation events (10 events):
Event: 1.304 Thread 0x00007f75b00bd800 1643       2       com.android.dx.io.instructions.InstructionCodec$22::decode (37 bytes)
Event: 1.305 Thread 0x00007f75b00bd800 nmethod 1643 0x00007f75a14df550 code [0x00007f75a14df700, 0x00007f75a14dfb88]
Event: 1.305 Thread 0x00007f75b00bd800 1644       2       com.android.dx.io.instructions.DecodedInstruction::getLiteralInt (53 bytes)
Event: 1.305 Thread 0x00007f75b00bd800 nmethod 1644 0x00007f75a14e0090 code [0x00007f75a14e0240, 0x00007f75a14e0688]
Event: 1.305 Thread 0x00007f75b00bd800 1646       2       com.android.dx.io.instructions.InstructionCodec$34::decode (314 bytes)
Event: 1.307 Thread 0x00007f75b00bd800 nmethod 1646 0x00007f75a14e0910 code [0x00007f75a14e0c20, 0x00007f75a14e21e8]
Event: 1.308 Thread 0x00007f75b00bd800 1647       2       com.android.dx.io.instructions.ShortArrayCodeOutput::write (33 bytes)
Event: 1.308 Thread 0x00007f75b00bd800 nmethod 1647 0x00007f75a14e3790 code [0x00007f75a14e3900, 0x00007f75a14e3b30]
Event: 1.312 Thread 0x00007f75b00bd800 1649       2       com.android.dx.io.instructions.InstructionCodec$7::encode (23 bytes)
Event: 1.312 Thread 0x00007f75b00bd800 nmethod 1649 0x00007f75a14e3d50 code [0x00007f75a14e3ec0, 0x00007f75a14e4128]

GC Heap History (5 events):
Event: 0.785 GC heap before
{Heap before GC invocations=1 (full 0):
 PSYoungGen      total 18432K, used 15590K [0x00000000eab00000, 0x00000000ebf80000, 0x0000000100000000)
  eden space 15872K, 98% used [0x00000000eab00000,0x00000000eba39968,0x00000000eba80000)
  from space 2560K, 0% used [0x00000000ebd00000,0x00000000ebd00000,0x00000000ebf80000)
  to   space 2560K, 0% used [0x00000000eba80000,0x00000000eba80000,0x00000000ebd00000)
 ParOldGen       total 42496K, used 0K [0x00000000c0000000, 0x00000000c2980000, 0x00000000eab00000)
  object space 42496K, 0% used [0x00000000c0000000,0x00000000c0000000,0x00000000c2980000)
 Metaspace       used 5199K, capacity 6576K, committed 6784K, reserved 1056768K
  class space    used 540K, capacity 616K, committed 640K, reserved 1048576K
Event: 0.796 GC heap after
Heap after GC invocations=1 (full 0):
 PSYoungGen      total 18432K, used 2531K [0x00000000eab00000, 0x00000000ecf00000, 0x0000000100000000)
  eden space 15872K, 0% used [0x00000000eab00000,0x00000000eab00000,0x00000000eba80000)
  from space 2560K, 98% used [0x00000000eba80000,0x00000000ebcf8cb8,0x00000000ebd00000)
  to   space 2560K, 0% used [0x00000000ecc80000,0x00000000ecc80000,0x00000000ecf00000)
 ParOldGen       total 42496K, used 2354K [0x00000000c0000000, 0x00000000c2980000, 0x00000000eab00000)
  object space 42496K, 5% used [0x00000000c0000000,0x00000000c024cbd8,0x00000000c2980000)
 Metaspace       used 5199K, capacity 6576K, committed 6784K, reserved 1056768K
  class space    used 540K, capacity 616K, committed 640K, reserved 1048576K
}
Event: 1.174 GC heap before
{Heap before GC invocations=2 (full 0):
 PSYoungGen      total 18432K, used 18403K [0x00000000eab00000, 0x00000000ecf00000, 0x0000000100000000)
  eden space 15872K, 100% used [0x00000000eab00000,0x00000000eba80000,0x00000000eba80000)
  from space 2560K, 98% used [0x00000000eba80000,0x00000000ebcf8cb8,0x00000000ebd00000)
  to   space 2560K, 0% used [0x00000000ecc80000,0x00000000ecc80000,0x00000000ecf00000)
 ParOldGen       total 42496K, used 2354K [0x00000000c0000000, 0x00000000c2980000, 0x00000000eab00000)
  object space 42496K, 5% used [0x00000000c0000000,0x00000000c024cbd8,0x00000000c2980000)
 Metaspace       used 7067K, capacity 7480K, committed 7680K, reserved 1056768K
  class space    used 741K, capacity 752K, committed 768K, reserved 1048576K
Event: 1.180 GC heap after
Heap after GC invocations=2 (full 0):
 PSYoungGen      total 34304K, used 2556K [0x00000000eab00000, 0x00000000ecf00000, 0x0000000100000000)
  eden space 31744K, 0% used [0x00000000eab00000,0x00000000eab00000,0x00000000eca00000)
  from space 2560K, 99% used [0x00000000ecc80000,0x00000000eceff2c8,0x00000000ecf00000)
  to   space 2560K, 0% used [0x00000000eca00000,0x00000000eca00000,0x00000000ecc80000)
 ParOldGen       total 42496K, used 5924K [0x00000000c0000000, 0x00000000c2980000, 0x00000000eab00000)
  object space 42496K, 13% used [0x00000000c0000000,0x00000000c05c90e8,0x00000000c2980000)
 Metaspace       used 7067K, capacity 7480K, committed 7680K, reserved 1056768K
  class space    used 741K, capacity 752K, committed 768K, reserved 1048576K
}
Event: 1.370 GC heap before
{Heap before GC invocations=3 (full 0):
 PSYoungGen      total 34304K, used 34300K [0x00000000eab00000, 0x00000000ecf00000, 0x0000000100000000)
  eden space 31744K, 100% used [0x00000000eab00000,0x00000000eca00000,0x00000000eca00000)
  from space 2560K, 99% used [0x00000000ecc80000,0x00000000eceff2c8,0x00000000ecf00000)
  to   space 2560K, 0% used [0x00000000eca00000,0x00000000eca00000,0x00000000ecc80000)
 ParOldGen       total 42496K, used 5924K [0x00000000c0000000, 0x00000000c2980000, 0x00000000eab00000)
  object space 42496K, 13% used [0x00000000c0000000,0x00000000c05c90e8,0x00000000c2980000)
 Metaspace       used 7132K, capacity 7544K, committed 7680K, reserved 1056768K
  class space    used 741K, capacity 752K, committed 768K, reserved 1048576K

Deoptimization events (10 events):
Event: 0.816 Thread 0x00007f75b000a000 Uncommon trap: reason=bimorphic action=maybe_recompile pc=0x00007f75a1286b10 method=java.util.HashMap.getNode(ILjava/lang/Object;)Ljava/util/HashMap$Node; @ 126
Event: 0.820 Thread 0x00007f75b000a000 Uncommon trap: reason=bimorphic action=maybe_recompile pc=0x00007f75a1286b10 method=java.util.HashMap.getNode(ILjava/lang/Object;)Ljava/util/HashMap$Node; @ 126
Event: 0.820 Thread 0x00007f75b000a000 Uncommon trap: reason=bimorphic action=maybe_recompile pc=0x00007f75a1286b10 method=java.util.HashMap.getNode(ILjava/lang/Object;)Ljava/util/HashMap$Node; @ 126
Event: 0.868 Thread 0x00007f75b000a000 Uncommon trap: reason=unstable_if action=reinterpret pc=0x00007f75a13418b0 method=com.android.dx.util.ByteArrayAnnotatedOutput.writeByte(I)V @ 13
Event: 0.992 Thread 0x00007f75b000a000 Uncommon trap: reason=unstable_if action=reinterpret pc=0x00007f75a137679c method=java.util.HashMap.putVal(ILjava/lang/Object;Ljava/lang/Object;ZZ)Ljava/lang/Object; @ 162
Event: 0.999 Thread 0x00007f75b000a000 Uncommon trap: reason=predicate action=maybe_recompile pc=0x00007f75a13ad268 method=com.android.dex.Leb128.writeUnsignedLeb128(Lcom/android/dex/util/ByteOutput;I)V @ 9
Event: 1.049 Thread 0x00007f75b000a000 Uncommon trap: reason=unstable_if action=reinterpret pc=0x00007f75a1373738 method=sun.misc.MetaIndex.mayContain(Ljava/lang/String;)Z @ 13
Event: 1.110 Thread 0x00007f75b000a000 Uncommon trap: reason=predicate action=maybe_recompile pc=0x00007f75a140e7dc method=com.android.dex.Leb128.readUnsignedLeb128(Lcom/android/dex/util/ByteInput;)I @ 41
Event: 1.119 Thread 0x00007f75b000a000 Uncommon trap: reason=unstable_if action=reinterpret pc=0x00007f75a132699c method=java.util.HashMap.getNode(ILjava/lang/Object;)Ljava/util/HashMap$Node; @ 84
Event: 1.119 Thread 0x00007f75b000a000 Uncommon trap: reason=unstable_if action=reinterpret pc=0x00007f75a1410a54 method=com.android.dx.merge.IndexMap.adjustString(I)I @ 2

Internal exceptions (6 events):
Event: 0.184 Thread 0x00007f75b000a000 Exception <a 'java/lang/NoSuchMethodError': Method sun.misc.Unsafe.defineClass(Ljava/lang/String;[BII)Ljava/lang/Class; name or signature does not match> (0x00000000eab12a38) thrown at [/RE-WORK/workspace/8-2-build-linux-amd64/jdk8u45/3457/hotspot/src/sha
Event: 0.184 Thread 0x00007f75b000a000 Exception <a 'java/lang/NoSuchMethodError': Method sun.misc.Unsafe.prefetchRead(Ljava/lang/Object;J)V name or signature does not match> (0x00000000eab12cc8) thrown at [/RE-WORK/workspace/8-2-build-linux-amd64/jdk8u45/3457/hotspot/src/share/vm/prims/jni.cp
Event: 1.050 Thread 0x00007f75b000a000 Exception <a 'java/security/PrivilegedActionException'> (0x00000000eb20aba8) thrown at [/RE-WORK/workspace/8-2-build-linux-amd64/jdk8u45/3457/hotspot/src/share/vm/prims/jvm.cpp, line 1382]
Event: 1.050 Thread 0x00007f75b000a000 Exception <a 'java/security/PrivilegedActionException'> (0x00000000eb20aef0) thrown at [/RE-WORK/workspace/8-2-build-linux-amd64/jdk8u45/3457/hotspot/src/share/vm/prims/jvm.cpp, line 1382]
Event: 1.050 Thread 0x00007f75b000a000 Exception <a 'java/security/PrivilegedActionException'> (0x00000000eb20d3a0) thrown at [/RE-WORK/workspace/8-2-build-linux-amd64/jdk8u45/3457/hotspot/src/share/vm/prims/jvm.cpp, line 1382]
Event: 1.050 Thread 0x00007f75b000a000 Exception <a 'java/security/PrivilegedActionException'> (0x00000000eb20d6e8) thrown at [/RE-WORK/workspace/8-2-build-linux-amd64/jdk8u45/3457/hotspot/src/share/vm/prims/jvm.cpp, line 1382]

Events (10 events):
Event: 1.317 Thread 0x00007f75b000a000 DEOPT UNPACKING pc=0x00007f75a1047233 sp=0x00007f75b9466f70 mode 0
Event: 1.320 Thread 0x00007f75b000a000 DEOPT PACKING pc=0x00007f75a144ba8e sp=0x00007f75b9467230
Event: 1.320 Thread 0x00007f75b000a000 DEOPT UNPACKING pc=0x00007f75a1047233 sp=0x00007f75b9466f70 mode 0
Event: 1.365 Thread 0x00007f75b000a000 DEOPT PACKING pc=0x00007f75a144ba8e sp=0x00007f75b9467230
Event: 1.365 Thread 0x00007f75b000a000 DEOPT UNPACKING pc=0x00007f75a1047233 sp=0x00007f75b9466f70 mode 0
Event: 1.367 Thread 0x00007f75b000a000 DEOPT PACKING pc=0x00007f75a144ba8e sp=0x00007f75b9467230
Event: 1.367 Thread 0x00007f75b000a000 DEOPT UNPACKING pc=0x00007f75a1047233 sp=0x00007f75b9466f70 mode 0
Event: 1.369 Thread 0x00007f75b000a000 DEOPT PACKING pc=0x00007f75a144ba8e sp=0x00007f75b9467230
Event: 1.369 Thread 0x00007f75b000a000 DEOPT UNPACKING pc=0x00007f75a1047233 sp=0x00007f75b9466f70 mode 0
Event: 1.370 Executing VM operation: ParallelGCFailedAllocation


Dynamic libraries:
00400000-00401000 r-xp 00000000 08:03 1572315                            /opt/java/jdk1.8.0_45/bin/java
00600000-00601000 rw-p 00000000 08:03 1572315                            /opt/java/jdk1.8.0_45/bin/java
00dfd000-00e1e000 rw-p 00000000 00:00 0                                  [heap]
c0000000-c2980000 rw-p 00000000 00:00 0 
c2980000-eab00000 ---p 00000000 00:00 0 
eab00000-ecf00000 rw-p 00000000 00:00 0 
eee00000-100000000 ---p 00000000 00:00 0 
100000000-1000c0000 rw-p 00000000 00:00 0 
1000c0000-140000000 ---p 00000000 00:00 0 
7f7564000000-7f7564021000 rw-p 00000000 00:00 0 
7f7564021000-7f7568000000 ---p 00000000 00:00 0 
7f7568000000-7f7568021000 rw-p 00000000 00:00 0 
7f7568021000-7f756c000000 ---p 00000000 00:00 0 
7f756c000000-7f756c4e2000 rw-p 00000000 00:00 0 
7f756c4e2000-7f7570000000 ---p 00000000 00:00 0 
7f7570000000-7f75704eb000 rw-p 00000000 00:00 0 
7f75704eb000-7f7574000000 ---p 00000000 00:00 0 
7f7574000000-7f7574021000 rw-p 00000000 00:00 0 
7f7574021000-7f7578000000 ---p 00000000 00:00 0 
7f7578000000-7f7578500000 rw-p 00000000 00:00 0 
7f7578500000-7f757c000000 ---p 00000000 00:00 0 
7f757c000000-7f757c021000 rw-p 00000000 00:00 0 
7f757c021000-7f7580000000 ---p 00000000 00:00 0 
7f7580000000-7f7580021000 rw-p 00000000 00:00 0 
7f7580021000-7f7584000000 ---p 00000000 00:00 0 
7f7584000000-7f7584021000 rw-p 00000000 00:00 0 
7f7584021000-7f7588000000 ---p 00000000 00:00 0 
7f7588000000-7f758828a000 rw-p 00000000 00:00 0 
7f758828a000-7f758c000000 ---p 00000000 00:00 0 
7f758c000000-7f758c021000 rw-p 00000000 00:00 0 
7f758c021000-7f7590000000 ---p 00000000 00:00 0 
7f7594000000-7f7594021000 rw-p 00000000 00:00 0 
7f7594021000-7f7598000000 ---p 00000000 00:00 0 
7f759a000000-7f759c000000 rw-p 00000000 00:00 0 
7f759c000000-7f759c021000 rw-p 00000000 00:00 0 
7f759c021000-7f75a0000000 ---p 00000000 00:00 0 
7f75a012b000-7f75a012c000 ---p 00000000 00:00 0 
7f75a012c000-7f75a022c000 rw-p 00000000 00:00 0                          [stack:23841]
7f75a022c000-7f75a022f000 ---p 00000000 00:00 0 
7f75a022f000-7f75a032d000 rw-p 00000000 00:00 0                          [stack:23840]
7f75a032d000-7f75a0330000 ---p 00000000 00:00 0 
7f75a0330000-7f75a042e000 rw-p 00000000 00:00 0                          [stack:23839]
7f75a042e000-7f75a0431000 ---p 00000000 00:00 0 
7f75a0431000-7f75a052f000 rw-p 00000000 00:00 0                          [stack:23838]
7f75a052f000-7f75a0532000 ---p 00000000 00:00 0 
7f75a0532000-7f75a0630000 rw-p 00000000 00:00 0                          [stack:23837]
7f75a0630000-7f75a0633000 ---p 00000000 00:00 0 
7f75a0633000-7f75a0731000 rw-p 00000000 00:00 0                          [stack:23836]
7f75a0731000-7f75a09fa000 r--p 00000000 08:03 266989                     /usr/lib/locale/locale-archive
7f75a09fa000-7f75a09fd000 ---p 00000000 00:00 0 
7f75a09fd000-7f75a0afb000 rw-p 00000000 00:00 0                          [stack:23835]
7f75a0afb000-7f75a0afe000 ---p 00000000 00:00 0 
7f75a0afe000-7f75a0bfc000 rw-p 00000000 00:00 0                          [stack:23834]
7f75a0bfc000-7f75a0bfd000 ---p 00000000 00:00 0 
7f75a0bfd000-7f75a1000000 rw-p 00000000 00:00 0                          [stack:23833]
7f75a1000000-7f75a14f0000 rwxp 00000000 00:00 0 
7f75a14f0000-7f75b0000000 ---p 00000000 00:00 0 
7f75b0000000-7f75b03a0000 rw-p 00000000 00:00 0 
7f75b03a0000-7f75b4000000 ---p 00000000 00:00 0 
7f75b40b7000-7f75b40c2000 r--s 00116000 08:03 1574017                    /opt/java/jdk1.8.0_45/jre/lib/ext/localedata.jar
7f75b40c2000-7f75b40de000 r--s 00393000 08:03 1574015                    /opt/java/jdk1.8.0_45/jre/lib/ext/cldrdata.jar
7f75b40de000-7f75b40ed000 r--s 000dd000 00:1a 9438599                    /home/mike/Android/Sdk/build-tools/22.0.1/lib/dx.jar
7f75b40ed000-7f75b4d9e000 rw-p 00000000 00:00 0 
7f75b4d9e000-7f75b4f77000 r--s 03d09000 08:03 1573810                    /opt/java/jdk1.8.0_45/jre/lib/rt.jar
7f75b4f77000-7f75b56ad000 rw-p 00000000 00:00 0 
7f75b56ad000-7f75b57ed000 ---p 00000000 00:00 0 
7f75b57ed000-7f75b59ed000 rw-p 00000000 00:00 0 
7f75b59ed000-7f75b59ee000 ---p 00000000 00:00 0 
7f75b59ee000-7f75b5aee000 rw-p 00000000 00:00 0                          [stack:23832]
7f75b5aee000-7f75b5aef000 ---p 00000000 00:00 0 
7f75b5aef000-7f75b5bef000 rw-p 00000000 00:00 0                          [stack:23831]
7f75b5bef000-7f75b5bf0000 ---p 00000000 00:00 0 
7f75b5bf0000-7f75b5cf0000 rw-p 00000000 00:00 0                          [stack:23830]
7f75b5cf0000-7f75b5cf1000 ---p 00000000 00:00 0 
7f75b5cf1000-7f75b5e06000 rw-p 00000000 00:00 0                          [stack:23829]
7f75b5e06000-7f75b5f47000 ---p 00000000 00:00 0 
7f75b5f47000-7f75b5f5c000 rw-p 00000000 00:00 0 
7f75b5f5c000-7f75b609c000 ---p 00000000 00:00 0 
7f75b609c000-7f75b60af000 rw-p 00000000 00:00 0 
7f75b60af000-7f75b6147000 ---p 00000000 00:00 0 
7f75b6147000-7f75b615c000 rw-p 00000000 00:00 0 
7f75b615c000-7f75b6508000 ---p 00000000 00:00 0 
7f75b6508000-7f75b6522000 r-xp 00000000 08:03 1574049                    /opt/java/jdk1.8.0_45/jre/lib/amd64/libzip.so
7f75b6522000-7f75b6722000 ---p 0001a000 08:03 1574049                    /opt/java/jdk1.8.0_45/jre/lib/amd64/libzip.so
7f75b6722000-7f75b6723000 rw-p 0001a000 08:03 1574049                    /opt/java/jdk1.8.0_45/jre/lib/amd64/libzip.so
7f75b6723000-7f75b672e000 r-xp 00000000 08:03 131807                     /lib/x86_64-linux-gnu/libnss_files-2.19.so
7f75b672e000-7f75b692d000 ---p 0000b000 08:03 131807                     /lib/x86_64-linux-gnu/libnss_files-2.19.so
7f75b692d000-7f75b692e000 r--p 0000a000 08:03 131807                     /lib/x86_64-linux-gnu/libnss_files-2.19.so
7f75b692e000-7f75b692f000 rw-p 0000b000 08:03 131807                     /lib/x86_64-linux-gnu/libnss_files-2.19.so
7f75b692f000-7f75b693a000 r-xp 00000000 08:03 131871                     /lib/x86_64-linux-gnu/libnss_nis-2.19.so
7f75b693a000-7f75b6b39000 ---p 0000b000 08:03 131871                     /lib/x86_64-linux-gnu/libnss_nis-2.19.so
7f75b6b39000-7f75b6b3a000 r--p 0000a000 08:03 131871                     /lib/x86_64-linux-gnu/libnss_nis-2.19.so
7f75b6b3a000-7f75b6b3b000 rw-p 0000b000 08:03 131871                     /lib/x86_64-linux-gnu/libnss_nis-2.19.so
7f75b6b3b000-7f75b6b52000 r-xp 00000000 08:03 131829                     /lib/x86_64-linux-gnu/libnsl-2.19.so
7f75b6b52000-7f75b6d51000 ---p 00017000 08:03 131829                     /lib/x86_64-linux-gnu/libnsl-2.19.so
7f75b6d51000-7f75b6d52000 r--p 00016000 08:03 131829                     /lib/x86_64-linux-gnu/libnsl-2.19.so
7f75b6d52000-7f75b6d53000 rw-p 00017000 08:03 131829                     /lib/x86_64-linux-gnu/libnsl-2.19.so
7f75b6d53000-7f75b6d55000 rw-p 00000000 00:00 0 
7f75b6d55000-7f75b6d5e000 r-xp 00000000 08:03 131828                     /lib/x86_64-linux-gnu/libnss_compat-2.19.so
7f75b6d5e000-7f75b6f5d000 ---p 00009000 08:03 131828                     /lib/x86_64-linux-gnu/libnss_compat-2.19.so
7f75b6f5d000-7f75b6f5e000 r--p 00008000 08:03 131828                     /lib/x86_64-linux-gnu/libnss_compat-2.19.so
7f75b6f5e000-7f75b6f5f000 rw-p 00009000 08:03 131828                     /lib/x86_64-linux-gnu/libnss_compat-2.19.so
7f75b6f5f000-7f75b6f89000 r-xp 00000000 08:03 1574040                    /opt/java/jdk1.8.0_45/jre/lib/amd64/libjava.so
7f75b6f89000-7f75b7189000 ---p 0002a000 08:03 1574040                    /opt/java/jdk1.8.0_45/jre/lib/amd64/libjava.so
7f75b7189000-7f75b718b000 rw-p 0002a000 08:03 1574040                    /opt/java/jdk1.8.0_45/jre/lib/amd64/libjava.so
7f75b718b000-7f75b7198000 r-xp 00000000 08:03 1574047                    /opt/java/jdk1.8.0_45/jre/lib/amd64/libverify.so
7f75b7198000-7f75b7398000 ---p 0000d000 08:03 1574047                    /opt/java/jdk1.8.0_45/jre/lib/amd64/libverify.so
7f75b7398000-7f75b739a000 rw-p 0000d000 08:03 1574047                    /opt/java/jdk1.8.0_45/jre/lib/amd64/libverify.so
7f75b739a000-7f75b73a1000 r-xp 00000000 08:03 131868                     /lib/x86_64-linux-gnu/librt-2.19.so
7f75b73a1000-7f75b75a0000 ---p 00007000 08:03 131868                     /lib/x86_64-linux-gnu/librt-2.19.so
7f75b75a0000-7f75b75a1000 r--p 00006000 08:03 131868                     /lib/x86_64-linux-gnu/librt-2.19.so
7f75b75a1000-7f75b75a2000 rw-p 00007000 08:03 131868                     /lib/x86_64-linux-gnu/librt-2.19.so
7f75b75a2000-7f75b76a7000 r-xp 00000000 08:03 131806                     /lib/x86_64-linux-gnu/libm-2.19.so
7f75b76a7000-7f75b78a6000 ---p 00105000 08:03 131806                     /lib/x86_64-linux-gnu/libm-2.19.so
7f75b78a6000-7f75b78a7000 r--p 00104000 08:03 131806                     /lib/x86_64-linux-gnu/libm-2.19.so
7f75b78a7000-7f75b78a8000 rw-p 00105000 08:03 131806                     /lib/x86_64-linux-gnu/libm-2.19.so
7f75b78a8000-7f75b8556000 r-xp 00000000 08:03 1574060                    /opt/java/jdk1.8.0_45/jre/lib/amd64/server/libjvm.so
7f75b8556000-7f75b8755000 ---p 00cae000 08:03 1574060                    /opt/java/jdk1.8.0_45/jre/lib/amd64/server/libjvm.so
7f75b8755000-7f75b882c000 rw-p 00cad000 08:03 1574060                    /opt/java/jdk1.8.0_45/jre/lib/amd64/server/libjvm.so
7f75b882c000-7f75b8870000 rw-p 00000000 00:00 0 
7f75b8870000-7f75b8a2b000 r-xp 00000000 08:03 131857                     /lib/x86_64-linux-gnu/libc-2.19.so
7f75b8a2b000-7f75b8c2a000 ---p 001bb000 08:03 131857                     /lib/x86_64-linux-gnu/libc-2.19.so
7f75b8c2a000-7f75b8c2e000 r--p 001ba000 08:03 131857                     /lib/x86_64-linux-gnu/libc-2.19.so
7f75b8c2e000-7f75b8c30000 rw-p 001be000 08:03 131857                     /lib/x86_64-linux-gnu/libc-2.19.so
7f75b8c30000-7f75b8c35000 rw-p 00000000 00:00 0 
7f75b8c35000-7f75b8c38000 r-xp 00000000 08:03 131810                     /lib/x86_64-linux-gnu/libdl-2.19.so
7f75b8c38000-7f75b8e37000 ---p 00003000 08:03 131810                     /lib/x86_64-linux-gnu/libdl-2.19.so
7f75b8e37000-7f75b8e38000 r--p 00002000 08:03 131810                     /lib/x86_64-linux-gnu/libdl-2.19.so
7f75b8e38000-7f75b8e39000 rw-p 00003000 08:03 131810                     /lib/x86_64-linux-gnu/libdl-2.19.so
7f75b8e39000-7f75b8e4e000 r-xp 00000000 08:03 1573749                    /opt/java/jdk1.8.0_45/lib/amd64/jli/libjli.so
7f75b8e4e000-7f75b904e000 ---p 00015000 08:03 1573749                    /opt/java/jdk1.8.0_45/lib/amd64/jli/libjli.so
7f75b904e000-7f75b904f000 rw-p 00015000 08:03 1573749                    /opt/java/jdk1.8.0_45/lib/amd64/jli/libjli.so
7f75b904f000-7f75b9068000 r-xp 00000000 08:03 131858                     /lib/x86_64-linux-gnu/libpthread-2.19.so
7f75b9068000-7f75b9267000 ---p 00019000 08:03 131858                     /lib/x86_64-linux-gnu/libpthread-2.19.so
7f75b9267000-7f75b9268000 r--p 00018000 08:03 131858                     /lib/x86_64-linux-gnu/libpthread-2.19.so
7f75b9268000-7f75b9269000 rw-p 00019000 08:03 131858                     /lib/x86_64-linux-gnu/libpthread-2.19.so
7f75b9269000-7f75b926d000 rw-p 00000000 00:00 0 
7f75b926d000-7f75b9290000 r-xp 00000000 08:03 131833                     /lib/x86_64-linux-gnu/ld-2.19.so
7f75b9291000-7f75b9296000 r--s 00094000 08:03 1573828                    /opt/java/jdk1.8.0_45/jre/lib/jsse.jar
7f75b9296000-7f75b9368000 rw-p 00000000 00:00 0 
7f75b9368000-7f75b936b000 ---p 00000000 00:00 0 
7f75b936b000-7f75b946e000 rw-p 00000000 00:00 0                          [stack:23828]
7f75b946e000-7f75b946f000 r--p 00000000 08:03 672594                     /usr/share/locale-langpack/en_GB/LC_MESSAGES/libc.mo
7f75b946f000-7f75b9483000 rw-p 00000000 00:00 0 
7f75b9483000-7f75b948b000 rw-s 00000000 08:03 1574112                    /tmp/hsperfdata_mike/23823
7f75b948b000-7f75b948c000 rw-p 00000000 00:00 0 
7f75b948c000-7f75b948d000 ---p 00000000 00:00 0 
7f75b948d000-7f75b948f000 rw-p 00000000 00:00 0 
7f75b948f000-7f75b9490000 r--p 00022000 08:03 131833                     /lib/x86_64-linux-gnu/ld-2.19.so
7f75b9490000-7f75b9491000 rw-p 00023000 08:03 131833                     /lib/x86_64-linux-gnu/ld-2.19.so
7f75b9491000-7f75b9492000 rw-p 00000000 00:00 0 
7fffeae3d000-7fffeae5f000 rw-p 00000000 00:00 0                          [stack]
7fffeae9b000-7fffeae9d000 r-xp 00000000 00:00 0                          [vdso]
ffffffffff600000-ffffffffff601000 r-xp 00000000 00:00 0                  [vsyscall]

VM Arguments:
jvm_args: -Xmx1024M -Dfile.encoding=UTF-8 -Duser.country=GB -Duser.language=en -Duser.variant 
java_command: com.android.dx.command.Main --dex --output /home/mike/AndroidStudioProjects/JumbleWords/app/build/intermediates/dex/debug /home/mike/AndroidStudioProjects/JumbleWords/app/build/intermediates/classes/debug /home/mike/AndroidStudioProjects/JumbleWords/app/build/intermediates/pre-dexed/debug/support-annotations-22.2.0-bfa71d602cc0e11fce5350ed544c9f5e4d4a05e4.jar /home/mike/AndroidStudioProjects/JumbleWords/app/build/intermediates/pre-dexed/debug/internal_impl-22.2.0-4e384c9fa3f70d5b887f79474a70d565374e492b.jar /home/mike/AndroidStudioProjects/JumbleWords/app/build/intermediates/pre-dexed/debug/classes-c725f4d3693b5721f9f0f0cef61e13d4dd44efcc.jar /home/mike/AndroidStudioProjects/JumbleWords/app/build/intermediates/pre-dexed/debug/classes-b50f961f75b442eaad78f4427186c2f72ac76cc9.jar
java_class_path (initial): /home/mike/Android/Sdk/build-tools/22.0.1/lib/dx.jar
Launcher Type: SUN_STANDARD

Environment Variables:
PATH=/usr/local/sbin:/usr/local/bin:/usr/sbin:/usr/bin:/sbin:/bin:/usr/games:/usr/local/games
USERNAME=mike
LD_LIBRARY_PATH=/opt/android-studio/bin:
SHELL=/bin/bash
DISPLAY=:0

Signal Handlers:
SIGSEGV: [libjvm.so+0xaad1e0], sa_mask[0]=11111111011111111101111111111110, sa_flags=SA_RESTART|SA_SIGINFO
SIGBUS: [libjvm.so+0xaad1e0], sa_mask[0]=11111111011111111101111111111110, sa_flags=SA_RESTART|SA_SIGINFO
SIGFPE: [libjvm.so+0x90b450], sa_mask[0]=11111111011111111101111111111110, sa_flags=SA_RESTART|SA_SIGINFO
SIGPIPE: [libjvm.so+0x90b450], sa_mask[0]=11111111011111111101111111111110, sa_flags=SA_RESTART|SA_SIGINFO
SIGXFSZ: [libjvm.so+0x90b450], sa_mask[0]=11111111011111111101111111111110, sa_flags=SA_RESTART|SA_SIGINFO
SIGILL: [libjvm.so+0x90b450], sa_mask[0]=11111111011111111101111111111110, sa_flags=SA_RESTART|SA_SIGINFO
SIGUSR1: SIG_DFL, sa_mask[0]=00000000000000000000000000000000, sa_flags=none
SIGUSR2: [libjvm.so+0x90ca90], sa_mask[0]=00100000000000000000000000000000, sa_flags=SA_RESTART|SA_SIGINFO
SIGHUP: [libjvm.so+0x90dde0], sa_mask[0]=11111111011111111101111111111110, sa_flags=SA_RESTART|SA_SIGINFO
SIGINT: [libjvm.so+0x90dde0], sa_mask[0]=11111111011111111101111111111110, sa_flags=SA_RESTART|SA_SIGINFO
SIGTERM: [libjvm.so+0x90dde0], sa_mask[0]=11111111011111111101111111111110, sa_flags=SA_RESTART|SA_SIGINFO
SIGQUIT: [libjvm.so+0x90dde0], sa_mask[0]=11111111011111111101111111111110, sa_flags=SA_RESTART|SA_SIGINFO


---------------  S Y S T E M  ---------------

OS:DISTRIB_ID=LinuxMint
DISTRIB_RELEASE=17.2
DISTRIB_CODENAME=rafaela
DISTRIB_DESCRIPTION="Linux Mint 17.2 Rafaela"

uname:Linux 3.13.0-37-generic #64-Ubuntu SMP Mon Sep 22 21:28:38 UTC 2014 x86_64
libc:glibc 2.19 NPTL 2.19 
rlimit: STACK 8192k, CORE 0k, NPROC 30882, NOFILE 4096, AS infinity
load average:1.17 1.23 1.27

/proc/meminfo:
MemTotal:        4048044 kB
MemFree:          120344 kB
Buffers:             460 kB
Cached:           112544 kB
SwapCached:            0 kB
Active:          3382852 kB
Inactive:         106384 kB
Active(anon):    3379084 kB
Inactive(anon):    99892 kB
Active(file):       3768 kB
Inactive(file):     6492 kB
Unevictable:          88 kB
Mlocked:              88 kB
SwapTotal:             0 kB
SwapFree:              0 kB
Dirty:               100 kB
Writeback:             0 kB
AnonPages:       3376416 kB
Mapped:           267176 kB
Shmem:            102648 kB
Slab:              66412 kB
SReclaimable:      24904 kB
SUnreclaim:        41508 kB
KernelStack:        5400 kB
PageTables:        40752 kB
NFS_Unstable:          0 kB
Bounce:                0 kB
WritebackTmp:          0 kB
CommitLimit:     2024020 kB
Committed_AS:    6936380 kB
VmallocTotal:   34359738367 kB
VmallocUsed:      305744 kB
VmallocChunk:   34359429372 kB
HardwareCorrupted:     0 kB
AnonHugePages:   1040384 kB
HugePages_Total:       0
HugePages_Free:        0
HugePages_Rsvd:        0
HugePages_Surp:        0
Hugepagesize:       2048 kB
DirectMap4k:      280128 kB
DirectMap2M:     3913728 kB
DirectMap1G:           0 kB


CPU:total 4 (4 cores per cpu, 1 threads per core) family 16 model 4 stepping 2, cmov, cx8, fxsr, mmx, sse, sse2, sse3, popcnt, mmxext, 3dnowpref, lzcnt, sse4a, tsc, tscinvbit, tscinv

/proc/cpuinfo:
processor	: 0
vendor_id	: AuthenticAMD
cpu family	: 16
model		: 4
model name	: AMD Phenom(tm) II X4 955 Processor
stepping	: 2
microcode	: 0x1000086
cpu MHz		: 800.000
cache size	: 512 KB
physical id	: 0
siblings	: 4
core id		: 0
cpu cores	: 4
apicid		: 0
initial apicid	: 0
fpu		: yes
fpu_exception	: yes
cpuid level	: 5
wp		: yes
flags		: fpu vme de pse tsc msr pae mce cx8 apic sep mtrr pge mca cmov pat pse36 clflush mmx fxsr sse sse2 ht syscall nx mmxext fxsr_opt pdpe1gb rdtscp lm 3dnowext 3dnow constant_tsc rep_good nopl nonstop_tsc extd_apicid pni monitor cx16 popcnt lahf_lm cmp_legacy svm extapic cr8_legacy abm sse4a misalignsse 3dnowprefetch osvw ibs skinit wdt hw_pstate npt lbrv svm_lock nrip_save
bogomips	: 6399.67
TLB size	: 1024 4K pages
clflush size	: 64
cache_alignment	: 64
address sizes	: 48 bits physical, 48 bits virtual
power management: ts ttp tm stc 100mhzsteps hwpstate

processor	: 1
vendor_id	: AuthenticAMD
cpu family	: 16
model		: 4
model name	: AMD Phenom(tm) II X4 955 Processor
stepping	: 2
microcode	: 0x1000086
cpu MHz		: 800.000
cache size	: 512 KB
physical id	: 0
siblings	: 4
core id		: 1
cpu cores	: 4
apicid		: 1
initial apicid	: 1
fpu		: yes
fpu_exception	: yes
cpuid level	: 5
wp		: yes
flags		: fpu vme de pse tsc msr pae mce cx8 apic sep mtrr pge mca cmov pat pse36 clflush mmx fxsr sse sse2 ht syscall nx mmxext fxsr_opt pdpe1gb rdtscp lm 3dnowext 3dnow constant_tsc rep_good nopl nonstop_tsc extd_apicid pni monitor cx16 popcnt lahf_lm cmp_legacy svm extapic cr8_legacy abm sse4a misalignsse 3dnowprefetch osvw ibs skinit wdt hw_pstate npt lbrv svm_lock nrip_save
bogomips	: 6399.67
TLB size	: 1024 4K pages
clflush size	: 64
cache_alignment	: 64
address sizes	: 48 bits physical, 48 bits virtual
power management: ts ttp tm stc 100mhzsteps hwpstate

processor	: 2
vendor_id	: AuthenticAMD
cpu family	: 16
model		: 4
model name	: AMD Phenom(tm) II X4 955 Processor
stepping	: 2
microcode	: 0x1000086
cpu MHz		: 800.000
cache size	: 512 KB
physical id	: 0
siblings	: 4
core id		: 2
cpu cores	: 4
apicid		: 2
initial apicid	: 2
fpu		: yes
fpu_exception	: yes
cpuid level	: 5
wp		: yes
flags		: fpu vme de pse tsc msr pae mce cx8 apic sep mtrr pge mca cmov pat pse36 clflush mmx fxsr sse sse2 ht syscall nx mmxext fxsr_opt pdpe1gb rdtscp lm 3dnowext 3dnow constant_tsc rep_good nopl nonstop_tsc extd_apicid pni monitor cx16 popcnt lahf_lm cmp_legacy svm extapic cr8_legacy abm sse4a misalignsse 3dnowprefetch osvw ibs skinit wdt hw_pstate npt lbrv svm_lock nrip_save
bogomips	: 6399.67
TLB size	: 1024 4K pages
clflush size	: 64
cache_alignment	: 64
address sizes	: 48 bits physical, 48 bits virtual
power management: ts ttp tm stc 100mhzsteps hwpstate

processor	: 3
vendor_id	: AuthenticAMD
cpu family	: 16
model		: 4
model name	: AMD Phenom(tm) II X4 955 Processor
stepping	: 2
microcode	: 0x1000086
cpu MHz		: 2100.000
cache size	: 512 KB
physical id	: 0
siblings	: 4
core id		: 3
cpu cores	: 4
apicid		: 3
initial apicid	: 3
fpu		: yes
fpu_exception	: yes
cpuid level	: 5
wp		: yes
flags		: fpu vme de pse tsc msr pae mce cx8 apic sep mtrr pge mca cmov pat pse36 clflush mmx fxsr sse sse2 ht syscall nx mmxext fxsr_opt pdpe1gb rdtscp lm 3dnowext 3dnow constant_tsc rep_good nopl nonstop_tsc extd_apicid pni monitor cx16 popcnt lahf_lm cmp_legacy svm extapic cr8_legacy abm sse4a misalignsse 3dnowprefetch osvw ibs skinit wdt hw_pstate npt lbrv svm_lock nrip_save
bogomips	: 6399.67
TLB size	: 1024 4K pages
clflush size	: 64
cache_alignment	: 64
address sizes	: 48 bits physical, 48 bits virtual
power management: ts ttp tm stc 100mhzsteps hwpstate



Memory: 4k page, physical 4048044k(118856k free), swap 0k(0k free)

vm_info: Java HotSpot(TM) 64-Bit Server VM (25.45-b02) for linux-amd64 JRE (1.8.0_45-b14), built on Apr 10 2015 10:07:45 by "java_re" with gcc 4.3.0 20080428 (Red Hat 4.3.0-8)

time: Sun Jul 19 21:16:09 2015
elapsed time: 2 seconds (0d 0h 0m 2s)

